INFO: [SIM 2] *************** CSIM start ***************
INFO: [SIM 4] CSIM will launch GCC as the compiler.
   Compiling ../../../src/main.cxx in debug mode
   Compiling ../../../src/debug.cxx in debug mode
   Compiling ../../../src/parser.cxx in debug mode
   Generating csim.exe
CONSTANTS:
MAX_NUM_POINTS: 1024
MAX_LINE_LENGTH: 65536
layer: 4, radius: 20, angle: 0.035998, z: 22.747600
layer: 4, radius: 20, angle: 0.029062, z: 39.096600
layer: 4, radius: 20, angle: 0.044743, z: 55.344900
layer: 4, radius: 20, angle: 0.042727, z: 71.646100
layer: 2, radius: 10, angle: 0.005927, z: 13.002800
layer: 3, radius: 15, angle: 0.022570, z: -23.951300
layer: 1, radius: 5, angle: 0.048226, z: 5.797130
layer: 5, radius: 25, angle: 0.004725, z: -62.044600
layer: 5, radius: 25, angle: 0.009300, z: -77.487400
layer: 4, radius: 20, angle: 0.042606, z: -37.314300
layer: 1, radius: 5, angle: 0.000795, z: -14.783300
layer: 1, radius: 5, angle: 0.039853, z: -7.457090
layer: 1, radius: 5, angle: 0.011015, z: -2.747870
layer: 5, radius: 25, angle: 0.015893, z: -62.644800
layer: 2, radius: 10, angle: 0.005832, z: 7.535950
layer: 2, radius: 10, angle: 0.001887, z: 29.280400
layer: 1, radius: 5, angle: 0.033182, z: -3.536260
layer: 5, radius: 25, angle: 0.002536, z: 93.421200
layer: 3, radius: 15, angle: 0.045616, z: 31.608900
layer: 3, radius: 15, angle: 0.026187, z: 55.996700
layer: 1, radius: 5, angle: 0.017361, z: -3.574220
layer: 2, radius: 10, angle: 0.033865, z: 33.474700
layer: 5, radius: 25, angle: 0.038112, z: -30.524000
layer: 3, radius: 15, angle: 0.039412, z: 5.547700
layer: 3, radius: 15, angle: 0.006023, z: 23.464100
layer: 3, radius: 15, angle: 0.015618, z: 58.962900
layer: 2, radius: 10, angle: 0.004834, z: 32.990400
layer: 3, radius: 15, angle: 0.036641, z: 12.494400
layer: 3, radius: 15, angle: 0.038612, z: -4.565360
layer: 1, radius: 5, angle: 0.045865, z: 6.267480
layer: 3, radius: 15, angle: 0.010383, z: 3.765700
layer: 2, radius: 10, angle: 0.004582, z: 41.551900
layer: 2, radius: 10, angle: 0.001695, z: 8.990010
layer: 3, radius: 15, angle: 0.022163, z: 34.817300
layer: 1, radius: 5, angle: 0.036993, z: 16.873300
layer: 2, radius: 10, angle: 0.034973, z: -23.267900
layer: 1, radius: 5, angle: 0.029031, z: -8.516400
layer: 1, radius: 5, angle: 0.024534, z: 13.461300
layer: 2, radius: 10, angle: 0.005645, z: 30.523700
layer: 2, radius: 10, angle: 0.027342, z: -14.615300
layer: 5, radius: 25, angle: 0.000126, z: -97.908100
layer: 1, radius: 5, angle: 0.005399, z: 7.620790
layer: 1, radius: 5, angle: 0.033264, z: -21.486900
layer: 1, radius: 5, angle: 0.015570, z: 6.086700
layer: 4, radius: 20, angle: 0.020488, z: 31.986000
layer: 4, radius: 20, angle: 0.030090, z: -34.588400
layer: 2, radius: 10, angle: 0.045033, z: -35.141300
layer: 5, radius: 25, angle: 0.044520, z: 45.929100
layer: 3, radius: 15, angle: 0.010445, z: 60.876800
layer: 3, radius: 15, angle: 0.000380, z: 51.460800
layer: 4, radius: 20, angle: 0.046302, z: 68.659500
layer: 1, radius: 5, angle: 0.037269, z: 31.871000
layer: 2, radius: 10, angle: 0.046811, z: -30.896400
layer: 2, radius: 10, angle: 0.019170, z: 8.820150
layer: 4, radius: 20, angle: 0.043340, z: 1.945130
layer: 4, radius: 20, angle: 0.044155, z: -0.558342
layer: 4, radius: 20, angle: 0.039435, z: -2.068460
layer: 4, radius: 20, angle: 0.045648, z: -3.312440
layer: 5, radius: 25, angle: 0.033336, z: -50.775500
layer: 3, radius: 15, angle: 0.020449, z: 53.684700
layer: 4, radius: 20, angle: 0.010878, z: 16.195900
layer: 3, radius: 15, angle: 0.018810, z: -45.455100
layer: 5, radius: 25, angle: 0.010586, z: -59.993000
layer: 4, radius: 20, angle: 0.008168, z: -30.396200
layer: 2, radius: 10, angle: 0.009956, z: 44.935300
layer: 5, radius: 25, angle: 0.048908, z: -76.028000
layer: 2, radius: 10, angle: 0.008989, z: -2.988540
layer: 1, radius: 5, angle: 0.032795, z: -10.465500
layer: 1, radius: 5, angle: 0.025220, z: -20.450700
layer: 1, radius: 5, angle: 0.020951, z: -30.363500
layer: 3, radius: 15, angle: 0.045369, z: 52.603600
layer: 4, radius: 20, angle: 0.023346, z: -22.317800
layer: 2, radius: 10, angle: 0.006458, z: -15.985300
layer: 2, radius: 10, angle: 0.016820, z: -18.775200
layer: 1, radius: 5, angle: 0.024617, z: -6.477550
layer: 2, radius: 10, angle: 0.004647, z: -34.477600
layer: 5, radius: 25, angle: 0.027424, z: -76.938600
layer: 5, radius: 25, angle: 0.036517, z: 54.063400
layer: 4, radius: 20, angle: 0.018621, z: -48.620700
layer: 5, radius: 25, angle: 0.025526, z: -39.836600
layer: 4, radius: 20, angle: 0.011785, z: -13.799500
layer: 1, radius: 5, angle: 0.047399, z: -20.567800
layer: 4, radius: 20, angle: 0.025869, z: 18.361800
layer: 4, radius: 20, angle: 0.008321, z: 66.507000
layer: 4, radius: 20, angle: 0.042594, z: 81.643000
layer: 5, radius: 25, angle: 0.016916, z: 21.013500
layer: 3, radius: 15, angle: 0.044461, z: -59.617300
layer: 5, radius: 25, angle: 0.044376, z: 35.264900
layer: 2, radius: 10, angle: 0.038594, z: -23.949100
layer: 2, radius: 10, angle: 0.009150, z: 1.087730
layer: 1, radius: 5, angle: 0.009472, z: -15.953100
layer: 2, radius: 10, angle: 0.026132, z: -34.661900
layer: 5, radius: 25, angle: 0.044525, z: -18.184200
layer: 3, radius: 15, angle: 0.033042, z: -37.896800
layer: 2, radius: 10, angle: 0.022765, z: 45.029200
layer: 2, radius: 10, angle: 0.034310, z: 16.420800
layer: 3, radius: 15, angle: 0.009035, z: 21.280900
layer: 3, radius: 15, angle: 0.027438, z: -50.976800
layer: 1, radius: 5, angle: 0.047105, z: 2.203320
layer: 1, radius: 5, angle: 0.023545, z: 16.015000
layer: 2, radius: 10, angle: 0.044412, z: 27.967700
layer: 4, radius: 20, angle: 0.007558, z: 40.241300
layer: 5, radius: 25, angle: 0.011107, z: -93.298700
layer: 1, radius: 5, angle: 0.045208, z: -15.874600
layer: 2, radius: 10, angle: 0.020246, z: -35.159100
layer: 5, radius: 25, angle: 0.008289, z: 72.893400
layer: 2, radius: 10, angle: 0.024742, z: 31.023300
layer: 1, radius: 5, angle: 0.047509, z: -12.510500
layer: 2, radius: 10, angle: 0.018821, z: -28.364400
layer: 3, radius: 15, angle: 0.034685, z: 1.314610
layer: 1, radius: 5, angle: 0.018617, z: -6.006090
layer: 3, radius: 15, angle: 0.038949, z: -62.699900
layer: 4, radius: 20, angle: 0.013907, z: -39.646300
layer: 3, radius: 15, angle: 0.021355, z: -64.534300
layer: 1, radius: 5, angle: 0.033651, z: -19.239900
layer: 3, radius: 15, angle: 0.011429, z: 40.955400
layer: 5, radius: 25, angle: 0.010692, z: 8.956270
layer: 5, radius: 25, angle: 0.019015, z: 45.283100
layer: 5, radius: 25, angle: 0.020441, z: 81.722900
layer: 5, radius: 25, angle: 0.042701, z: 4.852670
layer: 5, radius: 25, angle: 0.018605, z: -75.022800
layer: 1, radius: 5, angle: 0.000802, z: -6.333220
layer: 1, radius: 5, angle: 0.028848, z: -9.574560
layer: 1, radius: 5, angle: 0.043444, z: -14.332100
layer: 1, radius: 5, angle: 0.035735, z: -6.433350
layer: 4, radius: 20, angle: 0.019793, z: 56.570900
layer: 4, radius: 20, angle: 0.020266, z: 1.171760
layer: 4, radius: 20, angle: 0.030750, z: 5.436720
layer: 4, radius: 20, angle: 0.017130, z: 9.225950
layer: 4, radius: 20, angle: 0.012431, z: 12.969500
layer: 4, radius: 20, angle: 0.018910, z: 17.353700
layer: 1, radius: 5, angle: 0.000992, z: 23.317100
layer: 2, radius: 10, angle: 0.039172, z: 2.285220
layer: 4, radius: 20, angle: 0.028224, z: 30.276300
layer: 1, radius: 5, angle: 0.032070, z: -18.020600
layer: 1, radius: 5, angle: 0.028420, z: 13.004200
layer: 5, radius: 25, angle: 0.019224, z: 51.948000
layer: 4, radius: 20, angle: 0.034394, z: -51.331900
layer: 1, radius: 5, angle: 0.006245, z: 13.811500
layer: 5, radius: 25, angle: 0.017974, z: 68.631400
layer: 2, radius: 10, angle: 0.028858, z: -15.161800
layer: 5, radius: 25, angle: 0.036756, z: 50.663500
layer: 5, radius: 25, angle: 0.010794, z: -85.023600
layer: 1, radius: 5, angle: 0.024643, z: 15.213000
layer: 4, radius: 20, angle: 0.021027, z: 0.645253
layer: 4, radius: 20, angle: 0.020708, z: 39.034500
layer: 4, radius: 20, angle: 0.021937, z: 77.747300
layer: 3, radius: 15, angle: 0.017484, z: 17.938700
layer: 3, radius: 15, angle: 0.010831, z: 40.403200
layer: 4, radius: 20, angle: 0.046361, z: 62.102100
layer: 3, radius: 15, angle: 0.046700, z: 34.281800
layer: 4, radius: 20, angle: 0.004123, z: 43.912500
layer: 4, radius: 20, angle: 0.037723, z: -0.603195
layer: 2, radius: 10, angle: 0.000644, z: -4.529200
layer: 5, radius: 25, angle: 0.003871, z: 70.242200
layer: 3, radius: 15, angle: 0.045500, z: -49.835200
layer: 1, radius: 5, angle: 0.024362, z: 13.999800
layer: 1, radius: 5, angle: 0.033244, z: -4.265840
layer: 2, radius: 10, angle: 0.010607, z: 8.492000
layer: 2, radius: 10, angle: 0.006412, z: 20.863000
layer: 2, radius: 10, angle: 0.005341, z: 33.507100
layer: 2, radius: 10, angle: 0.019528, z: -16.542400
layer: 1, radius: 5, angle: 0.020373, z: -7.435160
layer: 1, radius: 5, angle: 0.002998, z: -30.932300
layer: 1, radius: 5, angle: 0.021277, z: -3.999810
layer: 1, radius: 5, angle: 0.032830, z: -15.814600
layer: 5, radius: 25, angle: 0.011429, z: -72.651400
layer: 2, radius: 10, angle: 0.033350, z: 29.015300
layer: 2, radius: 10, angle: 0.005281, z: -2.267290
layer: 3, radius: 15, angle: 0.033862, z: -1.380570
layer: 1, radius: 5, angle: 0.027145, z: -6.658500
layer: 3, radius: 15, angle: 0.027178, z: -19.828400
layer: 3, radius: 15, angle: 0.030802, z: 24.318800
layer: 1, radius: 5, angle: 0.002491, z: 13.879800
layer: 2, radius: 10, angle: 0.040558, z: -37.269000
layer: 2, radius: 10, angle: 0.023275, z: 9.529470
layer: 3, radius: 15, angle: 0.029893, z: -24.848200
layer: 3, radius: 15, angle: 0.048527, z: 31.651700
layer: 2, radius: 10, angle: 0.042278, z: 32.779400
layer: 1, radius: 5, angle: 0.041649, z: 10.324900
layer: 5, radius: 25, angle: 0.008355, z: 97.312800
layer: 2, radius: 10, angle: 0.004202, z: -34.546700
layer: 3, radius: 15, angle: 0.008853, z: 28.084600
layer: 2, radius: 10, angle: 0.018703, z: -2.091870
layer: 2, radius: 10, angle: 0.038212, z: 30.157100
layer: 5, radius: 25, angle: 0.046447, z: -83.948200
layer: 3, radius: 15, angle: 0.041514, z: 50.285600
layer: 1, radius: 5, angle: 0.015105, z: -16.495100
layer: 3, radius: 15, angle: 0.028730, z: -44.423000
layer: 5, radius: 25, angle: 0.014135, z: -94.857100
layer: 4, radius: 20, angle: 0.024865, z: 56.681900
layer: 1, radius: 5, angle: 0.031807, z: 12.687000
layer: 1, radius: 5, angle: 0.020135, z: 21.282400
layer: 5, radius: 25, angle: 0.020277, z: -94.633700
layer: 2, radius: 10, angle: 0.003666, z: -1.801750
layer: 2, radius: 10, angle: 0.022793, z: -6.320050
layer: 4, radius: 20, angle: 0.023709, z: 37.368800
layer: 4, radius: 20, angle: 0.025849, z: 1.455110
layer: 4, radius: 20, angle: 0.021868, z: 4.222120
layer: 4, radius: 20, angle: 0.041886, z: 7.569150
layer: 3, radius: 15, angle: 0.037276, z: 0.161288
layer: 3, radius: 15, angle: 0.041307, z: -31.157500
layer: 3, radius: 15, angle: 0.013978, z: -62.801600
layer: 1, radius: 5, angle: 0.016208, z: 2.397010
layer: 1, radius: 5, angle: 0.006395, z: -0.886969
layer: 4, radius: 20, angle: 0.004974, z: 31.335500
layer: 4, radius: 20, angle: 0.014958, z: -7.334860
layer: 4, radius: 20, angle: 0.004823, z: -20.757900
layer: 4, radius: 20, angle: 0.003340, z: -34.179300
layer: 4, radius: 20, angle: 0.006082, z: -47.257300
layer: 4, radius: 20, angle: 0.004753, z: -7.361890
layer: 4, radius: 20, angle: 0.009339, z: -18.957600
layer: 1, radius: 5, angle: 0.022160, z: -4.595620
layer: 1, radius: 5, angle: 0.041628, z: 4.884000
layer: 4, radius: 20, angle: 0.042276, z: 44.948400
layer: 1, radius: 5, angle: 0.003181, z: 7.446980
layer: 1, radius: 5, angle: 0.005310, z: 9.339570
layer: 2, radius: 10, angle: 0.002271, z: -12.235600
layer: 2, radius: 10, angle: 0.026241, z: -26.095300
layer: 3, radius: 15, angle: 0.020308, z: -0.393909
layer: 1, radius: 5, angle: 0.044683, z: -13.665200
layer: 5, radius: 25, angle: 0.027055, z: -4.529770
layer: 5, radius: 25, angle: 0.027527, z: -12.563500
layer: 5, radius: 25, angle: 0.017330, z: -20.822800
layer: 5, radius: 25, angle: 0.012815, z: -29.007000
layer: 5, radius: 25, angle: 0.014433, z: -37.274700
layer: 5, radius: 25, angle: 0.020798, z: -33.216100
layer: 5, radius: 25, angle: 0.003504, z: -19.229200
layer: 5, radius: 25, angle: 0.002667, z: -55.169600
layer: 2, radius: 10, angle: 0.020653, z: 37.824100
layer: 5, radius: 25, angle: 0.044329, z: -38.222700
layer: 5, radius: 25, angle: 0.047467, z: -54.901400
layer: 1, radius: 5, angle: 0.018364, z: 1.389000
layer: 5, radius: 25, angle: 0.037068, z: 60.852500
layer: 4, radius: 20, angle: 0.028185, z: -73.696200
layer: 5, radius: 25, angle: 0.005950, z: -93.408500
layer: 5, radius: 25, angle: 0.011319, z: 58.771900
layer: 5, radius: 25, angle: 0.041809, z: -21.779100
layer: 5, radius: 25, angle: 0.025815, z: 60.021200
layer: 1, radius: 5, angle: 0.004077, z: -14.125500
layer: 4, radius: 20, angle: 0.031313, z: 66.434400
layer: 2, radius: 10, angle: 0.038908, z: 22.865500
layer: 5, radius: 25, angle: 0.009789, z: -84.281900
layer: 4, radius: 20, angle: 0.040556, z: 9.888220
layer: 3, radius: 15, angle: 0.005553, z: 24.897600
layer: 1, radius: 5, angle: 0.002239, z: 0.043533
layer: 3, radius: 15, angle: 0.037999, z: 8.085410
layer: 4, radius: 20, angle: 0.025778, z: 28.986800
layer: 4, radius: 20, angle: 0.043640, z: 42.141200
layer: 4, radius: 20, angle: 0.018377, z: 73.303700
layer: 3, radius: 15, angle: 0.039112, z: 35.786900
layer: 4, radius: 20, angle: 0.008997, z: 50.799800
layer: 1, radius: 5, angle: 0.005080, z: 7.757510
layer: 1, radius: 5, angle: 0.029745, z: 1.342960
layer: 1, radius: 5, angle: 0.027978, z: 26.449500
layer: 4, radius: 20, angle: 0.014578, z: -7.884190
layer: 2, radius: 10, angle: 0.016312, z: -31.759400
layer: 4, radius: 20, angle: 0.011649, z: 42.432800
layer: 3, radius: 15, angle: 0.008387, z: 40.942700
layer: 5, radius: 25, angle: 0.003780, z: -17.029800
layer: 3, radius: 15, angle: 0.005343, z: 47.982200
layer: 4, radius: 20, angle: 0.027608, z: -28.937200
layer: 1, radius: 5, angle: 0.029239, z: 10.657800
layer: 2, radius: 10, angle: 0.035910, z: -26.794700
layer: 1, radius: 5, angle: 0.026440, z: -5.467370
layer: 3, radius: 15, angle: 0.040896, z: -58.429600
layer: 2, radius: 10, angle: 0.003692, z: 48.956300
layer: 4, radius: 20, angle: 0.017540, z: -45.655200
layer: 2, radius: 10, angle: 0.044144, z: -8.026830
layer: 4, radius: 20, angle: 0.010508, z: -18.506000
layer: 3, radius: 15, angle: 0.048021, z: 29.870200
layer: 5, radius: 25, angle: 0.028071, z: -28.559600
layer: 2, radius: 10, angle: 0.004438, z: 36.920400
layer: 5, radius: 25, angle: 0.002658, z: 16.759600
layer: 5, radius: 25, angle: 0.029967, z: -50.288600
layer: 3, radius: 15, angle: 0.018461, z: -30.551100
layer: 2, radius: 10, angle: 0.000430, z: -48.087000
layer: 3, radius: 15, angle: 0.011197, z: -43.760300
layer: 3, radius: 15, angle: 0.008855, z: -12.129600
layer: 3, radius: 15, angle: 0.017862, z: -15.087300
layer: 4, radius: 20, angle: 0.009919, z: -43.824000
layer: 2, radius: 10, angle: 0.027581, z: -26.399400
layer: 3, radius: 15, angle: 0.002723, z: -26.894200
layer: 4, radius: 20, angle: 0.000262, z: 63.390300
layer: 1, radius: 5, angle: 0.041113, z: -2.688180
layer: 5, radius: 25, angle: 0.033361, z: -2.076410
layer: 5, radius: 25, angle: 0.034416, z: -25.987000
layer: 5, radius: 25, angle: 0.033188, z: -50.228900
layer: 5, radius: 25, angle: 0.032154, z: -74.752800
layer: 5, radius: 25, angle: 0.037671, z: -99.326500
layer: 3, radius: 15, angle: 0.002530, z: 53.727600
layer: 4, radius: 20, angle: 0.005148, z: 25.260400
layer: 1, radius: 5, angle: 0.019157, z: 12.057300
layer: 4, radius: 20, angle: 0.040655, z: -19.166800
layer: 1, radius: 5, angle: 0.035949, z: -14.171700
layer: 4, radius: 20, angle: 0.042260, z: -36.933200
layer: 3, radius: 15, angle: 0.034756, z: -10.466700
layer: 4, radius: 20, angle: 0.016455, z: 4.879270
layer: 2, radius: 10, angle: 0.047928, z: -46.419000
layer: 4, radius: 20, angle: 0.047893, z: 72.038000
layer: 5, radius: 25, angle: 0.025068, z: 40.405100
layer: 3, radius: 15, angle: 0.027526, z: -54.402500
layer: 3, radius: 15, angle: 0.005736, z: -52.553800
layer: 2, radius: 10, angle: 0.030489, z: 3.427260
layer: 4, radius: 20, angle: 0.017027, z: 20.496000
layer: 2, radius: 10, angle: 0.021485, z: 38.211800
layer: 1, radius: 5, angle: 0.041505, z: 27.546900
layer: 4, radius: 20, angle: 0.024297, z: 33.797200
layer: 3, radius: 15, angle: 0.023387, z: -18.880600
layer: 4, radius: 20, angle: 0.019973, z: -49.249000
layer: 3, radius: 15, angle: 0.002756, z: -2.538490
layer: 4, radius: 20, angle: 0.010692, z: 60.648400
layer: 1, radius: 5, angle: 0.004953, z: 7.110000
layer: 2, radius: 10, angle: 0.026916, z: -33.694500
layer: 1, radius: 5, angle: 0.018532, z: 0.207336
layer: 5, radius: 25, angle: 0.040817, z: -35.452000
layer: 4, radius: 20, angle: 0.001581, z: -53.918700
INFO: [SIM 1] CSim done with 0 errors.
INFO: [SIM 3] *************** CSIM finish ***************
