

================================================================
== Vitis HLS Report for 'dataset_add_boundary_point'
================================================================
* Date:           Sun Feb 11 13:11:59 2024

* Version:        2020.2 (Build 3064766 on Wed Nov 18 09:12:45 MST 2020)
* Project:        ParticleCoverHLS
* Solution:       solution2 (Vivado IP Flow Target)
* Product family: virtexuplus
* Target device:  xcvu11p-flga2577-1-e


================================================================
== Performance Estimates
================================================================
+ Timing: 
    * Summary: 
    +--------+----------+----------+------------+
    |  Clock |  Target  | Estimated| Uncertainty|
    +--------+----------+----------+------------+
    |ap_clk  |  10.00 ns|  7.014 ns|     2.70 ns|
    +--------+----------+----------+------------+

+ Latency: 
    * Summary: 
    +---------+---------+----------+----------+-----+-----+---------+
    |  Latency (cycles) |  Latency (absolute) |  Interval | Pipeline|
    |   min   |   max   |    min   |    max   | min | max |   Type  |
    +---------+---------+----------+----------+-----+-----+---------+
    |        ?|        ?|         ?|         ?|    ?|    ?|     none|
    +---------+---------+----------+----------+-----+-----+---------+

    + Detail: 
        * Instance: 
        N/A

        * Loop: 
        +----------------------+---------+---------+----------+-----------+-----------+------+----------+
        |                      |  Latency (cycles) | Iteration|  Initiation Interval  | Trip |          |
        |       Loop Name      |   min   |   max   |  Latency |  achieved |   target  | Count| Pipelined|
        +----------------------+---------+---------+----------+-----------+-----------+------+----------+
        |- VITIS_LOOP_60_1     |        ?|        ?|         6|          2|          1|     ?|       yes|
        |- VITIS_LOOP_77_2     |        ?|        ?|         ?|          -|          -|     5|        no|
        | + VITIS_LOOP_84_3    |        ?|        ?|         ?|          -|          -|     ?|        no|
        |  ++ VITIS_LOOP_85_4  |        ?|        ?|         4|          3|          1|     ?|       yes|
        |- VITIS_LOOP_97_5     |        ?|        ?|         5|          1|          1|     ?|       yes|
        +----------------------+---------+---------+----------+-----------+-----------+------+----------+

============================================================
+ Verbose Summary: Synthesis Manager
============================================================
InlineROM: 1
ExposeGlobal: 0
============================================================
+ Verbose Summary: CDFG Model
============================================================
IsTopModel: 0
ResetActiveHigh: 1
IsCombinational: 0
IsDatapathOnly: 0
HasWiredReturn: 1
HasMFsm: 0
HasVarLatency: 1
IsPipeline: 0
IsRtlPipelined: 0
IsInstanceOverlapped: 0
IsDontTouch: 0
HasImplIP: 0
IsGatedGlobalClock: 0

+ Individual pipeline summary: 
  * Pipeline-0: initiation interval (II) = 2, depth = 6
  * Pipeline-1: initiation interval (II) = 3, depth = 4
  * Pipeline-2: initiation interval (II) = 1, depth = 5


============================================================
+ Verbose Summary: Schedule
============================================================
* Number of FSM states : 22
* Pipeline : 3
  Pipeline-0 : II = 2, D = 6, States = { 2 3 4 5 6 7 }
  Pipeline-1 : II = 3, D = 4, States = { 12 13 14 15 }
  Pipeline-2 : II = 1, D = 5, States = { 17 18 19 20 21 }
* Dataflow Pipeline: 0

* FSM state transitions: 
1 --> 2 
2 --> 8 3 
3 --> 4 
4 --> 5 
5 --> 6 
6 --> 7 
7 --> 2 
8 --> 9 
9 --> 10 17 
10 --> 11 
11 --> 12 9 
12 --> 16 13 
13 --> 14 
14 --> 15 
15 --> 12 
16 --> 11 
17 --> 22 18 
18 --> 19 
19 --> 20 
20 --> 21 
21 --> 17 
22 --> 

* FSM state operations: 

State 1 <SV = 0> <Delay = 0.46>
ST_1 : Operation 23 [1/1] (0.00ns)   --->   "%p_read_1 = read i64 @_ssdm_op_Read.ap_auto.i64, i64 %p_read" [ParticleCoverHLS/src/dataset.cxx:60]   --->   Operation 23 'read' 'p_read_1' <Predicate = true> <Delay = 0.00>
ST_1 : Operation 24 [1/1] (0.46ns)   --->   "%br_ln60 = br void" [ParticleCoverHLS/src/dataset.cxx:60]   --->   Operation 24 'br' 'br_ln60' <Predicate = true> <Delay = 0.46>

State 2 <SV = 1> <Delay = 1.36>
ST_2 : Operation 25 [1/1] (0.00ns)   --->   "%i = phi i64 0, void %.lr.ph14, i64 %i_5, void %.split6"   --->   Operation 25 'phi' 'i' <Predicate = true> <Delay = 0.00>
ST_2 : Operation 26 [1/1] (0.00ns)   --->   "%phi_mul = phi i64 0, void %.lr.ph14, i64 %add_ln63_1, void %.split6" [ParticleCoverHLS/src/dataset.cxx:63]   --->   Operation 26 'phi' 'phi_mul' <Predicate = true> <Delay = 0.00>
ST_2 : Operation 27 [1/1] (1.36ns)   --->   "%i_5 = add i64 %i, i64 1" [ParticleCoverHLS/src/dataset.cxx:64]   --->   Operation 27 'add' 'i_5' <Predicate = true> <Delay = 1.36> <CoreInst = "Adder">   --->   Core 1 'Adder' <Latency = 0> <II = 1> <Delay = 1.36> <FuncUnit> <Opcode : 'add' 'sub'> <InPorts = 2> <OutPorts = 1>
ST_2 : Operation 28 [1/1] (0.00ns)   --->   "%trunc_ln63 = trunc i64 %phi_mul" [ParticleCoverHLS/src/dataset.cxx:63]   --->   Operation 28 'trunc' 'trunc_ln63' <Predicate = true> <Delay = 0.00>
ST_2 : Operation 29 [1/1] (1.36ns)   --->   "%add_ln63_1 = add i64 %phi_mul, i64 1000" [ParticleCoverHLS/src/dataset.cxx:63]   --->   Operation 29 'add' 'add_ln63_1' <Predicate = true> <Delay = 1.36> <CoreInst = "Adder">   --->   Core 1 'Adder' <Latency = 0> <II = 1> <Delay = 1.36> <FuncUnit> <Opcode : 'add' 'sub'> <InPorts = 2> <OutPorts = 1>
ST_2 : Operation 30 [1/1] (0.00ns)   --->   "%dataset_array_phi_addr = getelementptr i64 %dataset_array_phi, i64 0, i64 %phi_mul" [ParticleCoverHLS/src/dataset.cxx:61]   --->   Operation 30 'getelementptr' 'dataset_array_phi_addr' <Predicate = true> <Delay = 0.00>
ST_2 : Operation 31 [1/1] (0.00ns)   --->   "%specpipeline_ln0 = specpipeline void @_ssdm_op_SpecPipeline, i32 4294967295, i32 0, i32 1, i32 0, void @p_str"   --->   Operation 31 'specpipeline' 'specpipeline_ln0' <Predicate = true> <Delay = 0.00>
ST_2 : Operation 32 [1/1] (1.14ns)   --->   "%icmp_ln60 = icmp_eq  i64 %i, i64 %p_read_1" [ParticleCoverHLS/src/dataset.cxx:60]   --->   Operation 32 'icmp' 'icmp_ln60' <Predicate = true> <Delay = 1.14> <CoreInst = "Cmp">   --->   Core 9 'Cmp' <Latency = 0> <II = 1> <Delay = 1.14> <FuncUnit> <Opcode : 'icmp'> <InPorts = 2> <OutPorts = 1>
ST_2 : Operation 33 [1/1] (0.00ns)   --->   "%br_ln60 = br i1 %icmp_ln60, void %.split6, void %._crit_edge15.loopexit.preheader" [ParticleCoverHLS/src/dataset.cxx:60]   --->   Operation 33 'br' 'br_ln60' <Predicate = true> <Delay = 0.00>
ST_2 : Operation 34 [2/2] (1.29ns)   --->   "%phi0 = load i13 %dataset_array_phi_addr" [ParticleCoverHLS/src/dataset.cxx:61]   --->   Operation 34 'load' 'phi0' <Predicate = (!icmp_ln60)> <Delay = 1.29> <CoreInst = "RAM">   --->   Core 83 'RAM' <Latency = 1> <II = 1> <Delay = 1.29> <Storage> <Opcode : 'load' 'store'> <Ports = 2> <Width = 64> <Depth = 5000> <RAM>
ST_2 : Operation 35 [1/1] (0.00ns)   --->   "%trunc_ln64 = trunc i64 %i" [ParticleCoverHLS/src/dataset.cxx:64]   --->   Operation 35 'trunc' 'trunc_ln64' <Predicate = (!icmp_ln60)> <Delay = 0.00>
ST_2 : Operation 36 [1/1] (0.00ns)   --->   "%dataset_env_10_addr = getelementptr i64 %dataset_env_10, i64 0, i64 %i" [ParticleCoverHLS/src/dataset.cxx:65]   --->   Operation 36 'getelementptr' 'dataset_env_10_addr' <Predicate = (!icmp_ln60)> <Delay = 0.00>
ST_2 : Operation 37 [2/2] (0.73ns)   --->   "%dataset_env_10_load = load i3 %dataset_env_10_addr" [ParticleCoverHLS/src/dataset.cxx:65]   --->   Operation 37 'load' 'dataset_env_10_load' <Predicate = (!icmp_ln60)> <Delay = 0.73> <CoreInst = "RAM">   --->   Core 83 'RAM' <Latency = 1> <II = 1> <Delay = 0.73> <Storage> <Opcode : 'load' 'store'> <Ports = 2> <Width = 64> <Depth = 5> <RAM>
ST_2 : Operation 38 [1/1] (0.00ns)   --->   "%dataset_n_points_addr = getelementptr i32 %dataset_n_points, i64 0, i64 %i" [ParticleCoverHLS/src/dataset.cxx:63]   --->   Operation 38 'getelementptr' 'dataset_n_points_addr' <Predicate = (!icmp_ln60)> <Delay = 0.00>
ST_2 : Operation 39 [2/2] (0.73ns)   --->   "%dataset_n_points_load = load i3 %dataset_n_points_addr" [ParticleCoverHLS/src/dataset.cxx:63]   --->   Operation 39 'load' 'dataset_n_points_load' <Predicate = (!icmp_ln60)> <Delay = 0.73> <CoreInst = "RAM">   --->   Core 83 'RAM' <Latency = 1> <II = 1> <Delay = 0.73> <Storage> <Opcode : 'load' 'store'> <Ports = 2> <Width = 32> <Depth = 5> <RAM>

State 3 <SV = 2> <Delay = 7.01>
ST_3 : Operation 40 [1/2] (1.29ns)   --->   "%phi0 = load i13 %dataset_array_phi_addr" [ParticleCoverHLS/src/dataset.cxx:61]   --->   Operation 40 'load' 'phi0' <Predicate = (!icmp_ln60)> <Delay = 1.29> <CoreInst = "RAM">   --->   Core 83 'RAM' <Latency = 1> <II = 1> <Delay = 1.29> <Storage> <Opcode : 'load' 'store'> <Ports = 2> <Width = 64> <Depth = 5000> <RAM>
ST_3 : Operation 41 [1/1] (1.14ns)   --->   "%add_ln64_1 = add i32 %trunc_ln64, i32 1" [ParticleCoverHLS/src/dataset.cxx:64]   --->   Operation 41 'add' 'add_ln64_1' <Predicate = (!icmp_ln60)> <Delay = 1.14> <CoreInst = "Adder">   --->   Core 1 'Adder' <Latency = 0> <II = 1> <Delay = 1.36> <FuncUnit> <Opcode : 'add' 'sub'> <InPorts = 2> <OutPorts = 1>
ST_3 : Operation 42 [1/1] (0.00ns) (grouped into LUT with out node add_ln64_2)   --->   "%shl_ln64 = shl i64 %i_5, i64 2" [ParticleCoverHLS/src/dataset.cxx:64]   --->   Operation 42 'shl' 'shl_ln64' <Predicate = (!icmp_ln60)> <Delay = 0.00>
ST_3 : Operation 43 [1/1] (1.36ns) (out node of the LUT)   --->   "%add_ln64_2 = add i64 %shl_ln64, i64 %i_5" [ParticleCoverHLS/src/dataset.cxx:64]   --->   Operation 43 'add' 'add_ln64_2' <Predicate = (!icmp_ln60)> <Delay = 1.36> <CoreInst = "Adder">   --->   Core 1 'Adder' <Latency = 0> <II = 1> <Delay = 1.36> <FuncUnit> <Opcode : 'add' 'sub'> <InPorts = 2> <OutPorts = 1>
ST_3 : Operation 44 [2/2] (5.65ns)   --->   "%conv3 = uitodp i64 %add_ln64_2" [ParticleCoverHLS/src/dataset.cxx:64]   --->   Operation 44 'uitodp' 'conv3' <Predicate = (!icmp_ln60)> <Delay = 5.65> <CoreInst = "Int2Double">   --->   Core 66 'Int2Double' <Latency = 1> <II = 1> <Delay = 5.65> <FuncUnit> <Opcode : 'sitodp' 'uitodp'> <InPorts = 1> <OutPorts = 1>
ST_3 : Operation 45 [1/2] (0.73ns)   --->   "%dataset_env_10_load = load i3 %dataset_env_10_addr" [ParticleCoverHLS/src/dataset.cxx:65]   --->   Operation 45 'load' 'dataset_env_10_load' <Predicate = (!icmp_ln60)> <Delay = 0.73> <CoreInst = "RAM">   --->   Core 83 'RAM' <Latency = 1> <II = 1> <Delay = 0.73> <Storage> <Opcode : 'load' 'store'> <Ports = 2> <Width = 64> <Depth = 5> <RAM>
ST_3 : Operation 46 [1/1] (0.00ns)   --->   "%bitcast_ln65 = bitcast i64 %dataset_env_10_load" [ParticleCoverHLS/src/dataset.cxx:65]   --->   Operation 46 'bitcast' 'bitcast_ln65' <Predicate = (!icmp_ln60)> <Delay = 0.00>
ST_3 : Operation 47 [1/1] (0.32ns)   --->   "%xor_ln65 = xor i64 %bitcast_ln65, i64 9223372036854775808" [ParticleCoverHLS/src/dataset.cxx:65]   --->   Operation 47 'xor' 'xor_ln65' <Predicate = (!icmp_ln60)> <Delay = 0.32> <CoreInst = "LogicGate">   --->   Core 74 'LogicGate' <Latency = 0> <II = 1> <Delay = 0.14> <FuncUnit> <Opcode : 'and' 'or' 'xor'> <InPorts = 2> <OutPorts = 1>
ST_3 : Operation 48 [1/1] (0.00ns)   --->   "%bitcast_ln65_1 = bitcast i64 %xor_ln65" [ParticleCoverHLS/src/dataset.cxx:65]   --->   Operation 48 'bitcast' 'bitcast_ln65_1' <Predicate = (!icmp_ln60)> <Delay = 0.00>
ST_3 : Operation 49 [4/4] (5.15ns)   --->   "%sub = dadd i64 %bitcast_ln65_1, i64 -0.0001" [ParticleCoverHLS/src/dataset.cxx:65]   --->   Operation 49 'dadd' 'sub' <Predicate = (!icmp_ln60)> <Delay = 5.15> <CoreInst = "DAddSub_fulldsp">   --->   Core 37 'DAddSub_fulldsp' <Latency = 3> <II = 1> <Delay = 5.15> <FuncUnit> <Opcode : 'dadd' 'dsub'> <InPorts = 2> <OutPorts = 1>
ST_3 : Operation 50 [1/2] (0.73ns)   --->   "%dataset_n_points_load = load i3 %dataset_n_points_addr" [ParticleCoverHLS/src/dataset.cxx:63]   --->   Operation 50 'load' 'dataset_n_points_load' <Predicate = (!icmp_ln60)> <Delay = 0.73> <CoreInst = "RAM">   --->   Core 83 'RAM' <Latency = 1> <II = 1> <Delay = 0.73> <Storage> <Opcode : 'load' 'store'> <Ports = 2> <Width = 32> <Depth = 5> <RAM>
ST_3 : Operation 51 [1/1] (0.00ns)   --->   "%trunc_ln63_1 = trunc i32 %dataset_n_points_load" [ParticleCoverHLS/src/dataset.cxx:63]   --->   Operation 51 'trunc' 'trunc_ln63_1' <Predicate = (!icmp_ln60)> <Delay = 0.00>
ST_3 : Operation 52 [1/1] (1.02ns)   --->   "%add_ln63 = add i13 %trunc_ln63, i13 %trunc_ln63_1" [ParticleCoverHLS/src/dataset.cxx:63]   --->   Operation 52 'add' 'add_ln63' <Predicate = (!icmp_ln60)> <Delay = 1.02> <CoreInst = "Adder">   --->   Core 1 'Adder' <Latency = 0> <II = 1> <Delay = 1.36> <FuncUnit> <Opcode : 'add' 'sub'> <InPorts = 2> <OutPorts = 1>
ST_3 : Operation 53 [1/1] (0.00ns)   --->   "%zext_ln63 = zext i13 %add_ln63" [ParticleCoverHLS/src/dataset.cxx:63]   --->   Operation 53 'zext' 'zext_ln63' <Predicate = (!icmp_ln60)> <Delay = 0.00>
ST_3 : Operation 54 [1/1] (0.00ns)   --->   "%dataset_array_layer_num_addr = getelementptr i32 %dataset_array_layer_num, i64 0, i64 %zext_ln63" [ParticleCoverHLS/src/dataset.cxx:63]   --->   Operation 54 'getelementptr' 'dataset_array_layer_num_addr' <Predicate = (!icmp_ln60)> <Delay = 0.00>
ST_3 : Operation 55 [1/1] (0.00ns)   --->   "%dataset_array_phi_addr_1 = getelementptr i64 %dataset_array_phi, i64 0, i64 %zext_ln63" [ParticleCoverHLS/src/dataset.cxx:63]   --->   Operation 55 'getelementptr' 'dataset_array_phi_addr_1' <Predicate = (!icmp_ln60)> <Delay = 0.00>
ST_3 : Operation 56 [1/1] (1.29ns)   --->   "%store_ln63 = store i32 %add_ln64_1, i13 %dataset_array_layer_num_addr" [ParticleCoverHLS/src/dataset.cxx:63]   --->   Operation 56 'store' 'store_ln63' <Predicate = (!icmp_ln60)> <Delay = 1.29> <CoreInst = "RAM">   --->   Core 83 'RAM' <Latency = 1> <II = 1> <Delay = 1.29> <Storage> <Opcode : 'load' 'store'> <Ports = 2> <Width = 32> <Depth = 5000> <RAM>
ST_3 : Operation 57 [1/1] (1.29ns)   --->   "%store_ln63 = store i64 %phi0, i13 %dataset_array_phi_addr_1" [ParticleCoverHLS/src/dataset.cxx:63]   --->   Operation 57 'store' 'store_ln63' <Predicate = (!icmp_ln60)> <Delay = 1.29> <CoreInst = "RAM">   --->   Core 83 'RAM' <Latency = 1> <II = 1> <Delay = 1.29> <Storage> <Opcode : 'load' 'store'> <Ports = 2> <Width = 64> <Depth = 5000> <RAM>
ST_3 : Operation 58 [1/1] (0.00ns) (grouped into TernaryAdder)   --->   "%add_ln67 = add i13 %trunc_ln63_1, i13 1" [ParticleCoverHLS/src/dataset.cxx:67]   --->   Operation 58 'add' 'add_ln67' <Predicate = (!icmp_ln60)> <Delay = 0.00> <CoreInst = "TAddSub">   --->   Core 10 'TAddSub' <Latency = 0> <II = 1> <Delay = 0.45> <IPBlock> <Opcode : 'add' 'sub'> <InPorts = 3> <OutPorts = 1> <Sync>
ST_3 : Operation 59 [1/1] (0.90ns) (root node of TernaryAdder)   --->   "%add_ln67_1 = add i13 %trunc_ln63, i13 %add_ln67" [ParticleCoverHLS/src/dataset.cxx:67]   --->   Operation 59 'add' 'add_ln67_1' <Predicate = (!icmp_ln60)> <Delay = 0.90> <CoreInst = "TAddSub">   --->   Core 10 'TAddSub' <Latency = 0> <II = 1> <Delay = 0.45> <IPBlock> <Opcode : 'add' 'sub'> <InPorts = 3> <OutPorts = 1> <Sync>
ST_3 : Operation 60 [1/1] (0.00ns)   --->   "%zext_ln67 = zext i13 %add_ln67_1" [ParticleCoverHLS/src/dataset.cxx:67]   --->   Operation 60 'zext' 'zext_ln67' <Predicate = (!icmp_ln60)> <Delay = 0.00>
ST_3 : Operation 61 [1/1] (0.00ns)   --->   "%dataset_array_layer_num_addr_1 = getelementptr i32 %dataset_array_layer_num, i64 0, i64 %zext_ln67" [ParticleCoverHLS/src/dataset.cxx:67]   --->   Operation 61 'getelementptr' 'dataset_array_layer_num_addr_1' <Predicate = (!icmp_ln60)> <Delay = 0.00>
ST_3 : Operation 62 [1/1] (0.00ns)   --->   "%dataset_array_phi_addr_2 = getelementptr i64 %dataset_array_phi, i64 0, i64 %zext_ln67" [ParticleCoverHLS/src/dataset.cxx:67]   --->   Operation 62 'getelementptr' 'dataset_array_phi_addr_2' <Predicate = (!icmp_ln60)> <Delay = 0.00>
ST_3 : Operation 63 [1/1] (1.29ns)   --->   "%store_ln67 = store i32 %add_ln64_1, i13 %dataset_array_layer_num_addr_1" [ParticleCoverHLS/src/dataset.cxx:67]   --->   Operation 63 'store' 'store_ln67' <Predicate = (!icmp_ln60)> <Delay = 1.29> <CoreInst = "RAM">   --->   Core 83 'RAM' <Latency = 1> <II = 1> <Delay = 1.29> <Storage> <Opcode : 'load' 'store'> <Ports = 2> <Width = 32> <Depth = 5000> <RAM>
ST_3 : Operation 64 [1/1] (1.29ns)   --->   "%store_ln67 = store i64 %phi0, i13 %dataset_array_phi_addr_2" [ParticleCoverHLS/src/dataset.cxx:67]   --->   Operation 64 'store' 'store_ln67' <Predicate = (!icmp_ln60)> <Delay = 1.29> <CoreInst = "RAM">   --->   Core 83 'RAM' <Latency = 1> <II = 1> <Delay = 1.29> <Storage> <Opcode : 'load' 'store'> <Ports = 2> <Width = 64> <Depth = 5000> <RAM>
ST_3 : Operation 65 [1/1] (1.14ns)   --->   "%add_ln70 = add i32 %dataset_n_points_load, i32 2" [ParticleCoverHLS/src/dataset.cxx:70]   --->   Operation 65 'add' 'add_ln70' <Predicate = (!icmp_ln60)> <Delay = 1.14> <CoreInst = "Adder">   --->   Core 1 'Adder' <Latency = 0> <II = 1> <Delay = 1.36> <FuncUnit> <Opcode : 'add' 'sub'> <InPorts = 2> <OutPorts = 1>
ST_3 : Operation 66 [1/1] (0.73ns)   --->   "%store_ln70 = store i32 %add_ln70, i3 %dataset_n_points_addr" [ParticleCoverHLS/src/dataset.cxx:70]   --->   Operation 66 'store' 'store_ln70' <Predicate = (!icmp_ln60)> <Delay = 0.73> <CoreInst = "RAM">   --->   Core 83 'RAM' <Latency = 1> <II = 1> <Delay = 0.73> <Storage> <Opcode : 'load' 'store'> <Ports = 2> <Width = 32> <Depth = 5> <RAM>

State 4 <SV = 3> <Delay = 6.94>
ST_4 : Operation 67 [1/2] (5.65ns)   --->   "%conv3 = uitodp i64 %add_ln64_2" [ParticleCoverHLS/src/dataset.cxx:64]   --->   Operation 67 'uitodp' 'conv3' <Predicate = (!icmp_ln60)> <Delay = 5.65> <CoreInst = "Int2Double">   --->   Core 66 'Int2Double' <Latency = 1> <II = 1> <Delay = 5.65> <FuncUnit> <Opcode : 'sitodp' 'uitodp'> <InPorts = 1> <OutPorts = 1>
ST_4 : Operation 68 [3/4] (5.15ns)   --->   "%sub = dadd i64 %bitcast_ln65_1, i64 -0.0001" [ParticleCoverHLS/src/dataset.cxx:65]   --->   Operation 68 'dadd' 'sub' <Predicate = (!icmp_ln60)> <Delay = 5.15> <CoreInst = "DAddSub_fulldsp">   --->   Core 37 'DAddSub_fulldsp' <Latency = 3> <II = 1> <Delay = 5.15> <FuncUnit> <Opcode : 'dadd' 'dsub'> <InPorts = 2> <OutPorts = 1>
ST_4 : Operation 69 [1/1] (0.00ns)   --->   "%dataset_array_radius_addr = getelementptr i64 %dataset_array_radius, i64 0, i64 %zext_ln63" [ParticleCoverHLS/src/dataset.cxx:63]   --->   Operation 69 'getelementptr' 'dataset_array_radius_addr' <Predicate = (!icmp_ln60)> <Delay = 0.00>
ST_4 : Operation 70 [1/1] (1.29ns)   --->   "%store_ln63 = store i64 %conv3, i13 %dataset_array_radius_addr" [ParticleCoverHLS/src/dataset.cxx:63]   --->   Operation 70 'store' 'store_ln63' <Predicate = (!icmp_ln60)> <Delay = 1.29> <CoreInst = "RAM">   --->   Core 83 'RAM' <Latency = 1> <II = 1> <Delay = 1.29> <Storage> <Opcode : 'load' 'store'> <Ports = 2> <Width = 64> <Depth = 5000> <RAM>
ST_4 : Operation 71 [4/4] (5.15ns)   --->   "%add = dadd i64 %dataset_env_10_load, i64 0.0001" [ParticleCoverHLS/src/dataset.cxx:68]   --->   Operation 71 'dadd' 'add' <Predicate = (!icmp_ln60)> <Delay = 5.15> <CoreInst = "DAddSub_fulldsp">   --->   Core 37 'DAddSub_fulldsp' <Latency = 3> <II = 1> <Delay = 5.15> <FuncUnit> <Opcode : 'dadd' 'dsub'> <InPorts = 2> <OutPorts = 1>
ST_4 : Operation 72 [1/1] (0.00ns)   --->   "%dataset_array_radius_addr_1 = getelementptr i64 %dataset_array_radius, i64 0, i64 %zext_ln67" [ParticleCoverHLS/src/dataset.cxx:67]   --->   Operation 72 'getelementptr' 'dataset_array_radius_addr_1' <Predicate = (!icmp_ln60)> <Delay = 0.00>
ST_4 : Operation 73 [1/1] (1.29ns)   --->   "%store_ln67 = store i64 %conv3, i13 %dataset_array_radius_addr_1" [ParticleCoverHLS/src/dataset.cxx:67]   --->   Operation 73 'store' 'store_ln67' <Predicate = (!icmp_ln60)> <Delay = 1.29> <CoreInst = "RAM">   --->   Core 83 'RAM' <Latency = 1> <II = 1> <Delay = 1.29> <Storage> <Opcode : 'load' 'store'> <Ports = 2> <Width = 64> <Depth = 5000> <RAM>

State 5 <SV = 4> <Delay = 5.15>
ST_5 : Operation 74 [2/4] (5.15ns)   --->   "%sub = dadd i64 %bitcast_ln65_1, i64 -0.0001" [ParticleCoverHLS/src/dataset.cxx:65]   --->   Operation 74 'dadd' 'sub' <Predicate = (!icmp_ln60)> <Delay = 5.15> <CoreInst = "DAddSub_fulldsp">   --->   Core 37 'DAddSub_fulldsp' <Latency = 3> <II = 1> <Delay = 5.15> <FuncUnit> <Opcode : 'dadd' 'dsub'> <InPorts = 2> <OutPorts = 1>
ST_5 : Operation 75 [3/4] (5.15ns)   --->   "%add = dadd i64 %dataset_env_10_load, i64 0.0001" [ParticleCoverHLS/src/dataset.cxx:68]   --->   Operation 75 'dadd' 'add' <Predicate = (!icmp_ln60)> <Delay = 5.15> <CoreInst = "DAddSub_fulldsp">   --->   Core 37 'DAddSub_fulldsp' <Latency = 3> <II = 1> <Delay = 5.15> <FuncUnit> <Opcode : 'dadd' 'dsub'> <InPorts = 2> <OutPorts = 1>

State 6 <SV = 5> <Delay = 6.45>
ST_6 : Operation 76 [1/4] (5.15ns)   --->   "%sub = dadd i64 %bitcast_ln65_1, i64 -0.0001" [ParticleCoverHLS/src/dataset.cxx:65]   --->   Operation 76 'dadd' 'sub' <Predicate = (!icmp_ln60)> <Delay = 5.15> <CoreInst = "DAddSub_fulldsp">   --->   Core 37 'DAddSub_fulldsp' <Latency = 3> <II = 1> <Delay = 5.15> <FuncUnit> <Opcode : 'dadd' 'dsub'> <InPorts = 2> <OutPorts = 1>
ST_6 : Operation 77 [1/1] (0.00ns)   --->   "%dataset_array_z_addr = getelementptr i64 %dataset_array_z, i64 0, i64 %zext_ln63" [ParticleCoverHLS/src/dataset.cxx:63]   --->   Operation 77 'getelementptr' 'dataset_array_z_addr' <Predicate = (!icmp_ln60)> <Delay = 0.00>
ST_6 : Operation 78 [1/1] (1.29ns)   --->   "%store_ln63 = store i64 %sub, i13 %dataset_array_z_addr" [ParticleCoverHLS/src/dataset.cxx:63]   --->   Operation 78 'store' 'store_ln63' <Predicate = (!icmp_ln60)> <Delay = 1.29> <CoreInst = "RAM">   --->   Core 83 'RAM' <Latency = 1> <II = 1> <Delay = 1.29> <Storage> <Opcode : 'load' 'store'> <Ports = 2> <Width = 64> <Depth = 5000> <RAM>
ST_6 : Operation 79 [2/4] (5.15ns)   --->   "%add = dadd i64 %dataset_env_10_load, i64 0.0001" [ParticleCoverHLS/src/dataset.cxx:68]   --->   Operation 79 'dadd' 'add' <Predicate = (!icmp_ln60)> <Delay = 5.15> <CoreInst = "DAddSub_fulldsp">   --->   Core 37 'DAddSub_fulldsp' <Latency = 3> <II = 1> <Delay = 5.15> <FuncUnit> <Opcode : 'dadd' 'dsub'> <InPorts = 2> <OutPorts = 1>

State 7 <SV = 6> <Delay = 6.45>
ST_7 : Operation 80 [1/1] (0.00ns)   --->   "%specloopname_ln60 = specloopname void @_ssdm_op_SpecLoopName, void @empty_11" [ParticleCoverHLS/src/dataset.cxx:60]   --->   Operation 80 'specloopname' 'specloopname_ln60' <Predicate = (!icmp_ln60)> <Delay = 0.00>
ST_7 : Operation 81 [1/4] (5.15ns)   --->   "%add = dadd i64 %dataset_env_10_load, i64 0.0001" [ParticleCoverHLS/src/dataset.cxx:68]   --->   Operation 81 'dadd' 'add' <Predicate = (!icmp_ln60)> <Delay = 5.15> <CoreInst = "DAddSub_fulldsp">   --->   Core 37 'DAddSub_fulldsp' <Latency = 3> <II = 1> <Delay = 5.15> <FuncUnit> <Opcode : 'dadd' 'dsub'> <InPorts = 2> <OutPorts = 1>
ST_7 : Operation 82 [1/1] (0.00ns)   --->   "%dataset_array_z_addr_1 = getelementptr i64 %dataset_array_z, i64 0, i64 %zext_ln67" [ParticleCoverHLS/src/dataset.cxx:67]   --->   Operation 82 'getelementptr' 'dataset_array_z_addr_1' <Predicate = (!icmp_ln60)> <Delay = 0.00>
ST_7 : Operation 83 [1/1] (1.29ns)   --->   "%store_ln67 = store i64 %add, i13 %dataset_array_z_addr_1" [ParticleCoverHLS/src/dataset.cxx:67]   --->   Operation 83 'store' 'store_ln67' <Predicate = (!icmp_ln60)> <Delay = 1.29> <CoreInst = "RAM">   --->   Core 83 'RAM' <Latency = 1> <II = 1> <Delay = 1.29> <Storage> <Opcode : 'load' 'store'> <Ports = 2> <Width = 64> <Depth = 5000> <RAM>
ST_7 : Operation 84 [1/1] (0.00ns)   --->   "%br_ln0 = br void"   --->   Operation 84 'br' 'br_ln0' <Predicate = (!icmp_ln60)> <Delay = 0.00>

State 8 <SV = 2> <Delay = 0.46>
ST_8 : Operation 85 [1/1] (0.46ns)   --->   "%br_ln77 = br void %._crit_edge15.loopexit" [ParticleCoverHLS/src/dataset.cxx:77]   --->   Operation 85 'br' 'br_ln77' <Predicate = true> <Delay = 0.46>

State 9 <SV = 3> <Delay = 1.02>
ST_9 : Operation 86 [1/1] (0.00ns)   --->   "%i_6 = phi i3 %i_9, void %._crit_edge7.loopexit, i3 0, void %._crit_edge15.loopexit.preheader"   --->   Operation 86 'phi' 'i_6' <Predicate = true> <Delay = 0.00>
ST_9 : Operation 87 [1/1] (0.00ns)   --->   "%phi_mul1 = phi i13 %add_ln77_1, void %._crit_edge7.loopexit, i13 0, void %._crit_edge15.loopexit.preheader" [ParticleCoverHLS/src/dataset.cxx:77]   --->   Operation 87 'phi' 'phi_mul1' <Predicate = true> <Delay = 0.00>
ST_9 : Operation 88 [1/1] (0.71ns)   --->   "%i_9 = add i3 %i_6, i3 1" [ParticleCoverHLS/src/dataset.cxx:77]   --->   Operation 88 'add' 'i_9' <Predicate = true> <Delay = 0.71> <CoreInst = "Adder">   --->   Core 1 'Adder' <Latency = 0> <II = 1> <Delay = 1.36> <FuncUnit> <Opcode : 'add' 'sub'> <InPorts = 2> <OutPorts = 1>
ST_9 : Operation 89 [1/1] (1.02ns)   --->   "%add_ln77_1 = add i13 %phi_mul1, i13 1000" [ParticleCoverHLS/src/dataset.cxx:77]   --->   Operation 89 'add' 'add_ln77_1' <Predicate = true> <Delay = 1.02> <CoreInst = "Adder">   --->   Core 1 'Adder' <Latency = 0> <II = 1> <Delay = 1.36> <FuncUnit> <Opcode : 'add' 'sub'> <InPorts = 2> <OutPorts = 1>
ST_9 : Operation 90 [1/1] (0.56ns)   --->   "%icmp_ln77 = icmp_eq  i3 %i_6, i3 5" [ParticleCoverHLS/src/dataset.cxx:77]   --->   Operation 90 'icmp' 'icmp_ln77' <Predicate = true> <Delay = 0.56> <CoreInst = "Cmp">   --->   Core 9 'Cmp' <Latency = 0> <II = 1> <Delay = 1.14> <FuncUnit> <Opcode : 'icmp'> <InPorts = 2> <OutPorts = 1>
ST_9 : Operation 91 [1/1] (0.00ns)   --->   "%empty = speclooptripcount i32 @_ssdm_op_SpecLoopTripCount, i64 5, i64 5, i64 5"   --->   Operation 91 'speclooptripcount' 'empty' <Predicate = true> <Delay = 0.00>
ST_9 : Operation 92 [1/1] (0.00ns)   --->   "%br_ln77 = br i1 %icmp_ln77, void %.split4, void %.preheader.preheader" [ParticleCoverHLS/src/dataset.cxx:77]   --->   Operation 92 'br' 'br_ln77' <Predicate = true> <Delay = 0.00>
ST_9 : Operation 93 [1/1] (0.00ns)   --->   "%zext_ln77 = zext i3 %i_6" [ParticleCoverHLS/src/dataset.cxx:77]   --->   Operation 93 'zext' 'zext_ln77' <Predicate = (!icmp_ln77)> <Delay = 0.00>
ST_9 : Operation 94 [1/1] (0.00ns)   --->   "%dataset_n_points_addr_1 = getelementptr i32 %dataset_n_points, i64 0, i64 %zext_ln77" [ParticleCoverHLS/src/dataset.cxx:77]   --->   Operation 94 'getelementptr' 'dataset_n_points_addr_1' <Predicate = (!icmp_ln77)> <Delay = 0.00>
ST_9 : Operation 95 [2/2] (0.73ns)   --->   "%dataset_n_points_load_1 = load i3 %dataset_n_points_addr_1" [ParticleCoverHLS/src/dataset.cxx:77]   --->   Operation 95 'load' 'dataset_n_points_load_1' <Predicate = (!icmp_ln77)> <Delay = 0.73> <CoreInst = "RAM">   --->   Core 83 'RAM' <Latency = 1> <II = 1> <Delay = 0.73> <Storage> <Opcode : 'load' 'store'> <Ports = 2> <Width = 32> <Depth = 5> <RAM>
ST_9 : Operation 96 [1/1] (0.46ns)   --->   "%br_ln0 = br void %.preheader"   --->   Operation 96 'br' 'br_ln0' <Predicate = (icmp_ln77)> <Delay = 0.46>

State 10 <SV = 4> <Delay = 0.73>
ST_10 : Operation 97 [1/1] (0.00ns)   --->   "%specloopname_ln77 = specloopname void @_ssdm_op_SpecLoopName, void @empty_10" [ParticleCoverHLS/src/dataset.cxx:77]   --->   Operation 97 'specloopname' 'specloopname_ln77' <Predicate = true> <Delay = 0.00>
ST_10 : Operation 98 [1/2] (0.73ns)   --->   "%dataset_n_points_load_1 = load i3 %dataset_n_points_addr_1" [ParticleCoverHLS/src/dataset.cxx:77]   --->   Operation 98 'load' 'dataset_n_points_load_1' <Predicate = true> <Delay = 0.73> <CoreInst = "RAM">   --->   Core 83 'RAM' <Latency = 1> <II = 1> <Delay = 0.73> <Storage> <Opcode : 'load' 'store'> <Ports = 2> <Width = 32> <Depth = 5> <RAM>
ST_10 : Operation 99 [1/1] (0.00ns)   --->   "%conv35 = sext i32 %dataset_n_points_load_1" [ParticleCoverHLS/src/dataset.cxx:77]   --->   Operation 99 'sext' 'conv35' <Predicate = true> <Delay = 0.00>
ST_10 : Operation 100 [1/1] (0.46ns)   --->   "%br_ln84 = br void" [ParticleCoverHLS/src/dataset.cxx:84]   --->   Operation 100 'br' 'br_ln84' <Predicate = true> <Delay = 0.46>

State 11 <SV = 5> <Delay = 1.36>
ST_11 : Operation 101 [1/1] (0.00ns)   --->   "%indvars_iv_in = phi i64 %add_ln84, void %._crit_edge.loopexit, i64 %conv35, void %.split4" [ParticleCoverHLS/src/dataset.cxx:84]   --->   Operation 101 'phi' 'indvars_iv_in' <Predicate = true> <Delay = 0.00>
ST_11 : Operation 102 [1/1] (0.00ns)   --->   "%j = phi i64 %j_2, void %._crit_edge.loopexit, i64 0, void %.split4"   --->   Operation 102 'phi' 'j' <Predicate = true> <Delay = 0.00>
ST_11 : Operation 103 [1/1] (1.36ns)   --->   "%j_2 = add i64 %j, i64 1" [ParticleCoverHLS/src/dataset.cxx:84]   --->   Operation 103 'add' 'j_2' <Predicate = true> <Delay = 1.36> <CoreInst = "Adder">   --->   Core 1 'Adder' <Latency = 0> <II = 1> <Delay = 1.36> <FuncUnit> <Opcode : 'add' 'sub'> <InPorts = 2> <OutPorts = 1>
ST_11 : Operation 104 [1/1] (1.14ns)   --->   "%icmp_ln84 = icmp_eq  i64 %j, i64 %conv35" [ParticleCoverHLS/src/dataset.cxx:84]   --->   Operation 104 'icmp' 'icmp_ln84' <Predicate = true> <Delay = 1.14> <CoreInst = "Cmp">   --->   Core 9 'Cmp' <Latency = 0> <II = 1> <Delay = 1.14> <FuncUnit> <Opcode : 'icmp'> <InPorts = 2> <OutPorts = 1>
ST_11 : Operation 105 [1/1] (0.00ns)   --->   "%br_ln84 = br i1 %icmp_ln84, void %.split2, void %._crit_edge7.loopexit" [ParticleCoverHLS/src/dataset.cxx:84]   --->   Operation 105 'br' 'br_ln84' <Predicate = true> <Delay = 0.00>
ST_11 : Operation 106 [1/1] (1.36ns)   --->   "%add_ln84 = add i64 %indvars_iv_in, i64 18446744073709551615" [ParticleCoverHLS/src/dataset.cxx:84]   --->   Operation 106 'add' 'add_ln84' <Predicate = (!icmp_ln84)> <Delay = 1.36> <CoreInst = "Adder">   --->   Core 1 'Adder' <Latency = 0> <II = 1> <Delay = 1.36> <FuncUnit> <Opcode : 'add' 'sub'> <InPorts = 2> <OutPorts = 1>
ST_11 : Operation 107 [1/1] (0.00ns)   --->   "%specloopname_ln84 = specloopname void @_ssdm_op_SpecLoopName, void @empty_9" [ParticleCoverHLS/src/dataset.cxx:84]   --->   Operation 107 'specloopname' 'specloopname_ln84' <Predicate = (!icmp_ln84)> <Delay = 0.00>
ST_11 : Operation 108 [1/1] (0.46ns)   --->   "%br_ln85 = br void" [ParticleCoverHLS/src/dataset.cxx:85]   --->   Operation 108 'br' 'br_ln85' <Predicate = (!icmp_ln84)> <Delay = 0.46>
ST_11 : Operation 109 [1/1] (0.00ns)   --->   "%br_ln0 = br void %._crit_edge15.loopexit"   --->   Operation 109 'br' 'br_ln0' <Predicate = (icmp_ln84)> <Delay = 0.00>

State 12 <SV = 6> <Delay = 3.68>
ST_12 : Operation 110 [1/1] (0.00ns)   --->   "%k = phi i64 0, void %.split2, i64 %k_2, void %.split._crit_edge"   --->   Operation 110 'phi' 'k' <Predicate = true> <Delay = 0.00>
ST_12 : Operation 111 [1/1] (1.36ns)   --->   "%k_2 = add i64 %k, i64 1" [ParticleCoverHLS/src/dataset.cxx:86]   --->   Operation 111 'add' 'k_2' <Predicate = true> <Delay = 1.36> <CoreInst = "Adder">   --->   Core 1 'Adder' <Latency = 0> <II = 1> <Delay = 1.36> <FuncUnit> <Opcode : 'add' 'sub'> <InPorts = 2> <OutPorts = 1>
ST_12 : Operation 112 [1/1] (0.00ns)   --->   "%trunc_ln87 = trunc i64 %k" [ParticleCoverHLS/src/dataset.cxx:87]   --->   Operation 112 'trunc' 'trunc_ln87' <Predicate = true> <Delay = 0.00>
ST_12 : Operation 113 [1/1] (1.02ns)   --->   "%add_ln87 = add i13 %phi_mul1, i13 %trunc_ln87" [ParticleCoverHLS/src/dataset.cxx:87]   --->   Operation 113 'add' 'add_ln87' <Predicate = true> <Delay = 1.02> <CoreInst = "Adder">   --->   Core 1 'Adder' <Latency = 0> <II = 1> <Delay = 1.36> <FuncUnit> <Opcode : 'add' 'sub'> <InPorts = 2> <OutPorts = 1>
ST_12 : Operation 114 [1/1] (0.00ns)   --->   "%zext_ln87 = zext i13 %add_ln87" [ParticleCoverHLS/src/dataset.cxx:87]   --->   Operation 114 'zext' 'zext_ln87' <Predicate = true> <Delay = 0.00>
ST_12 : Operation 115 [1/1] (0.00ns)   --->   "%dataset_array_layer_num_addr_2 = getelementptr i32 %dataset_array_layer_num, i64 0, i64 %zext_ln87" [ParticleCoverHLS/src/dataset.cxx:87]   --->   Operation 115 'getelementptr' 'dataset_array_layer_num_addr_2' <Predicate = true> <Delay = 0.00>
ST_12 : Operation 116 [1/1] (0.00ns)   --->   "%dataset_array_radius_addr_2 = getelementptr i64 %dataset_array_radius, i64 0, i64 %zext_ln87" [ParticleCoverHLS/src/dataset.cxx:87]   --->   Operation 116 'getelementptr' 'dataset_array_radius_addr_2' <Predicate = true> <Delay = 0.00>
ST_12 : Operation 117 [1/1] (0.00ns)   --->   "%dataset_array_phi_addr_3 = getelementptr i64 %dataset_array_phi, i64 0, i64 %zext_ln87" [ParticleCoverHLS/src/dataset.cxx:87]   --->   Operation 117 'getelementptr' 'dataset_array_phi_addr_3' <Predicate = true> <Delay = 0.00>
ST_12 : Operation 118 [1/1] (0.00ns)   --->   "%dataset_array_z_addr_2 = getelementptr i64 %dataset_array_z, i64 0, i64 %zext_ln87" [ParticleCoverHLS/src/dataset.cxx:86]   --->   Operation 118 'getelementptr' 'dataset_array_z_addr_2' <Predicate = true> <Delay = 0.00>
ST_12 : Operation 119 [1/1] (0.00ns)   --->   "%specpipeline_ln0 = specpipeline void @_ssdm_op_SpecPipeline, i32 4294967295, i32 0, i32 1, i32 0, void @p_str"   --->   Operation 119 'specpipeline' 'specpipeline_ln0' <Predicate = true> <Delay = 0.00>
ST_12 : Operation 120 [1/1] (1.14ns)   --->   "%icmp_ln85 = icmp_eq  i64 %k, i64 %add_ln84" [ParticleCoverHLS/src/dataset.cxx:85]   --->   Operation 120 'icmp' 'icmp_ln85' <Predicate = true> <Delay = 1.14> <CoreInst = "Cmp">   --->   Core 9 'Cmp' <Latency = 0> <II = 1> <Delay = 1.14> <FuncUnit> <Opcode : 'icmp'> <InPorts = 2> <OutPorts = 1>
ST_12 : Operation 121 [1/1] (0.00ns)   --->   "%trunc_ln85 = trunc i64 %k_2" [ParticleCoverHLS/src/dataset.cxx:85]   --->   Operation 121 'trunc' 'trunc_ln85' <Predicate = true> <Delay = 0.00>
ST_12 : Operation 122 [1/1] (0.00ns)   --->   "%br_ln85 = br i1 %icmp_ln85, void %.split, void %._crit_edge.loopexit" [ParticleCoverHLS/src/dataset.cxx:85]   --->   Operation 122 'br' 'br_ln85' <Predicate = true> <Delay = 0.00>
ST_12 : Operation 123 [2/2] (1.29ns)   --->   "%dataset_array_z_load = load i13 %dataset_array_z_addr_2" [ParticleCoverHLS/src/dataset.cxx:86]   --->   Operation 123 'load' 'dataset_array_z_load' <Predicate = (!icmp_ln85)> <Delay = 1.29> <CoreInst = "RAM">   --->   Core 83 'RAM' <Latency = 1> <II = 1> <Delay = 1.29> <Storage> <Opcode : 'load' 'store'> <Ports = 2> <Width = 64> <Depth = 5000> <RAM>
ST_12 : Operation 124 [1/1] (1.02ns)   --->   "%add_ln88 = add i13 %phi_mul1, i13 %trunc_ln85" [ParticleCoverHLS/src/dataset.cxx:88]   --->   Operation 124 'add' 'add_ln88' <Predicate = (!icmp_ln85)> <Delay = 1.02> <CoreInst = "Adder">   --->   Core 1 'Adder' <Latency = 0> <II = 1> <Delay = 1.36> <FuncUnit> <Opcode : 'add' 'sub'> <InPorts = 2> <OutPorts = 1>
ST_12 : Operation 125 [1/1] (0.00ns)   --->   "%zext_ln88 = zext i13 %add_ln88" [ParticleCoverHLS/src/dataset.cxx:88]   --->   Operation 125 'zext' 'zext_ln88' <Predicate = (!icmp_ln85)> <Delay = 0.00>
ST_12 : Operation 126 [1/1] (0.00ns)   --->   "%dataset_array_layer_num_addr_3 = getelementptr i32 %dataset_array_layer_num, i64 0, i64 %zext_ln88" [ParticleCoverHLS/src/dataset.cxx:88]   --->   Operation 126 'getelementptr' 'dataset_array_layer_num_addr_3' <Predicate = (!icmp_ln85)> <Delay = 0.00>
ST_12 : Operation 127 [1/1] (0.00ns)   --->   "%dataset_array_radius_addr_3 = getelementptr i64 %dataset_array_radius, i64 0, i64 %zext_ln88" [ParticleCoverHLS/src/dataset.cxx:88]   --->   Operation 127 'getelementptr' 'dataset_array_radius_addr_3' <Predicate = (!icmp_ln85)> <Delay = 0.00>
ST_12 : Operation 128 [1/1] (0.00ns)   --->   "%dataset_array_phi_addr_4 = getelementptr i64 %dataset_array_phi, i64 0, i64 %zext_ln88" [ParticleCoverHLS/src/dataset.cxx:88]   --->   Operation 128 'getelementptr' 'dataset_array_phi_addr_4' <Predicate = (!icmp_ln85)> <Delay = 0.00>
ST_12 : Operation 129 [1/1] (0.00ns)   --->   "%dataset_array_z_addr_3 = getelementptr i64 %dataset_array_z, i64 0, i64 %zext_ln88" [ParticleCoverHLS/src/dataset.cxx:86]   --->   Operation 129 'getelementptr' 'dataset_array_z_addr_3' <Predicate = (!icmp_ln85)> <Delay = 0.00>
ST_12 : Operation 130 [2/2] (1.29ns)   --->   "%dataset_array_z_load_1 = load i13 %dataset_array_z_addr_3" [ParticleCoverHLS/src/dataset.cxx:86]   --->   Operation 130 'load' 'dataset_array_z_load_1' <Predicate = (!icmp_ln85)> <Delay = 1.29> <CoreInst = "RAM">   --->   Core 83 'RAM' <Latency = 1> <II = 1> <Delay = 1.29> <Storage> <Opcode : 'load' 'store'> <Ports = 2> <Width = 64> <Depth = 5000> <RAM>
ST_12 : Operation 131 [1/1] (0.00ns)   --->   "%br_ln0 = br void"   --->   Operation 131 'br' 'br_ln0' <Predicate = (!icmp_ln85)> <Delay = 0.00>

State 13 <SV = 7> <Delay = 3.35>
ST_13 : Operation 132 [1/2] (1.29ns)   --->   "%dataset_array_z_load = load i13 %dataset_array_z_addr_2" [ParticleCoverHLS/src/dataset.cxx:86]   --->   Operation 132 'load' 'dataset_array_z_load' <Predicate = (!icmp_ln85)> <Delay = 1.29> <CoreInst = "RAM">   --->   Core 83 'RAM' <Latency = 1> <II = 1> <Delay = 1.29> <Storage> <Opcode : 'load' 'store'> <Ports = 2> <Width = 64> <Depth = 5000> <RAM>
ST_13 : Operation 133 [1/2] (1.29ns)   --->   "%dataset_array_z_load_1 = load i13 %dataset_array_z_addr_3" [ParticleCoverHLS/src/dataset.cxx:86]   --->   Operation 133 'load' 'dataset_array_z_load_1' <Predicate = (!icmp_ln85)> <Delay = 1.29> <CoreInst = "RAM">   --->   Core 83 'RAM' <Latency = 1> <II = 1> <Delay = 1.29> <Storage> <Opcode : 'load' 'store'> <Ports = 2> <Width = 64> <Depth = 5000> <RAM>
ST_13 : Operation 134 [2/2] (2.05ns)   --->   "%tmp_4 = fcmp_ogt  i64 %dataset_array_z_load, i64 %dataset_array_z_load_1" [ParticleCoverHLS/src/dataset.cxx:86]   --->   Operation 134 'dcmp' 'tmp_4' <Predicate = (!icmp_ln85)> <Delay = 2.05> <CoreInst = "DCompare">   --->   Core 38 'DCompare' <Latency = 1> <II = 1> <Delay = 2.05> <FuncUnit> <Opcode : 'dcmp'> <InPorts = 2> <OutPorts = 1>

State 14 <SV = 8> <Delay = 3.50>
ST_14 : Operation 135 [1/1] (0.00ns)   --->   "%specloopname_ln85 = specloopname void @_ssdm_op_SpecLoopName, void @empty_8" [ParticleCoverHLS/src/dataset.cxx:85]   --->   Operation 135 'specloopname' 'specloopname_ln85' <Predicate = (!icmp_ln85)> <Delay = 0.00>
ST_14 : Operation 136 [1/1] (0.00ns)   --->   "%bitcast_ln86 = bitcast i64 %dataset_array_z_load" [ParticleCoverHLS/src/dataset.cxx:86]   --->   Operation 136 'bitcast' 'bitcast_ln86' <Predicate = (!icmp_ln85)> <Delay = 0.00>
ST_14 : Operation 137 [1/1] (0.00ns)   --->   "%tmp = partselect i11 @_ssdm_op_PartSelect.i11.i64.i32.i32, i64 %bitcast_ln86, i32 52, i32 62" [ParticleCoverHLS/src/dataset.cxx:86]   --->   Operation 137 'partselect' 'tmp' <Predicate = (!icmp_ln85)> <Delay = 0.00>
ST_14 : Operation 138 [1/1] (0.00ns)   --->   "%trunc_ln86 = trunc i64 %bitcast_ln86" [ParticleCoverHLS/src/dataset.cxx:86]   --->   Operation 138 'trunc' 'trunc_ln86' <Predicate = (!icmp_ln85)> <Delay = 0.00>
ST_14 : Operation 139 [1/1] (0.00ns)   --->   "%bitcast_ln86_1 = bitcast i64 %dataset_array_z_load_1" [ParticleCoverHLS/src/dataset.cxx:86]   --->   Operation 139 'bitcast' 'bitcast_ln86_1' <Predicate = (!icmp_ln85)> <Delay = 0.00>
ST_14 : Operation 140 [1/1] (0.00ns)   --->   "%tmp_3 = partselect i11 @_ssdm_op_PartSelect.i11.i64.i32.i32, i64 %bitcast_ln86_1, i32 52, i32 62" [ParticleCoverHLS/src/dataset.cxx:86]   --->   Operation 140 'partselect' 'tmp_3' <Predicate = (!icmp_ln85)> <Delay = 0.00>
ST_14 : Operation 141 [1/1] (0.00ns)   --->   "%trunc_ln86_1 = trunc i64 %bitcast_ln86_1" [ParticleCoverHLS/src/dataset.cxx:86]   --->   Operation 141 'trunc' 'trunc_ln86_1' <Predicate = (!icmp_ln85)> <Delay = 0.00>
ST_14 : Operation 142 [1/1] (0.79ns)   --->   "%icmp_ln86 = icmp_ne  i11 %tmp, i11 2047" [ParticleCoverHLS/src/dataset.cxx:86]   --->   Operation 142 'icmp' 'icmp_ln86' <Predicate = (!icmp_ln85)> <Delay = 0.79> <CoreInst = "Cmp">   --->   Core 9 'Cmp' <Latency = 0> <II = 1> <Delay = 1.14> <FuncUnit> <Opcode : 'icmp'> <InPorts = 2> <OutPorts = 1>
ST_14 : Operation 143 [1/1] (1.13ns)   --->   "%icmp_ln86_1 = icmp_eq  i52 %trunc_ln86, i52 0" [ParticleCoverHLS/src/dataset.cxx:86]   --->   Operation 143 'icmp' 'icmp_ln86_1' <Predicate = (!icmp_ln85)> <Delay = 1.13> <CoreInst = "Cmp">   --->   Core 9 'Cmp' <Latency = 0> <II = 1> <Delay = 1.14> <FuncUnit> <Opcode : 'icmp'> <InPorts = 2> <OutPorts = 1>
ST_14 : Operation 144 [1/1] (0.00ns) (grouped into LUT with out node and_ln86_1)   --->   "%or_ln86 = or i1 %icmp_ln86_1, i1 %icmp_ln86" [ParticleCoverHLS/src/dataset.cxx:86]   --->   Operation 144 'or' 'or_ln86' <Predicate = (!icmp_ln85)> <Delay = 0.00> <CoreInst = "LogicGate">   --->   Core 74 'LogicGate' <Latency = 0> <II = 1> <Delay = 0.14> <FuncUnit> <Opcode : 'and' 'or' 'xor'> <InPorts = 2> <OutPorts = 1>
ST_14 : Operation 145 [1/1] (0.79ns)   --->   "%icmp_ln86_2 = icmp_ne  i11 %tmp_3, i11 2047" [ParticleCoverHLS/src/dataset.cxx:86]   --->   Operation 145 'icmp' 'icmp_ln86_2' <Predicate = (!icmp_ln85)> <Delay = 0.79> <CoreInst = "Cmp">   --->   Core 9 'Cmp' <Latency = 0> <II = 1> <Delay = 1.14> <FuncUnit> <Opcode : 'icmp'> <InPorts = 2> <OutPorts = 1>
ST_14 : Operation 146 [1/1] (1.13ns)   --->   "%icmp_ln86_3 = icmp_eq  i52 %trunc_ln86_1, i52 0" [ParticleCoverHLS/src/dataset.cxx:86]   --->   Operation 146 'icmp' 'icmp_ln86_3' <Predicate = (!icmp_ln85)> <Delay = 1.13> <CoreInst = "Cmp">   --->   Core 9 'Cmp' <Latency = 0> <II = 1> <Delay = 1.14> <FuncUnit> <Opcode : 'icmp'> <InPorts = 2> <OutPorts = 1>
ST_14 : Operation 147 [1/1] (0.00ns) (grouped into LUT with out node and_ln86_1)   --->   "%or_ln86_1 = or i1 %icmp_ln86_3, i1 %icmp_ln86_2" [ParticleCoverHLS/src/dataset.cxx:86]   --->   Operation 147 'or' 'or_ln86_1' <Predicate = (!icmp_ln85)> <Delay = 0.00> <CoreInst = "LogicGate">   --->   Core 74 'LogicGate' <Latency = 0> <II = 1> <Delay = 0.14> <FuncUnit> <Opcode : 'and' 'or' 'xor'> <InPorts = 2> <OutPorts = 1>
ST_14 : Operation 148 [1/1] (0.00ns) (grouped into LUT with out node and_ln86_1)   --->   "%and_ln86 = and i1 %or_ln86, i1 %or_ln86_1" [ParticleCoverHLS/src/dataset.cxx:86]   --->   Operation 148 'and' 'and_ln86' <Predicate = (!icmp_ln85)> <Delay = 0.00> <CoreInst = "LogicGate">   --->   Core 74 'LogicGate' <Latency = 0> <II = 1> <Delay = 0.14> <FuncUnit> <Opcode : 'and' 'or' 'xor'> <InPorts = 2> <OutPorts = 1>
ST_14 : Operation 149 [1/2] (2.05ns)   --->   "%tmp_4 = fcmp_ogt  i64 %dataset_array_z_load, i64 %dataset_array_z_load_1" [ParticleCoverHLS/src/dataset.cxx:86]   --->   Operation 149 'dcmp' 'tmp_4' <Predicate = (!icmp_ln85)> <Delay = 2.05> <CoreInst = "DCompare">   --->   Core 38 'DCompare' <Latency = 1> <II = 1> <Delay = 2.05> <FuncUnit> <Opcode : 'dcmp'> <InPorts = 2> <OutPorts = 1>
ST_14 : Operation 150 [1/1] (0.14ns) (out node of the LUT)   --->   "%and_ln86_1 = and i1 %and_ln86, i1 %tmp_4" [ParticleCoverHLS/src/dataset.cxx:86]   --->   Operation 150 'and' 'and_ln86_1' <Predicate = (!icmp_ln85)> <Delay = 0.14> <CoreInst = "LogicGate">   --->   Core 74 'LogicGate' <Latency = 0> <II = 1> <Delay = 0.14> <FuncUnit> <Opcode : 'and' 'or' 'xor'> <InPorts = 2> <OutPorts = 1>
ST_14 : Operation 151 [1/1] (0.00ns)   --->   "%br_ln86 = br i1 %and_ln86_1, void %.split._crit_edge, void" [ParticleCoverHLS/src/dataset.cxx:86]   --->   Operation 151 'br' 'br_ln86' <Predicate = (!icmp_ln85)> <Delay = 0.00>
ST_14 : Operation 152 [2/2] (1.29ns)   --->   "%dataset_array_layer_num_load = load i13 %dataset_array_layer_num_addr_2" [ParticleCoverHLS/src/dataset.cxx:87]   --->   Operation 152 'load' 'dataset_array_layer_num_load' <Predicate = (!icmp_ln85 & and_ln86_1)> <Delay = 1.29> <CoreInst = "RAM">   --->   Core 83 'RAM' <Latency = 1> <II = 1> <Delay = 1.29> <Storage> <Opcode : 'load' 'store'> <Ports = 2> <Width = 32> <Depth = 5000> <RAM>
ST_14 : Operation 153 [2/2] (1.29ns)   --->   "%dataset_array_radius_load = load i13 %dataset_array_radius_addr_2" [ParticleCoverHLS/src/dataset.cxx:87]   --->   Operation 153 'load' 'dataset_array_radius_load' <Predicate = (!icmp_ln85 & and_ln86_1)> <Delay = 1.29> <CoreInst = "RAM">   --->   Core 83 'RAM' <Latency = 1> <II = 1> <Delay = 1.29> <Storage> <Opcode : 'load' 'store'> <Ports = 2> <Width = 64> <Depth = 5000> <RAM>
ST_14 : Operation 154 [2/2] (1.29ns)   --->   "%dataset_array_phi_load = load i13 %dataset_array_phi_addr_3" [ParticleCoverHLS/src/dataset.cxx:87]   --->   Operation 154 'load' 'dataset_array_phi_load' <Predicate = (!icmp_ln85 & and_ln86_1)> <Delay = 1.29> <CoreInst = "RAM">   --->   Core 83 'RAM' <Latency = 1> <II = 1> <Delay = 1.29> <Storage> <Opcode : 'load' 'store'> <Ports = 2> <Width = 64> <Depth = 5000> <RAM>
ST_14 : Operation 155 [2/2] (1.29ns)   --->   "%dataset_array_layer_num_load_1 = load i13 %dataset_array_layer_num_addr_3" [ParticleCoverHLS/src/dataset.cxx:88]   --->   Operation 155 'load' 'dataset_array_layer_num_load_1' <Predicate = (!icmp_ln85 & and_ln86_1)> <Delay = 1.29> <CoreInst = "RAM">   --->   Core 83 'RAM' <Latency = 1> <II = 1> <Delay = 1.29> <Storage> <Opcode : 'load' 'store'> <Ports = 2> <Width = 32> <Depth = 5000> <RAM>
ST_14 : Operation 156 [2/2] (1.29ns)   --->   "%dataset_array_radius_load_1 = load i13 %dataset_array_radius_addr_3" [ParticleCoverHLS/src/dataset.cxx:88]   --->   Operation 156 'load' 'dataset_array_radius_load_1' <Predicate = (!icmp_ln85 & and_ln86_1)> <Delay = 1.29> <CoreInst = "RAM">   --->   Core 83 'RAM' <Latency = 1> <II = 1> <Delay = 1.29> <Storage> <Opcode : 'load' 'store'> <Ports = 2> <Width = 64> <Depth = 5000> <RAM>
ST_14 : Operation 157 [2/2] (1.29ns)   --->   "%dataset_array_phi_load_1 = load i13 %dataset_array_phi_addr_4" [ParticleCoverHLS/src/dataset.cxx:88]   --->   Operation 157 'load' 'dataset_array_phi_load_1' <Predicate = (!icmp_ln85 & and_ln86_1)> <Delay = 1.29> <CoreInst = "RAM">   --->   Core 83 'RAM' <Latency = 1> <II = 1> <Delay = 1.29> <Storage> <Opcode : 'load' 'store'> <Ports = 2> <Width = 64> <Depth = 5000> <RAM>
ST_14 : Operation 158 [1/1] (1.29ns)   --->   "%store_ln88 = store i64 %dataset_array_z_load_1, i13 %dataset_array_z_addr_2" [ParticleCoverHLS/src/dataset.cxx:88]   --->   Operation 158 'store' 'store_ln88' <Predicate = (!icmp_ln85 & and_ln86_1)> <Delay = 1.29> <CoreInst = "RAM">   --->   Core 83 'RAM' <Latency = 1> <II = 1> <Delay = 1.29> <Storage> <Opcode : 'load' 'store'> <Ports = 2> <Width = 64> <Depth = 5000> <RAM>
ST_14 : Operation 159 [1/1] (1.29ns)   --->   "%store_ln89 = store i64 %dataset_array_z_load, i13 %dataset_array_z_addr_3" [ParticleCoverHLS/src/dataset.cxx:89]   --->   Operation 159 'store' 'store_ln89' <Predicate = (!icmp_ln85 & and_ln86_1)> <Delay = 1.29> <CoreInst = "RAM">   --->   Core 83 'RAM' <Latency = 1> <II = 1> <Delay = 1.29> <Storage> <Opcode : 'load' 'store'> <Ports = 2> <Width = 64> <Depth = 5000> <RAM>

State 15 <SV = 9> <Delay = 2.59>
ST_15 : Operation 160 [1/2] (1.29ns)   --->   "%dataset_array_layer_num_load = load i13 %dataset_array_layer_num_addr_2" [ParticleCoverHLS/src/dataset.cxx:87]   --->   Operation 160 'load' 'dataset_array_layer_num_load' <Predicate = (and_ln86_1)> <Delay = 1.29> <CoreInst = "RAM">   --->   Core 83 'RAM' <Latency = 1> <II = 1> <Delay = 1.29> <Storage> <Opcode : 'load' 'store'> <Ports = 2> <Width = 32> <Depth = 5000> <RAM>
ST_15 : Operation 161 [1/2] (1.29ns)   --->   "%dataset_array_radius_load = load i13 %dataset_array_radius_addr_2" [ParticleCoverHLS/src/dataset.cxx:87]   --->   Operation 161 'load' 'dataset_array_radius_load' <Predicate = (and_ln86_1)> <Delay = 1.29> <CoreInst = "RAM">   --->   Core 83 'RAM' <Latency = 1> <II = 1> <Delay = 1.29> <Storage> <Opcode : 'load' 'store'> <Ports = 2> <Width = 64> <Depth = 5000> <RAM>
ST_15 : Operation 162 [1/2] (1.29ns)   --->   "%dataset_array_phi_load = load i13 %dataset_array_phi_addr_3" [ParticleCoverHLS/src/dataset.cxx:87]   --->   Operation 162 'load' 'dataset_array_phi_load' <Predicate = (and_ln86_1)> <Delay = 1.29> <CoreInst = "RAM">   --->   Core 83 'RAM' <Latency = 1> <II = 1> <Delay = 1.29> <Storage> <Opcode : 'load' 'store'> <Ports = 2> <Width = 64> <Depth = 5000> <RAM>
ST_15 : Operation 163 [1/2] (1.29ns)   --->   "%dataset_array_layer_num_load_1 = load i13 %dataset_array_layer_num_addr_3" [ParticleCoverHLS/src/dataset.cxx:88]   --->   Operation 163 'load' 'dataset_array_layer_num_load_1' <Predicate = (and_ln86_1)> <Delay = 1.29> <CoreInst = "RAM">   --->   Core 83 'RAM' <Latency = 1> <II = 1> <Delay = 1.29> <Storage> <Opcode : 'load' 'store'> <Ports = 2> <Width = 32> <Depth = 5000> <RAM>
ST_15 : Operation 164 [1/2] (1.29ns)   --->   "%dataset_array_radius_load_1 = load i13 %dataset_array_radius_addr_3" [ParticleCoverHLS/src/dataset.cxx:88]   --->   Operation 164 'load' 'dataset_array_radius_load_1' <Predicate = (and_ln86_1)> <Delay = 1.29> <CoreInst = "RAM">   --->   Core 83 'RAM' <Latency = 1> <II = 1> <Delay = 1.29> <Storage> <Opcode : 'load' 'store'> <Ports = 2> <Width = 64> <Depth = 5000> <RAM>
ST_15 : Operation 165 [1/2] (1.29ns)   --->   "%dataset_array_phi_load_1 = load i13 %dataset_array_phi_addr_4" [ParticleCoverHLS/src/dataset.cxx:88]   --->   Operation 165 'load' 'dataset_array_phi_load_1' <Predicate = (and_ln86_1)> <Delay = 1.29> <CoreInst = "RAM">   --->   Core 83 'RAM' <Latency = 1> <II = 1> <Delay = 1.29> <Storage> <Opcode : 'load' 'store'> <Ports = 2> <Width = 64> <Depth = 5000> <RAM>
ST_15 : Operation 166 [1/1] (1.29ns)   --->   "%store_ln88 = store i32 %dataset_array_layer_num_load_1, i13 %dataset_array_layer_num_addr_2" [ParticleCoverHLS/src/dataset.cxx:88]   --->   Operation 166 'store' 'store_ln88' <Predicate = (and_ln86_1)> <Delay = 1.29> <CoreInst = "RAM">   --->   Core 83 'RAM' <Latency = 1> <II = 1> <Delay = 1.29> <Storage> <Opcode : 'load' 'store'> <Ports = 2> <Width = 32> <Depth = 5000> <RAM>
ST_15 : Operation 167 [1/1] (1.29ns)   --->   "%store_ln88 = store i64 %dataset_array_radius_load_1, i13 %dataset_array_radius_addr_2" [ParticleCoverHLS/src/dataset.cxx:88]   --->   Operation 167 'store' 'store_ln88' <Predicate = (and_ln86_1)> <Delay = 1.29> <CoreInst = "RAM">   --->   Core 83 'RAM' <Latency = 1> <II = 1> <Delay = 1.29> <Storage> <Opcode : 'load' 'store'> <Ports = 2> <Width = 64> <Depth = 5000> <RAM>
ST_15 : Operation 168 [1/1] (1.29ns)   --->   "%store_ln88 = store i64 %dataset_array_phi_load_1, i13 %dataset_array_phi_addr_3" [ParticleCoverHLS/src/dataset.cxx:88]   --->   Operation 168 'store' 'store_ln88' <Predicate = (and_ln86_1)> <Delay = 1.29> <CoreInst = "RAM">   --->   Core 83 'RAM' <Latency = 1> <II = 1> <Delay = 1.29> <Storage> <Opcode : 'load' 'store'> <Ports = 2> <Width = 64> <Depth = 5000> <RAM>
ST_15 : Operation 169 [1/1] (1.29ns)   --->   "%store_ln89 = store i32 %dataset_array_layer_num_load, i13 %dataset_array_layer_num_addr_3" [ParticleCoverHLS/src/dataset.cxx:89]   --->   Operation 169 'store' 'store_ln89' <Predicate = (and_ln86_1)> <Delay = 1.29> <CoreInst = "RAM">   --->   Core 83 'RAM' <Latency = 1> <II = 1> <Delay = 1.29> <Storage> <Opcode : 'load' 'store'> <Ports = 2> <Width = 32> <Depth = 5000> <RAM>
ST_15 : Operation 170 [1/1] (1.29ns)   --->   "%store_ln89 = store i64 %dataset_array_radius_load, i13 %dataset_array_radius_addr_3" [ParticleCoverHLS/src/dataset.cxx:89]   --->   Operation 170 'store' 'store_ln89' <Predicate = (and_ln86_1)> <Delay = 1.29> <CoreInst = "RAM">   --->   Core 83 'RAM' <Latency = 1> <II = 1> <Delay = 1.29> <Storage> <Opcode : 'load' 'store'> <Ports = 2> <Width = 64> <Depth = 5000> <RAM>
ST_15 : Operation 171 [1/1] (1.29ns)   --->   "%store_ln89 = store i64 %dataset_array_phi_load, i13 %dataset_array_phi_addr_4" [ParticleCoverHLS/src/dataset.cxx:89]   --->   Operation 171 'store' 'store_ln89' <Predicate = (and_ln86_1)> <Delay = 1.29> <CoreInst = "RAM">   --->   Core 83 'RAM' <Latency = 1> <II = 1> <Delay = 1.29> <Storage> <Opcode : 'load' 'store'> <Ports = 2> <Width = 64> <Depth = 5000> <RAM>
ST_15 : Operation 172 [1/1] (0.00ns)   --->   "%br_ln90 = br void %.split._crit_edge" [ParticleCoverHLS/src/dataset.cxx:90]   --->   Operation 172 'br' 'br_ln90' <Predicate = (and_ln86_1)> <Delay = 0.00>

State 16 <SV = 7> <Delay = 0.00>
ST_16 : Operation 173 [1/1] (0.00ns)   --->   "%br_ln0 = br void"   --->   Operation 173 'br' 'br_ln0' <Predicate = true> <Delay = 0.00>

State 17 <SV = 4> <Delay = 1.14>
ST_17 : Operation 174 [1/1] (0.00ns)   --->   "%i_7 = phi i3 %i_8, void, i3 0, void %.preheader.preheader"   --->   Operation 174 'phi' 'i_7' <Predicate = true> <Delay = 0.00>
ST_17 : Operation 175 [1/1] (0.71ns)   --->   "%i_8 = add i3 %i_7, i3 1" [ParticleCoverHLS/src/dataset.cxx:97]   --->   Operation 175 'add' 'i_8' <Predicate = true> <Delay = 0.71> <CoreInst = "Adder">   --->   Core 1 'Adder' <Latency = 0> <II = 1> <Delay = 1.36> <FuncUnit> <Opcode : 'add' 'sub'> <InPorts = 2> <OutPorts = 1>
ST_17 : Operation 176 [1/1] (0.00ns)   --->   "%i_7_cast = zext i3 %i_7" [ParticleCoverHLS/src/dataset.cxx:97]   --->   Operation 176 'zext' 'i_7_cast' <Predicate = true> <Delay = 0.00>
ST_17 : Operation 177 [1/1] (0.00ns)   --->   "%specpipeline_ln0 = specpipeline void @_ssdm_op_SpecPipeline, i32 4294967295, i32 0, i32 1, i32 0, void @p_str"   --->   Operation 177 'specpipeline' 'specpipeline_ln0' <Predicate = true> <Delay = 0.00>
ST_17 : Operation 178 [1/1] (1.14ns)   --->   "%icmp_ln97 = icmp_eq  i64 %i_7_cast, i64 %p_read_1" [ParticleCoverHLS/src/dataset.cxx:97]   --->   Operation 178 'icmp' 'icmp_ln97' <Predicate = true> <Delay = 1.14> <CoreInst = "Cmp">   --->   Core 9 'Cmp' <Latency = 0> <II = 1> <Delay = 1.14> <FuncUnit> <Opcode : 'icmp'> <InPorts = 2> <OutPorts = 1>
ST_17 : Operation 179 [1/1] (0.00ns)   --->   "%br_ln97 = br i1 %icmp_ln97, void, void" [ParticleCoverHLS/src/dataset.cxx:97]   --->   Operation 179 'br' 'br_ln97' <Predicate = true> <Delay = 0.00>
ST_17 : Operation 180 [1/1] (0.00ns)   --->   "%dataset_env_10_addr_1 = getelementptr i64 %dataset_env_10, i64 0, i64 %i_7_cast" [ParticleCoverHLS/src/dataset.cxx:98]   --->   Operation 180 'getelementptr' 'dataset_env_10_addr_1' <Predicate = (!icmp_ln97)> <Delay = 0.00>
ST_17 : Operation 181 [2/2] (0.73ns)   --->   "%dataset_env_10_load_1 = load i3 %dataset_env_10_addr_1" [ParticleCoverHLS/src/dataset.cxx:98]   --->   Operation 181 'load' 'dataset_env_10_load_1' <Predicate = (!icmp_ln97)> <Delay = 0.73> <CoreInst = "RAM">   --->   Core 83 'RAM' <Latency = 1> <II = 1> <Delay = 0.73> <Storage> <Opcode : 'load' 'store'> <Ports = 2> <Width = 64> <Depth = 5> <RAM>

State 18 <SV = 5> <Delay = 5.88>
ST_18 : Operation 182 [1/2] (0.73ns)   --->   "%dataset_env_10_load_1 = load i3 %dataset_env_10_addr_1" [ParticleCoverHLS/src/dataset.cxx:98]   --->   Operation 182 'load' 'dataset_env_10_load_1' <Predicate = (!icmp_ln97)> <Delay = 0.73> <CoreInst = "RAM">   --->   Core 83 'RAM' <Latency = 1> <II = 1> <Delay = 0.73> <Storage> <Opcode : 'load' 'store'> <Ports = 2> <Width = 64> <Depth = 5> <RAM>
ST_18 : Operation 183 [4/4] (5.15ns)   --->   "%add1 = dadd i64 %dataset_env_10_load_1, i64 0.0001" [ParticleCoverHLS/src/dataset.cxx:98]   --->   Operation 183 'dadd' 'add1' <Predicate = (!icmp_ln97)> <Delay = 5.15> <CoreInst = "DAddSub_fulldsp">   --->   Core 37 'DAddSub_fulldsp' <Latency = 3> <II = 1> <Delay = 5.15> <FuncUnit> <Opcode : 'dadd' 'dsub'> <InPorts = 2> <OutPorts = 1>

State 19 <SV = 6> <Delay = 5.15>
ST_19 : Operation 184 [3/4] (5.15ns)   --->   "%add1 = dadd i64 %dataset_env_10_load_1, i64 0.0001" [ParticleCoverHLS/src/dataset.cxx:98]   --->   Operation 184 'dadd' 'add1' <Predicate = (!icmp_ln97)> <Delay = 5.15> <CoreInst = "DAddSub_fulldsp">   --->   Core 37 'DAddSub_fulldsp' <Latency = 3> <II = 1> <Delay = 5.15> <FuncUnit> <Opcode : 'dadd' 'dsub'> <InPorts = 2> <OutPorts = 1>

State 20 <SV = 7> <Delay = 5.15>
ST_20 : Operation 185 [2/4] (5.15ns)   --->   "%add1 = dadd i64 %dataset_env_10_load_1, i64 0.0001" [ParticleCoverHLS/src/dataset.cxx:98]   --->   Operation 185 'dadd' 'add1' <Predicate = (!icmp_ln97)> <Delay = 5.15> <CoreInst = "DAddSub_fulldsp">   --->   Core 37 'DAddSub_fulldsp' <Latency = 3> <II = 1> <Delay = 5.15> <FuncUnit> <Opcode : 'dadd' 'dsub'> <InPorts = 2> <OutPorts = 1>

State 21 <SV = 8> <Delay = 5.88>
ST_21 : Operation 186 [1/1] (0.00ns)   --->   "%specloopname_ln98 = specloopname void @_ssdm_op_SpecLoopName, void @empty_7" [ParticleCoverHLS/src/dataset.cxx:98]   --->   Operation 186 'specloopname' 'specloopname_ln98' <Predicate = (!icmp_ln97)> <Delay = 0.00>
ST_21 : Operation 187 [1/4] (5.15ns)   --->   "%add1 = dadd i64 %dataset_env_10_load_1, i64 0.0001" [ParticleCoverHLS/src/dataset.cxx:98]   --->   Operation 187 'dadd' 'add1' <Predicate = (!icmp_ln97)> <Delay = 5.15> <CoreInst = "DAddSub_fulldsp">   --->   Core 37 'DAddSub_fulldsp' <Latency = 3> <II = 1> <Delay = 5.15> <FuncUnit> <Opcode : 'dadd' 'dsub'> <InPorts = 2> <OutPorts = 1>
ST_21 : Operation 188 [1/1] (0.73ns)   --->   "%store_ln98 = store i64 %add1, i3 %dataset_env_10_addr_1" [ParticleCoverHLS/src/dataset.cxx:98]   --->   Operation 188 'store' 'store_ln98' <Predicate = (!icmp_ln97)> <Delay = 0.73> <CoreInst = "RAM">   --->   Core 83 'RAM' <Latency = 1> <II = 1> <Delay = 0.73> <Storage> <Opcode : 'load' 'store'> <Ports = 2> <Width = 64> <Depth = 5> <RAM>
ST_21 : Operation 189 [1/1] (0.00ns)   --->   "%br_ln97 = br void %.preheader" [ParticleCoverHLS/src/dataset.cxx:97]   --->   Operation 189 'br' 'br_ln97' <Predicate = (!icmp_ln97)> <Delay = 0.00>

State 22 <SV = 5> <Delay = 0.00>
ST_22 : Operation 190 [1/1] (0.00ns)   --->   "%ret_ln0 = ret"   --->   Operation 190 'ret' 'ret_ln0' <Predicate = true> <Delay = 0.00>


============================================================
+ Verbose Summary: Timing violations
============================================================
Target clock period: 10ns, clock uncertainty: 2.7ns.

 <State 1>: 0.46ns
The critical path consists of the following:
	multiplexor before 'phi' operation ('i') with incoming values : ('i', ParticleCoverHLS/src/dataset.cxx:64) [11]  (0.46 ns)

 <State 2>: 1.36ns
The critical path consists of the following:
	'phi' operation ('i') with incoming values : ('i', ParticleCoverHLS/src/dataset.cxx:64) [11]  (0 ns)
	'add' operation ('i', ParticleCoverHLS/src/dataset.cxx:64) [13]  (1.36 ns)

 <State 3>: 7.01ns
The critical path consists of the following:
	'shl' operation ('shl_ln64', ParticleCoverHLS/src/dataset.cxx:64) [25]  (0 ns)
	'add' operation ('add_ln64_2', ParticleCoverHLS/src/dataset.cxx:64) [26]  (1.36 ns)
	'uitodp' operation ('conv3', ParticleCoverHLS/src/dataset.cxx:64) [27]  (5.65 ns)

 <State 4>: 6.95ns
The critical path consists of the following:
	'uitodp' operation ('conv3', ParticleCoverHLS/src/dataset.cxx:64) [27]  (5.65 ns)
	'store' operation ('store_ln63', ParticleCoverHLS/src/dataset.cxx:63) of variable 'conv3', ParticleCoverHLS/src/dataset.cxx:64 on array 'dataset_array_radius' [44]  (1.3 ns)

 <State 5>: 5.16ns
The critical path consists of the following:
	'dadd' operation ('sub', ParticleCoverHLS/src/dataset.cxx:65) [33]  (5.16 ns)

 <State 6>: 6.46ns
The critical path consists of the following:
	'dadd' operation ('sub', ParticleCoverHLS/src/dataset.cxx:65) [33]  (5.16 ns)
	'store' operation ('store_ln63', ParticleCoverHLS/src/dataset.cxx:63) of variable 'sub', ParticleCoverHLS/src/dataset.cxx:65 on array 'dataset_array_z' [46]  (1.3 ns)

 <State 7>: 6.46ns
The critical path consists of the following:
	'dadd' operation ('add', ParticleCoverHLS/src/dataset.cxx:68) [47]  (5.16 ns)
	'store' operation ('store_ln67', ParticleCoverHLS/src/dataset.cxx:67) of variable 'add', ParticleCoverHLS/src/dataset.cxx:68 on array 'dataset_array_z' [58]  (1.3 ns)

 <State 8>: 0.46ns
The critical path consists of the following:
	multiplexor before 'phi' operation ('i') with incoming values : ('i', ParticleCoverHLS/src/dataset.cxx:77) [65]  (0.46 ns)

 <State 9>: 1.03ns
The critical path consists of the following:
	'phi' operation ('phi_mul1', ParticleCoverHLS/src/dataset.cxx:77) with incoming values : ('add_ln77_1', ParticleCoverHLS/src/dataset.cxx:77) [66]  (0 ns)
	'add' operation ('add_ln77_1', ParticleCoverHLS/src/dataset.cxx:77) [68]  (1.03 ns)

 <State 10>: 0.73ns
The critical path consists of the following:
	'load' operation ('dataset_n_points_load_1', ParticleCoverHLS/src/dataset.cxx:77) on array 'dataset_n_points' [76]  (0.73 ns)

 <State 11>: 1.36ns
The critical path consists of the following:
	'phi' operation ('indvars_iv_in', ParticleCoverHLS/src/dataset.cxx:84) with incoming values : ('conv35', ParticleCoverHLS/src/dataset.cxx:77) ('add_ln84', ParticleCoverHLS/src/dataset.cxx:84) [80]  (0 ns)
	'add' operation ('add_ln84', ParticleCoverHLS/src/dataset.cxx:84) [86]  (1.36 ns)

 <State 12>: 3.69ns
The critical path consists of the following:
	'phi' operation ('k') with incoming values : ('k', ParticleCoverHLS/src/dataset.cxx:86) [90]  (0 ns)
	'add' operation ('k', ParticleCoverHLS/src/dataset.cxx:86) [91]  (1.36 ns)
	'add' operation ('add_ln88', ParticleCoverHLS/src/dataset.cxx:88) [106]  (1.03 ns)
	'getelementptr' operation ('dataset_array_z_addr_3', ParticleCoverHLS/src/dataset.cxx:86) [111]  (0 ns)
	'load' operation ('dataset_array_z_load_1', ParticleCoverHLS/src/dataset.cxx:86) on array 'dataset_array_z' [112]  (1.3 ns)

 <State 13>: 3.35ns
The critical path consists of the following:
	'load' operation ('dataset_array_z_load', ParticleCoverHLS/src/dataset.cxx:86) on array 'dataset_array_z' [105]  (1.3 ns)
	'dcmp' operation ('tmp_4', ParticleCoverHLS/src/dataset.cxx:86) [126]  (2.06 ns)

 <State 14>: 3.5ns
The critical path consists of the following:
	'dcmp' operation ('tmp_4', ParticleCoverHLS/src/dataset.cxx:86) [126]  (2.06 ns)
	'and' operation ('and_ln86_1', ParticleCoverHLS/src/dataset.cxx:86) [127]  (0.148 ns)
	blocking operation 1.3 ns on control path)

 <State 15>: 2.59ns
The critical path consists of the following:
	'load' operation ('dataset_array_layer_num_load_1', ParticleCoverHLS/src/dataset.cxx:88) on array 'dataset_array_layer_num' [133]  (1.3 ns)
	'store' operation ('store_ln88', ParticleCoverHLS/src/dataset.cxx:88) of variable 'dataset_array_layer_num_load_1', ParticleCoverHLS/src/dataset.cxx:88 on array 'dataset_array_layer_num' [136]  (1.3 ns)

 <State 16>: 0ns
The critical path consists of the following:

 <State 17>: 1.14ns
The critical path consists of the following:
	'phi' operation ('i') with incoming values : ('i', ParticleCoverHLS/src/dataset.cxx:97) [154]  (0 ns)
	'icmp' operation ('icmp_ln97', ParticleCoverHLS/src/dataset.cxx:97) [158]  (1.14 ns)

 <State 18>: 5.89ns
The critical path consists of the following:
	'load' operation ('dataset_env_10_load_1', ParticleCoverHLS/src/dataset.cxx:98) on array 'dataset_env_10' [163]  (0.73 ns)
	'dadd' operation ('add1', ParticleCoverHLS/src/dataset.cxx:98) [164]  (5.16 ns)

 <State 19>: 5.16ns
The critical path consists of the following:
	'dadd' operation ('add1', ParticleCoverHLS/src/dataset.cxx:98) [164]  (5.16 ns)

 <State 20>: 5.16ns
The critical path consists of the following:
	'dadd' operation ('add1', ParticleCoverHLS/src/dataset.cxx:98) [164]  (5.16 ns)

 <State 21>: 5.89ns
The critical path consists of the following:
	'dadd' operation ('add1', ParticleCoverHLS/src/dataset.cxx:98) [164]  (5.16 ns)
	'store' operation ('store_ln98', ParticleCoverHLS/src/dataset.cxx:98) of variable 'add1', ParticleCoverHLS/src/dataset.cxx:98 on array 'dataset_env_10' [165]  (0.73 ns)

 <State 22>: 0ns
The critical path consists of the following:


============================================================
+ Verbose Summary: Binding
============================================================
N/A
* FSMD analyzer results:
  - Output states:
 - Input state : 
  - Chain level:
	State 1
	State 2
	State 3
	State 4
	State 5
	State 6
	State 7
	State 8
	State 9
	State 10
	State 11
	State 12
	State 13
	State 14
	State 15
	State 16
	State 17
	State 18
	State 19
	State 20
	State 21
	State 22


============================================================
+ Verbose Summary: Datapath Resource usage 
============================================================
N/A
