

================================================================
== Vitis HLS Report for 'dataset_add_boundary_point'
================================================================
* Date:           Sun Feb 11 13:12:42 2024

* Version:        2020.2 (Build 3064766 on Wed Nov 18 09:12:45 MST 2020)
* Project:        ParticleCoverHLS
* Solution:       solution2 (Vivado IP Flow Target)
* Product family: virtexuplus
* Target device:  xcvu11p-flga2577-1-e


================================================================
== Performance Estimates
================================================================
+ Timing: 
    * Summary: 
    +--------+----------+----------+------------+
    |  Clock |  Target  | Estimated| Uncertainty|
    +--------+----------+----------+------------+
    |ap_clk  |  10.00 ns|  7.014 ns|     2.70 ns|
    +--------+----------+----------+------------+

+ Latency: 
    * Summary: 
    +---------+---------+----------+----------+-----+-----+---------+
    |  Latency (cycles) |  Latency (absolute) |  Interval | Pipeline|
    |   min   |   max   |    min   |    max   | min | max |   Type  |
    +---------+---------+----------+----------+-----+-----+---------+
    |        ?|        ?|         ?|         ?|    ?|    ?|     none|
    +---------+---------+----------+----------+-----+-----+---------+

    + Detail: 
        * Instance: 
        N/A

        * Loop: 
        +----------------------+---------+---------+----------+-----------+-----------+------+----------+
        |                      |  Latency (cycles) | Iteration|  Initiation Interval  | Trip |          |
        |       Loop Name      |   min   |   max   |  Latency |  achieved |   target  | Count| Pipelined|
        +----------------------+---------+---------+----------+-----------+-----------+------+----------+
        |- VITIS_LOOP_60_1     |        ?|        ?|         6|          2|          1|     ?|       yes|
        |- VITIS_LOOP_77_2     |        ?|        ?|         ?|          -|          -|     5|        no|
        | + VITIS_LOOP_84_3    |        ?|        ?|         ?|          -|          -|     ?|        no|
        |  ++ VITIS_LOOP_85_4  |        ?|        ?|         4|          3|          1|     ?|       yes|
        |- VITIS_LOOP_97_5     |        ?|        ?|         5|          1|          1|     ?|       yes|
        +----------------------+---------+---------+----------+-----------+-----------+------+----------+



================================================================
== Utilization Estimates
================================================================
* Summary: 
+---------------------+---------+------+---------+---------+-----+
|         Name        | BRAM_18K|  DSP |    FF   |   LUT   | URAM|
+---------------------+---------+------+---------+---------+-----+
|DSP                  |        -|     -|        -|        -|    -|
|Expression           |        -|     -|        0|      913|    -|
|FIFO                 |        -|     -|        -|        -|    -|
|Instance             |        -|     3|      430|      710|    -|
|Memory               |        -|     -|        -|        -|    -|
|Multiplexer          |        -|     -|        -|      491|    -|
|Register             |        -|     -|     1357|       96|    -|
+---------------------+---------+------+---------+---------+-----+
|Total                |        0|     3|     1787|     2210|    0|
+---------------------+---------+------+---------+---------+-----+
|Available SLR        |     1344|  3072|   864000|   432000|  320|
+---------------------+---------+------+---------+---------+-----+
|Utilization SLR (%)  |        0|    ~0|       ~0|       ~0|    0|
+---------------------+---------+------+---------+---------+-----+
|Available            |     4032|  9216|  2592000|  1296000|  960|
+---------------------+---------+------+---------+---------+-----+
|Utilization (%)      |        0|    ~0|       ~0|       ~0|    0|
+---------------------+---------+------+---------+---------+-----+

+ Detail: 
    * Instance: 
    +-----------------------------------+--------------------------------+---------+----+-----+-----+-----+
    |              Instance             |             Module             | BRAM_18K| DSP|  FF | LUT | URAM|
    +-----------------------------------+--------------------------------+---------+----+-----+-----+-----+
    |dadd_64ns_64ns_64_4_full_dsp_1_U1  |dadd_64ns_64ns_64_4_full_dsp_1  |        0|   3|  430|  710|    0|
    |uitodp_64ns_64_2_no_dsp_1_U3       |uitodp_64ns_64_2_no_dsp_1       |        0|   0|    0|    0|    0|
    +-----------------------------------+--------------------------------+---------+----+-----+-----+-----+
    |Total                              |                                |        0|   3|  430|  710|    0|
    +-----------------------------------+--------------------------------+---------+----+-----+-----+-----+

    * DSP: 
    N/A

    * Memory: 
    N/A

    * FIFO: 
    N/A

    * Expression: 
    +-------------------------+----------+----+---+----+------------+------------+
    |      Variable Name      | Operation| DSP| FF| LUT| Bitwidth P0| Bitwidth P1|
    +-------------------------+----------+----+---+----+------------+------------+
    |add_ln63_1_fu_433_p2     |         +|   0|  0|  71|          64|          10|
    |add_ln63_fu_485_p2       |         +|   0|  0|  20|          13|          13|
    |add_ln64_1_fu_448_p2     |         +|   0|  0|  39|          32|           1|
    |add_ln67_1_fu_502_p2     |         +|   0|  0|  17|          13|          13|
    |add_ln67_fu_496_p2       |         +|   0|  0|  17|          13|           1|
    |add_ln77_1_fu_526_p2     |         +|   0|  0|  20|          13|          10|
    |add_ln84_fu_558_p2       |         +|   0|  0|  71|          64|           2|
    |add_ln87_fu_574_p2       |         +|   0|  0|  20|          13|          13|
    |add_ln88_fu_597_p2       |         +|   0|  0|  20|          13|          13|
    |dataset_n_points_d0      |         +|   0|  0|  39|          32|           2|
    |grp_fu_412_p0            |         +|   0|  0|  71|          64|          64|
    |i_5_fu_423_p2            |         +|   0|  0|  71|          64|           1|
    |i_8_fu_693_p2            |         +|   0|  0|  10|           3|           1|
    |i_9_fu_520_p2            |         +|   0|  0|  10|           3|           1|
    |j_2_fu_547_p2            |         +|   0|  0|  71|          64|           1|
    |k_2_fu_564_p2            |         +|   0|  0|  71|          64|           1|
    |and_ln86_1_fu_687_p2     |       and|   0|  0|   2|           1|           1|
    |and_ln86_fu_681_p2       |       and|   0|  0|   2|           1|           1|
    |icmp_ln60_fu_439_p2      |      icmp|   0|  0|  29|          64|          64|
    |icmp_ln77_fu_532_p2      |      icmp|   0|  0|   8|           3|           3|
    |icmp_ln84_fu_553_p2      |      icmp|   0|  0|  29|          64|          64|
    |icmp_ln85_fu_588_p2      |      icmp|   0|  0|  29|          64|          64|
    |icmp_ln86_1_fu_651_p2    |      icmp|   0|  0|  24|          52|           1|
    |icmp_ln86_2_fu_663_p2    |      icmp|   0|  0|  11|          11|           2|
    |icmp_ln86_3_fu_669_p2    |      icmp|   0|  0|  24|          52|           1|
    |icmp_ln86_fu_645_p2      |      icmp|   0|  0|  11|          11|           2|
    |icmp_ln97_fu_704_p2      |      icmp|   0|  0|  29|          64|          64|
    |or_ln86_1_fu_675_p2      |        or|   0|  0|   2|           1|           1|
    |or_ln86_fu_657_p2        |        or|   0|  0|   2|           1|           1|
    |ap_enable_pp0            |       xor|   0|  0|   2|           1|           2|
    |ap_enable_pp1            |       xor|   0|  0|   2|           1|           2|
    |ap_enable_pp2            |       xor|   0|  0|   2|           1|           2|
    |ap_enable_reg_pp2_iter1  |       xor|   0|  0|   2|           2|           1|
    |xor_ln65_fu_470_p2       |       xor|   0|  0|  65|          64|          65|
    +-------------------------+----------+----+---+----+------------+------------+
    |Total                    |          |   0|  0| 913|         990|         488|
    +-------------------------+----------+----+---+----+------------+------------+

    * Multiplexer: 
    +----------------------------------+----+-----------+-----+-----------+
    |               Name               | LUT| Input Size| Bits| Total Bits|
    +----------------------------------+----+-----------+-----+-----------+
    |ap_NS_fsm                         |  65|         14|    1|         14|
    |ap_enable_reg_pp0_iter2           |   9|          2|    1|          2|
    |ap_enable_reg_pp1_iter1           |   9|          2|    1|          2|
    |ap_enable_reg_pp2_iter1           |   9|          2|    1|          2|
    |ap_enable_reg_pp2_iter4           |   9|          2|    1|          2|
    |ap_phi_mux_i_phi_fu_311_p4        |   9|          2|   64|        128|
    |ap_phi_mux_k_phi_fu_379_p4        |   9|          2|   64|        128|
    |ap_phi_mux_phi_mul_phi_fu_324_p4  |   9|          2|   64|        128|
    |dataset_array_layer_num_address0  |  14|          3|   13|         39|
    |dataset_array_layer_num_address1  |  14|          3|   13|         39|
    |dataset_array_layer_num_d0        |  14|          3|   32|         96|
    |dataset_array_layer_num_d1        |  14|          3|   32|         96|
    |dataset_array_phi_address0        |  20|          4|   13|         52|
    |dataset_array_phi_address1        |  14|          3|   13|         39|
    |dataset_array_phi_d0              |  14|          3|   64|        192|
    |dataset_array_radius_address0     |  14|          3|   13|         39|
    |dataset_array_radius_address1     |  14|          3|   13|         39|
    |dataset_array_radius_d0           |  14|          3|   64|        192|
    |dataset_array_radius_d1           |  14|          3|   64|        192|
    |dataset_array_z_address0          |  26|          5|   13|         65|
    |dataset_array_z_address1          |  14|          3|   13|         39|
    |dataset_array_z_d0                |  14|          3|   64|        192|
    |dataset_env_10_address0           |  14|          3|    3|          9|
    |dataset_n_points_address0         |  20|          4|    3|         12|
    |grp_fu_397_p0                     |  20|          4|   64|        256|
    |grp_fu_397_p1                     |  14|          3|   64|        192|
    |i_6_reg_332                       |   9|          2|    3|          6|
    |i_7_reg_386                       |   9|          2|    3|          6|
    |i_reg_307                         |   9|          2|   64|        128|
    |indvars_iv_in_reg_355             |   9|          2|   64|        128|
    |j_reg_364                         |   9|          2|   64|        128|
    |k_reg_375                         |   9|          2|   64|        128|
    |phi_mul1_reg_343                  |   9|          2|   13|         26|
    |phi_mul_reg_320                   |   9|          2|   64|        128|
    |reg_417                           |   9|          2|   64|        128|
    +----------------------------------+----+-----------+-----+-----------+
    |Total                             | 491|        105| 1158|       2992|
    +----------------------------------+----+-----------+-----+-----------+

    * Register: 
    +----------------------------------------+----+----+-----+-----------+
    |                  Name                  | FF | LUT| Bits| Const Bits|
    +----------------------------------------+----+----+-----+-----------+
    |add_ln63_1_reg_728                      |  64|   0|   64|          0|
    |add_ln77_1_reg_784                      |  13|   0|   13|          0|
    |add_ln84_reg_813                        |  64|   0|   64|          0|
    |and_ln86_1_reg_884                      |   1|   0|    1|          0|
    |ap_CS_fsm                               |  13|   0|   13|          0|
    |ap_enable_reg_pp0_iter0                 |   1|   0|    1|          0|
    |ap_enable_reg_pp0_iter1                 |   1|   0|    1|          0|
    |ap_enable_reg_pp0_iter2                 |   1|   0|    1|          0|
    |ap_enable_reg_pp1_iter0                 |   1|   0|    1|          0|
    |ap_enable_reg_pp1_iter1                 |   1|   0|    1|          0|
    |ap_enable_reg_pp2_iter0                 |   1|   0|    1|          0|
    |ap_enable_reg_pp2_iter1                 |   1|   0|    1|          0|
    |ap_enable_reg_pp2_iter2                 |   1|   0|    1|          0|
    |ap_enable_reg_pp2_iter3                 |   1|   0|    1|          0|
    |ap_enable_reg_pp2_iter4                 |   1|   0|    1|          0|
    |conv35_reg_798                          |  64|   0|   64|          0|
    |dataset_array_layer_num_addr_2_reg_824  |  13|   0|   13|          0|
    |dataset_array_layer_num_addr_3_reg_849  |  13|   0|   13|          0|
    |dataset_array_phi_addr_3_reg_834        |  13|   0|   13|          0|
    |dataset_array_phi_addr_4_reg_859        |  13|   0|   13|          0|
    |dataset_array_radius_addr_2_reg_829     |  13|   0|   13|          0|
    |dataset_array_radius_addr_3_reg_854     |  13|   0|   13|          0|
    |dataset_array_z_addr_2_reg_839          |  13|   0|   13|          0|
    |dataset_array_z_addr_3_reg_864          |  13|   0|   13|          0|
    |dataset_array_z_load_1_reg_877          |  64|   0|   64|          0|
    |dataset_array_z_load_reg_870            |  64|   0|   64|          0|
    |dataset_env_10_addr_1_reg_897           |   3|   0|    3|          0|
    |dataset_n_points_addr_reg_752           |   3|   0|    3|          0|
    |i_5_reg_715                             |  64|   0|   64|          0|
    |i_6_reg_332                             |   3|   0|    3|          0|
    |i_7_reg_386                             |   3|   0|    3|          0|
    |i_9_reg_779                             |   3|   0|    3|          0|
    |i_reg_307                               |  64|   0|   64|          0|
    |icmp_ln60_reg_738                       |   1|   0|    1|          0|
    |icmp_ln85_reg_845                       |   1|   0|    1|          0|
    |icmp_ln97_reg_893                       |   1|   0|    1|          0|
    |indvars_iv_in_reg_355                   |  64|   0|   64|          0|
    |j_2_reg_804                             |  64|   0|   64|          0|
    |j_reg_364                               |  64|   0|   64|          0|
    |k_2_reg_819                             |  64|   0|   64|          0|
    |k_reg_375                               |  64|   0|   64|          0|
    |phi_mul1_reg_343                        |  13|   0|   13|          0|
    |phi_mul_reg_320                         |  64|   0|   64|          0|
    |reg_417                                 |  64|   0|   64|          0|
    |trunc_ln63_reg_722                      |  13|   0|   13|          0|
    |trunc_ln64_reg_742                      |  32|   0|   32|          0|
    |zext_ln63_reg_767                       |  13|   0|   64|         51|
    |zext_ln63_reg_767_pp0_iter1_reg         |  13|   0|   64|         51|
    |zext_ln67_reg_773                       |  13|   0|   64|         51|
    |zext_ln67_reg_773_pp0_iter1_reg         |  13|   0|   64|         51|
    |dataset_env_10_addr_1_reg_897           |  64|  32|    3|          0|
    |icmp_ln60_reg_738                       |  64|  32|    1|          0|
    |icmp_ln97_reg_893                       |  64|  32|    1|          0|
    +----------------------------------------+----+----+-----+-----------+
    |Total                                   |1357|  96| 1374|        204|
    +----------------------------------------+----+----+-----+-----------+



================================================================
== Interface
================================================================
* Summary: 
+----------------------------------+-----+-----+------------+----------------------------+--------------+
|             RTL Ports            | Dir | Bits|  Protocol  |        Source Object       |    C Type    |
+----------------------------------+-----+-----+------------+----------------------------+--------------+
|ap_clk                            |   in|    1|  ap_ctrl_hs|  dataset_add_boundary_point|  return value|
|ap_rst                            |   in|    1|  ap_ctrl_hs|  dataset_add_boundary_point|  return value|
|ap_start                          |   in|    1|  ap_ctrl_hs|  dataset_add_boundary_point|  return value|
|ap_done                           |  out|    1|  ap_ctrl_hs|  dataset_add_boundary_point|  return value|
|ap_idle                           |  out|    1|  ap_ctrl_hs|  dataset_add_boundary_point|  return value|
|ap_ready                          |  out|    1|  ap_ctrl_hs|  dataset_add_boundary_point|  return value|
|grp_fu_50533_p_din0               |  out|   64|  ap_ctrl_hs|  dataset_add_boundary_point|  return value|
|grp_fu_50533_p_din1               |  out|   64|  ap_ctrl_hs|  dataset_add_boundary_point|  return value|
|grp_fu_50533_p_opcode             |  out|    5|  ap_ctrl_hs|  dataset_add_boundary_point|  return value|
|grp_fu_50533_p_dout0              |   in|    1|  ap_ctrl_hs|  dataset_add_boundary_point|  return value|
|grp_fu_50533_p_ce                 |  out|    1|  ap_ctrl_hs|  dataset_add_boundary_point|  return value|
|dataset_env_10_address0           |  out|    3|   ap_memory|              dataset_env_10|         array|
|dataset_env_10_ce0                |  out|    1|   ap_memory|              dataset_env_10|         array|
|dataset_env_10_we0                |  out|    1|   ap_memory|              dataset_env_10|         array|
|dataset_env_10_d0                 |  out|   64|   ap_memory|              dataset_env_10|         array|
|dataset_env_10_q0                 |   in|   64|   ap_memory|              dataset_env_10|         array|
|dataset_env_10_address1           |  out|    3|   ap_memory|              dataset_env_10|         array|
|dataset_env_10_ce1                |  out|    1|   ap_memory|              dataset_env_10|         array|
|dataset_env_10_q1                 |   in|   64|   ap_memory|              dataset_env_10|         array|
|p_read                            |   in|   64|     ap_none|                      p_read|        scalar|
|dataset_array_layer_num_address0  |  out|   13|   ap_memory|     dataset_array_layer_num|         array|
|dataset_array_layer_num_ce0       |  out|    1|   ap_memory|     dataset_array_layer_num|         array|
|dataset_array_layer_num_we0       |  out|    1|   ap_memory|     dataset_array_layer_num|         array|
|dataset_array_layer_num_d0        |  out|   32|   ap_memory|     dataset_array_layer_num|         array|
|dataset_array_layer_num_q0        |   in|   32|   ap_memory|     dataset_array_layer_num|         array|
|dataset_array_layer_num_address1  |  out|   13|   ap_memory|     dataset_array_layer_num|         array|
|dataset_array_layer_num_ce1       |  out|    1|   ap_memory|     dataset_array_layer_num|         array|
|dataset_array_layer_num_we1       |  out|    1|   ap_memory|     dataset_array_layer_num|         array|
|dataset_array_layer_num_d1        |  out|   32|   ap_memory|     dataset_array_layer_num|         array|
|dataset_array_layer_num_q1        |   in|   32|   ap_memory|     dataset_array_layer_num|         array|
|dataset_array_radius_address0     |  out|   13|   ap_memory|        dataset_array_radius|         array|
|dataset_array_radius_ce0          |  out|    1|   ap_memory|        dataset_array_radius|         array|
|dataset_array_radius_we0          |  out|    1|   ap_memory|        dataset_array_radius|         array|
|dataset_array_radius_d0           |  out|   64|   ap_memory|        dataset_array_radius|         array|
|dataset_array_radius_q0           |   in|   64|   ap_memory|        dataset_array_radius|         array|
|dataset_array_radius_address1     |  out|   13|   ap_memory|        dataset_array_radius|         array|
|dataset_array_radius_ce1          |  out|    1|   ap_memory|        dataset_array_radius|         array|
|dataset_array_radius_we1          |  out|    1|   ap_memory|        dataset_array_radius|         array|
|dataset_array_radius_d1           |  out|   64|   ap_memory|        dataset_array_radius|         array|
|dataset_array_radius_q1           |   in|   64|   ap_memory|        dataset_array_radius|         array|
|dataset_array_phi_address0        |  out|   13|   ap_memory|           dataset_array_phi|         array|
|dataset_array_phi_ce0             |  out|    1|   ap_memory|           dataset_array_phi|         array|
|dataset_array_phi_we0             |  out|    1|   ap_memory|           dataset_array_phi|         array|
|dataset_array_phi_d0              |  out|   64|   ap_memory|           dataset_array_phi|         array|
|dataset_array_phi_q0              |   in|   64|   ap_memory|           dataset_array_phi|         array|
|dataset_array_phi_address1        |  out|   13|   ap_memory|           dataset_array_phi|         array|
|dataset_array_phi_ce1             |  out|    1|   ap_memory|           dataset_array_phi|         array|
|dataset_array_phi_we1             |  out|    1|   ap_memory|           dataset_array_phi|         array|
|dataset_array_phi_d1              |  out|   64|   ap_memory|           dataset_array_phi|         array|
|dataset_array_phi_q1              |   in|   64|   ap_memory|           dataset_array_phi|         array|
|dataset_array_z_address0          |  out|   13|   ap_memory|             dataset_array_z|         array|
|dataset_array_z_ce0               |  out|    1|   ap_memory|             dataset_array_z|         array|
|dataset_array_z_we0               |  out|    1|   ap_memory|             dataset_array_z|         array|
|dataset_array_z_d0                |  out|   64|   ap_memory|             dataset_array_z|         array|
|dataset_array_z_q0                |   in|   64|   ap_memory|             dataset_array_z|         array|
|dataset_array_z_address1          |  out|   13|   ap_memory|             dataset_array_z|         array|
|dataset_array_z_ce1               |  out|    1|   ap_memory|             dataset_array_z|         array|
|dataset_array_z_we1               |  out|    1|   ap_memory|             dataset_array_z|         array|
|dataset_array_z_d1                |  out|   64|   ap_memory|             dataset_array_z|         array|
|dataset_array_z_q1                |   in|   64|   ap_memory|             dataset_array_z|         array|
|dataset_n_points_address0         |  out|    3|   ap_memory|            dataset_n_points|         array|
|dataset_n_points_ce0              |  out|    1|   ap_memory|            dataset_n_points|         array|
|dataset_n_points_we0              |  out|    1|   ap_memory|            dataset_n_points|         array|
|dataset_n_points_d0               |  out|   32|   ap_memory|            dataset_n_points|         array|
|dataset_n_points_q0               |   in|   32|   ap_memory|            dataset_n_points|         array|
+----------------------------------+-----+-----+------------+----------------------------+--------------+

