INFO-FLOW: Workspace C:/Projects/ParticleCoverHLS/solution1 opened at Sat Jan 27 16:28:27 -0500 2024
Execute     ap_set_clock -name default -period 10 -default=false 
INFO: [SYN 201-201] Setting up clock 'default' with a period of 10ns.
Execute     import_lib C:/Xilinx/Vitis_HLS/2020.2/common/technology/xilinx/Virtex-7/Virtex-7 
Execute       source C:/Xilinx/Vitis_HLS/2020.2/common/technology/xilinx/interface/xilinx_interface.hlp 
Execute         source C:/Xilinx/Vitis_HLS/2020.2/common/technology/xilinx/interface/maxi.hlp 
Execute         source C:/Xilinx/Vitis_HLS/2020.2/common/technology/xilinx/interface/saxilite.hlp 
Execute       source C:/Xilinx/Vitis_HLS/2020.2/common/technology/xilinx/DSP48/dsp48.hlp 
Execute     ap_family_info -name Virtex-7 -data parts 
DBG:HLSDevice: Trying to load device library: C:/Xilinx/Vitis_HLS/2020.2\lib\win64.o\librdi_hlsvwrap.dll
DBG:HLSDevice: first parts/arch.xml in RDI_DATADIR: C:/Xilinx/Vivado/2020.2/data/parts/arch.xml
Command     ap_family_info done; 0.688 sec.
Execute     ap_part_info -name xc7vx485tffg1157-1 -data info 
Execute     source C:/Xilinx/Vitis_HLS/2020.2/common/technology/xilinx/common/xilinx.gen 
Execute       source C:/Xilinx/Vitis_HLS/2020.2/common/technology/xilinx/interface/plb46.gen 
Execute       source C:/Xilinx/Vitis_HLS/2020.2/common/technology/xilinx/interface/axi4.gen 
Execute       source C:/Xilinx/Vitis_HLS/2020.2/common/technology/xilinx/interface/nativeAXI4.gen 
Execute         source C:/Xilinx/Vitis_HLS/2020.2/common/technology/xilinx/interface/saxilite.gen 
Execute         source C:/Xilinx/Vitis_HLS/2020.2/common/technology/xilinx/interface/maxi.gen 
Execute       source C:/Xilinx/Vitis_HLS/2020.2/common/technology/xilinx/scripts/xilinxcoregen.gen 
Execute       source C:/Xilinx/Vitis_HLS/2020.2/common/technology/xilinx/interface/XilEDKCoreGen.gen 
Execute       source C:/Xilinx/Vitis_HLS/2020.2/common/technology/xilinx/ip/dds_compiler.gen 
Execute       source C:/Xilinx/Vitis_HLS/2020.2/common/technology/xilinx/ip/util.gen 
Execute       source C:/Xilinx/Vitis_HLS/2020.2/common/technology/xilinx/ip/xfft.gen 
Execute       source C:/Xilinx/Vitis_HLS/2020.2/common/technology/xilinx/ip/xfir.gen 
Execute       source C:/Xilinx/Vitis_HLS/2020.2/common/technology/xilinx/DSP48/dsp48.gen 
Command     ap_source done; 0.13 sec.
Execute     import_lib C:/Xilinx/Vitis_HLS/2020.2/common/technology/xilinx/Virtex-7/Virtex-7_fpv7 
Execute       source C:/Xilinx/Vitis_HLS/2020.2/common/technology/xilinx/interface/xilinx_interface.hlp 
Execute         source C:/Xilinx/Vitis_HLS/2020.2/common/technology/xilinx/interface/maxi.hlp 
Execute         source C:/Xilinx/Vitis_HLS/2020.2/common/technology/xilinx/interface/saxilite.hlp 
Execute       source C:/Xilinx/Vitis_HLS/2020.2/common/technology/xilinx/DSP48/dsp48.hlp 
Execute     source C:/Xilinx/Vitis_HLS/2020.2/common/technology/xilinx/common/xilinx.gen 
Execute       source C:/Xilinx/Vitis_HLS/2020.2/common/technology/xilinx/interface/plb46.gen 
Execute       source C:/Xilinx/Vitis_HLS/2020.2/common/technology/xilinx/interface/axi4.gen 
Execute       source C:/Xilinx/Vitis_HLS/2020.2/common/technology/xilinx/interface/nativeAXI4.gen 
Execute         source C:/Xilinx/Vitis_HLS/2020.2/common/technology/xilinx/interface/saxilite.gen 
Execute         source C:/Xilinx/Vitis_HLS/2020.2/common/technology/xilinx/interface/maxi.gen 
Execute       source C:/Xilinx/Vitis_HLS/2020.2/common/technology/xilinx/scripts/xilinxcoregen.gen 
Execute       source C:/Xilinx/Vitis_HLS/2020.2/common/technology/xilinx/interface/XilEDKCoreGen.gen 
Execute       source C:/Xilinx/Vitis_HLS/2020.2/common/technology/xilinx/ip/dds_compiler.gen 
Execute       source C:/Xilinx/Vitis_HLS/2020.2/common/technology/xilinx/ip/util.gen 
Execute       source C:/Xilinx/Vitis_HLS/2020.2/common/technology/xilinx/ip/xfft.gen 
Execute       source C:/Xilinx/Vitis_HLS/2020.2/common/technology/xilinx/ip/xfir.gen 
Execute       source C:/Xilinx/Vitis_HLS/2020.2/common/technology/xilinx/DSP48/dsp48.gen 
Execute     import_lib C:/Xilinx/Vitis_HLS/2020.2/common/technology/xilinx/virtexuplus/virtexuplus 
Execute       source C:/Xilinx/Vitis_HLS/2020.2/common/technology/xilinx/interface/xilinx_interface.hlp 
Execute         source C:/Xilinx/Vitis_HLS/2020.2/common/technology/xilinx/interface/maxi.hlp 
Execute         source C:/Xilinx/Vitis_HLS/2020.2/common/technology/xilinx/interface/saxilite.hlp 
Execute       source C:/Xilinx/Vitis_HLS/2020.2/common/technology/xilinx/DSP48/dsp48.hlp 
Execute     source C:/Xilinx/Vitis_HLS/2020.2/common/technology/xilinx/common/xilinx.gen 
Execute       source C:/Xilinx/Vitis_HLS/2020.2/common/technology/xilinx/interface/plb46.gen 
Execute       source C:/Xilinx/Vitis_HLS/2020.2/common/technology/xilinx/interface/axi4.gen 
Execute       source C:/Xilinx/Vitis_HLS/2020.2/common/technology/xilinx/interface/nativeAXI4.gen 
Execute         source C:/Xilinx/Vitis_HLS/2020.2/common/technology/xilinx/interface/saxilite.gen 
Execute         source C:/Xilinx/Vitis_HLS/2020.2/common/technology/xilinx/interface/maxi.gen 
Execute       source C:/Xilinx/Vitis_HLS/2020.2/common/technology/xilinx/scripts/xilinxcoregen.gen 
Execute       source C:/Xilinx/Vitis_HLS/2020.2/common/technology/xilinx/interface/XilEDKCoreGen.gen 
Execute       source C:/Xilinx/Vitis_HLS/2020.2/common/technology/xilinx/ip/dds_compiler.gen 
Execute       source C:/Xilinx/Vitis_HLS/2020.2/common/technology/xilinx/ip/util.gen 
Execute       source C:/Xilinx/Vitis_HLS/2020.2/common/technology/xilinx/ip/xfft.gen 
Execute       source C:/Xilinx/Vitis_HLS/2020.2/common/technology/xilinx/ip/xfir.gen 
Execute       source C:/Xilinx/Vitis_HLS/2020.2/common/technology/xilinx/DSP48/dsp48.gen 
Execute     set_part xcvu11p-flga2577-1-e 
INFO-FLOW: DBG:set_part: XILINX_VIVADO=C:/Xilinx/Vivado/2020.2
INFO-FLOW: DBG:set_part: RDI_DATADIR=C:/Xilinx/Vivado/2020.2/data;C:/Xilinx/Vitis_HLS/2020.2/data
Execute       ap_part_info -name xcvu11p-flga2577-1-e -data single -quiet 
Execute       ap_part_info -name xcvu11p-flga2577-1-e -data info 
Execute       add_library xilinx/virtexuplus/virtexuplus:xcvu11p:-flga2577:-1-e 
Execute         get_default_platform 
Execute         open_platform DefaultPlatform 
Execute         ap_part_info -data single -name xcvu11p-flga2577-1-e 
Execute         ap_part_info -name xcvu11p-flga2577-1-e -data resources 
Execute         config_chip_info -resource {SLICE 162000} {LUT 1296000} {FF 2592000} {DSP 9216} {BRAM 4032} {URAM 960} {SLR 3} 
Execute         ap_part_info -name xcvu11p-flga2577-1-e -data info 
Execute         config_chip_info -speed slow 
Execute         ap_part_info -name xcvu11p-flga2577-1-e -data info 
Execute         config_library_info -library virtexuplus_slow 
Execute         config_library_info -family virtexuplus 
Execute         config_library_info -part xcvu11p:-flga2577:-1-e 
Execute         import_lib C:/Xilinx/Vitis_HLS/2020.2/common/technology/xilinx/virtexuplus/virtexuplus 
Execute           source C:/Xilinx/Vitis_HLS/2020.2/common/technology/xilinx/interface/xilinx_interface.hlp 
Execute             source C:/Xilinx/Vitis_HLS/2020.2/common/technology/xilinx/interface/maxi.hlp 
Execute             source C:/Xilinx/Vitis_HLS/2020.2/common/technology/xilinx/interface/saxilite.hlp 
Execute           source C:/Xilinx/Vitis_HLS/2020.2/common/technology/xilinx/DSP48/dsp48.hlp 
Execute           source C:/Xilinx/Vitis_HLS/2020.2/common/technology/xilinx/DSP48/virtexuplus_dsp48e2.hlp 
Execute         source C:/Xilinx/Vitis_HLS/2020.2/common/technology/xilinx/common/xilinx.gen 
Execute           source C:/Xilinx/Vitis_HLS/2020.2/common/technology/xilinx/interface/plb46.gen 
Execute           source C:/Xilinx/Vitis_HLS/2020.2/common/technology/xilinx/interface/axi4.gen 
Execute           source C:/Xilinx/Vitis_HLS/2020.2/common/technology/xilinx/interface/nativeAXI4.gen 
Execute             source C:/Xilinx/Vitis_HLS/2020.2/common/technology/xilinx/interface/saxilite.gen 
Execute             source C:/Xilinx/Vitis_HLS/2020.2/common/technology/xilinx/interface/maxi.gen 
Execute           source C:/Xilinx/Vitis_HLS/2020.2/common/technology/xilinx/scripts/xilinxcoregen.gen 
Execute           source C:/Xilinx/Vitis_HLS/2020.2/common/technology/xilinx/interface/XilEDKCoreGen.gen 
Execute           source C:/Xilinx/Vitis_HLS/2020.2/common/technology/xilinx/ip/dds_compiler.gen 
Execute           source C:/Xilinx/Vitis_HLS/2020.2/common/technology/xilinx/ip/util.gen 
Execute           source C:/Xilinx/Vitis_HLS/2020.2/common/technology/xilinx/ip/xfft.gen 
Execute           source C:/Xilinx/Vitis_HLS/2020.2/common/technology/xilinx/ip/xfir.gen 
Execute           source C:/Xilinx/Vitis_HLS/2020.2/common/technology/xilinx/DSP48/dsp48.gen 
Command       add_library done; 0.128 sec.
INFO: [HLS 200-10] Setting target device to 'xcvu11p-flga2577-1-e'
Execute       ap_part_info -name xcvu11p-flga2577-1-e -data info 
Execute       config_compile -quiet -complex-mul-dsp=0 
Command     set_part done; 0.156 sec.
Execute     ap_part_info -data single -name xcvu11p-flga2577-1-e 
Execute     ap_part_info -name xcvu11p-flga2577-1-e -data resources 
Execute     config_chip_info -resource {SLICE 162000} {LUT 1296000} {FF 2592000} {DSP 9216} {BRAM 4032} {URAM 960} {SLR 3} 
Execute     ap_part_info -name xcvu11p-flga2577-1-e -data info 
Execute     config_chip_info -speed slow 
Execute     send_msg_by_id INFO @200-1505@%s%s  vivado 
INFO: [HLS 200-1505] Using flow_target 'vivado'
Execute     get_config_interface -m_axi_latency 
Execute     get_config_interface -m_axi_alignment_byte_size 
Execute     get_config_interface -m_axi_max_widen_bitwidth 
Execute     get_config_interface -default_interface 
Execute     get_config_interface -m_axi_offset 
Execute     get_config_rtl -register_reset_num 
Execute     send_msg_by_id INFO @200-1464@%s config_export -format=ip_catalog 
INFO: [HLS 200-1464] Running solution command: config_export -format=ip_catalog
Execute     config_export -format=ip_catalog 
Execute     send_msg_by_id INFO @200-1464@%s config_export -rtl=verilog 
INFO: [HLS 200-1464] Running solution command: config_export -rtl=verilog
Execute     config_export -rtl=verilog 
Execute     send_msg_by_id INFO @200-1464@%s config_export -output=C:/Projects/dummy_top_level_function.zip 
INFO: [HLS 200-1464] Running solution command: config_export -output=C:/Projects/dummy_top_level_function.zip
Execute     config_export -output=C:/Projects/dummy_top_level_function.zip 
Command   open_solution done; 1.199 sec.
Execute   set_part xcvu11p-flga2577-1-e 
INFO: [HLS 200-1510] Running: set_part xcvu11p-flga2577-1-e 
INFO-FLOW: DBG:set_part: XILINX_VIVADO=C:/Xilinx/Vivado/2020.2
INFO-FLOW: DBG:set_part: RDI_DATADIR=C:/Xilinx/Vivado/2020.2/data;C:/Xilinx/Vitis_HLS/2020.2/data
Execute     ap_part_info -name xcvu11p-flga2577-1-e -data single -quiet 
Execute     ap_part_info -name xcvu11p-flga2577-1-e -data info 
Execute     add_library xilinx/virtexuplus/virtexuplus:xcvu11p:-flga2577:-1-e 
Execute       get_default_platform 
Execute       open_platform DefaultPlatform 
Execute       ap_part_info -data single -name xcvu11p-flga2577-1-e 
Execute       ap_part_info -name xcvu11p-flga2577-1-e -data resources 
Execute       config_chip_info -resource {SLICE 162000} {LUT 1296000} {FF 2592000} {DSP 9216} {BRAM 4032} {URAM 960} {SLR 3} 
Execute       ap_part_info -name xcvu11p-flga2577-1-e -data info 
Execute       config_chip_info -speed slow 
Execute       ap_part_info -name xcvu11p-flga2577-1-e -data info 
Execute       config_library_info -library virtexuplus_slow 
Execute       config_library_info -family virtexuplus 
Execute       config_library_info -part xcvu11p:-flga2577:-1-e 
Execute       import_lib C:/Xilinx/Vitis_HLS/2020.2/common/technology/xilinx/virtexuplus/virtexuplus 
Execute         source C:/Xilinx/Vitis_HLS/2020.2/common/technology/xilinx/interface/xilinx_interface.hlp 
Execute           source C:/Xilinx/Vitis_HLS/2020.2/common/technology/xilinx/interface/maxi.hlp 
Execute           source C:/Xilinx/Vitis_HLS/2020.2/common/technology/xilinx/interface/saxilite.hlp 
Execute         source C:/Xilinx/Vitis_HLS/2020.2/common/technology/xilinx/DSP48/dsp48.hlp 
Execute         source C:/Xilinx/Vitis_HLS/2020.2/common/technology/xilinx/DSP48/virtexuplus_dsp48e2.hlp 
Execute       source C:/Xilinx/Vitis_HLS/2020.2/common/technology/xilinx/common/xilinx.gen 
Execute         source C:/Xilinx/Vitis_HLS/2020.2/common/technology/xilinx/interface/plb46.gen 
Execute         source C:/Xilinx/Vitis_HLS/2020.2/common/technology/xilinx/interface/axi4.gen 
Execute         source C:/Xilinx/Vitis_HLS/2020.2/common/technology/xilinx/interface/nativeAXI4.gen 
Execute           source C:/Xilinx/Vitis_HLS/2020.2/common/technology/xilinx/interface/saxilite.gen 
Execute           source C:/Xilinx/Vitis_HLS/2020.2/common/technology/xilinx/interface/maxi.gen 
Execute         source C:/Xilinx/Vitis_HLS/2020.2/common/technology/xilinx/scripts/xilinxcoregen.gen 
Execute         source C:/Xilinx/Vitis_HLS/2020.2/common/technology/xilinx/interface/XilEDKCoreGen.gen 
Execute         source C:/Xilinx/Vitis_HLS/2020.2/common/technology/xilinx/ip/dds_compiler.gen 
Execute         source C:/Xilinx/Vitis_HLS/2020.2/common/technology/xilinx/ip/util.gen 
Execute         source C:/Xilinx/Vitis_HLS/2020.2/common/technology/xilinx/ip/xfft.gen 
Execute         source C:/Xilinx/Vitis_HLS/2020.2/common/technology/xilinx/ip/xfir.gen 
Execute         source C:/Xilinx/Vitis_HLS/2020.2/common/technology/xilinx/DSP48/dsp48.gen 
Command     add_library done; 0.103 sec.
Execute     ap_part_info -name xcvu11p-flga2577-1-e -data info 
Execute     config_compile -quiet -complex-mul-dsp=0 
Command   set_part done; 0.132 sec.
Execute   create_clock -period 10 -name default 
INFO: [HLS 200-1510] Running: create_clock -period 10 -name default 
Execute   config_export -format ip_catalog -output C:/Projects/dummy_top_level_function.zip -rtl verilog 
INFO: [HLS 200-1510] Running: config_export -format ip_catalog -output C:/Projects/dummy_top_level_function.zip -rtl verilog 
Execute   source ./ParticleCoverHLS/solution1/directives.tcl 
Execute     set_directive_top -name dummy_top_level_function dummy_top_level_function 
INFO: [HLS 200-1510] Running: set_directive_top -name dummy_top_level_function dummy_top_level_function 
INFO-FLOW: Setting directive 'TOP' name=dummy_top_level_function 
Execute   csynth_design 
INFO: [HLS 200-1510] Running: csynth_design 
Execute     get_config_compile -effort 
Execute     get_config_compile -enable_clang39 
Execute     get_config_compile -g 
Execute     get_config_compile -ng 
Execute     get_config_compile -opt_fp 
Execute     get_config_compile -skip_cdt 
Execute     get_config_compile -skip_syncheck 
Execute     get_config_compile -skip_transform 
Execute     get_config_compile -keep_printf 
Execute     elaborate -effort=medium -skip_syncheck=0 -keep_printf=0 -skip_cdt=0 -skip_transform=0 -ng=0 -g=0 -opt_fp=0 -from_csynth_design=1 
INFO: [HLS 200-111] Finished File checks and directory preparation: CPU user time: 0 seconds. CPU system time: 0 seconds. Elapsed time: 0.04 seconds; current allocated memory: 162.624 MB.
INFO: [HLS 200-10] Analyzing design file 'ParticleCoverHLS/src/parser.cxx' ... 
INFO-FLOW: Compiling one TU...
Execute       get_config_compile -pragma_strict_mode 
INFO-FLOW: Handling ParticleCoverHLS/src/parser.cxx as C++
Execute       ap_part_info -name xcvu11p-flga2577-1-e -data info 
INFO-FLOW: Running: GCC PP 39
INFO-FLOW: Source preprocessing
Execute       ap_eval exec -ignorestderr C:/Xilinx/Vitis_HLS/2020.2/win64/tools/clang-3.9-csynth/bin/clang ParticleCoverHLS/src/parser.cxx -foptimization-record-file=C:/Projects/ParticleCoverHLS/solution1/.autopilot/db/clang.parser.cxx.diag.yml -mllvm -pass-remarks-missed=reflow|pasta|unroll -mllvm -pass-remarks=reflow|pasta|unroll|inline -fno-limit-debug-info --sysroot C:/Xilinx/Vitis_HLS/2020.2/tps/mingw/6.2.0/win64.o/nt -fhls -fno-exceptions -E -IC:/Projects/ParticleCoverHLS/include -fno-math-errno -c -emit-llvm -mllvm -disable-llvm-optzns -Werror=implicit-function-declaration -Werror=implicit-hls-streams -Werror=return-type -Wpragmas -Wunused-parameter -fno-threadsafe-statics -fno-use-cxa-atexit -std=gnu++14 -target fpga64-xilinx-mingw32 -fno-threadsafe-statics -fno-use-cxa-atexit -I C:/Xilinx/Vitis_HLS/2020.2/common/technology/autopilot/39 -D__VITIS_HLS__ -DAESL_SYN -D__SYNTHESIS__ -D__HLS_SYN__ -I C:/Xilinx/Vitis_HLS/2020.2/common/technology/autopilot -I C:/Xilinx/Vitis_HLS/2020.2/common/technology/autopilot/ap_sysc -include etc/autopilot_ssdm_op.h -D__DSP48E2__ -o C:/Projects/ParticleCoverHLS/solution1/.autopilot/db/parser.pp.0.cxx > C:/Projects/ParticleCoverHLS/solution1/.autopilot/db/clang.parser.cxx.out.log 2> C:/Projects/ParticleCoverHLS/solution1/.autopilot/db/clang.parser.cxx.err.log 
Command       ap_eval done; 0.142 sec.
INFO-FLOW: Done: GCC PP 39 time: 0.1 seconds per iteration
Execute       set_directive_top dummy_top_level_function -name=dummy_top_level_function 
INFO-FLOW: Setting directive 'TOP' name=dummy_top_level_function 
INFO-FLOW: Setting directive 'TOP' name=dummy_top_level_function 
INFO-FLOW: Setting directive 'TOP' name=dummy_top_level_function 
INFO-FLOW: Setting directive 'TOP' name=dummy_top_level_function 
Execute       source C:/Xilinx/Vitis_HLS/2020.2/tps/tcl/tcllib1.11.1/yaml/huddle.tcl 
Execute       source C:/Xilinx/Vitis_HLS/2020.2/tps/tcl/tcllib1.11.1/yaml/json2huddle.tcl 
Execute         source C:/Xilinx/Vitis_HLS/2020.2/tps/tcl/tcllib1.11.1/try/try.tcl 
INFO-FLOW: Setting directive 'TOP' name=dummy_top_level_function 
INFO-FLOW: Setting directive 'TOP' name=dummy_top_level_function 
Execute       list_core -type functional_unit 
Execute       clang_tidy xilinx-systemc-detector C:/Projects/ParticleCoverHLS/solution1/.autopilot/db/parser.pp.0.cxx std=gnu++14 -target fpga  -directive=C:/Projects/ParticleCoverHLS/solution1/.autopilot/db/.systemc_flag 
INFO-FLOW: exec C:/Xilinx/Vitis_HLS/2020.2/win64/tools/clang-3.9-csynth/bin/clang-tidy -header-filter=.* --checks=-*,xilinx-systemc-detector -import-directive=C:/Projects/ParticleCoverHLS/solution1/.autopilot/db/.systemc_flag -fix-errors C:/Projects/ParticleCoverHLS/solution1/.autopilot/db/parser.pp.0.cxx -- -std=gnu++14 -target fpga -fhls -ferror-limit=0
Command       clang_tidy done; 0.115 sec.
INFO-FLOW: Running: clang-tidy CDT preprocess 39
Execute       clang_tidy xilinx-directive2pragma C:/Projects/ParticleCoverHLS/solution1/.autopilot/db/parser.pp.0.cxx std=gnu++14 -target fpga  -directive=C:/Projects/ParticleCoverHLS/solution1/.autopilot/db/all.directive.json 
INFO-FLOW: exec C:/Xilinx/Vitis_HLS/2020.2/win64/tools/clang-3.9-csynth/bin/clang-tidy -header-filter=.* --checks=-*,xilinx-directive2pragma -import-directive=C:/Projects/ParticleCoverHLS/solution1/.autopilot/db/all.directive.json -fix-errors C:/Projects/ParticleCoverHLS/solution1/.autopilot/db/parser.pp.0.cxx -- -std=gnu++14 -target fpga -fhls -ferror-limit=0
Execute       clang_tidy xilinx-constantarray-param,xilinx-remove-assert C:/Projects/ParticleCoverHLS/solution1/.autopilot/db/parser.pp.0.cxx std=gnu++14 -target fpga  
INFO-FLOW: exec C:/Xilinx/Vitis_HLS/2020.2/win64/tools/clang-3.9-csynth/bin/clang-tidy -header-filter=.* --checks=-*,xilinx-constantarray-param,xilinx-remove-assert -fix-errors C:/Projects/ParticleCoverHLS/solution1/.autopilot/db/parser.pp.0.cxx -- -std=gnu++14 -target fpga -fhls -ferror-limit=0
INFO-FLOW: Done: clang-tidy CDT preprocess 39 time: 0.1 seconds per iteration
INFO-FLOW: Calling xilinx-label-all-loops ... 
Execute       clang_tidy -errorcheck xilinx-label-all-loops,xilinx-top-parameters,xilinx-array-stream-check,xilinx-warn-mayneed-no-ctor-attribute C:/Projects/ParticleCoverHLS/solution1/.autopilot/db/parser.pp.0.cxx std=gnu++14 -target fpga  
Execute         ap_eval exec -ignorestderr C:/Xilinx/Vitis_HLS/2020.2/win64/tools/clang-3.9-csynth/bin/clang-tidy -export-fixes=C:/Projects/ParticleCoverHLS/solution1/.autopilot/db/clang-tidy.parser.pp.0.cxx.diag.yml -header-filter=.* --checks=-*,xilinx-label-all-loops,xilinx-top-parameters,xilinx-array-stream-check,xilinx-warn-mayneed-no-ctor-attribute -fix-errors C:/Projects/ParticleCoverHLS/solution1/.autopilot/db/parser.pp.0.cxx -- -std=gnu++14 -target fpga -fhls -ferror-limit=0 > C:/Projects/ParticleCoverHLS/solution1/.autopilot/db/clang-tidy.parser.pp.0.cxx.out.log 2> C:/Projects/ParticleCoverHLS/solution1/.autopilot/db/clang-tidy.parser.pp.0.cxx.err.log 
Execute         source C:/Xilinx/Vitis_HLS/2020.2/tps/tcl/tcllib1.11.1/yaml/yaml.tcl 
Execute           source C:/Xilinx/Vitis_HLS/2020.2/tps/tcl/tcllib1.11.1/cmdline/cmdline.tcl 
Execute       get_config_dataflow -strict_mode 
Execute       ap_eval exec -ignorestderr C:/Xilinx/Vitis_HLS/2020.2/win64/tools/clang-3.9-csynth/bin/xilinx-dataflow-lawyer -export-fixes=C:/Projects/ParticleCoverHLS/solution1/.autopilot/db/xilinx-dataflow-lawyer.parser.pp.0.cxx.diag.yml C:/Projects/ParticleCoverHLS/solution1/.autopilot/db/parser.pp.0.cxx -- -std=gnu++14 -target fpga -fhls -ferror-limit=0 -fstrict-dataflow > C:/Projects/ParticleCoverHLS/solution1/.autopilot/db/xilinx-dataflow-lawyer.parser.pp.0.cxx.out.log 2> C:/Projects/ParticleCoverHLS/solution1/.autopilot/db/xilinx-dataflow-lawyer.parser.pp.0.cxx.err.log 
Execute       ap_part_info -name xcvu11p-flga2577-1-e -data info 
INFO-FLOW: compiling source code to llvm bc
Execute       ap_eval exec -ignorestderr C:/Xilinx/Vitis_HLS/2020.2/win64/tools/clang-3.9-csynth/bin/clang -foptimization-record-file=C:/Projects/ParticleCoverHLS/solution1/.autopilot/db/clang.parser.pp.0.cxx.diag.yml -mllvm -pass-remarks-missed=reflow|pasta|unroll -mllvm -pass-remarks=reflow|pasta|unroll|inline -fno-limit-debug-info -fhls -flto -fno-exceptions -Wno-error=c++11-narrowing C:/Projects/ParticleCoverHLS/solution1/.autopilot/db/parser.pp.0.cxx -IC:/Projects/ParticleCoverHLS/include -fno-math-errno -c -emit-llvm -mllvm -disable-llvm-optzns -Werror=implicit-function-declaration -Werror=implicit-hls-streams -Werror=return-type -Wpragmas -Wunused-parameter -fno-threadsafe-statics -fno-use-cxa-atexit -std=gnu++14 -target fpga64-xilinx-linux-gnu -D__VITIS_HLS__ -DAESL_SYN -D__SYNTHESIS__ -D__HLS_SYN__ -I C:/Xilinx/Vitis_HLS/2020.2/common/technology/autopilot -I C:/Xilinx/Vitis_HLS/2020.2/common/technology/autopilot/ap_sysc -include etc/autopilot_ssdm_op.h -D__DSP48E2__ -g -o C:/Projects/ParticleCoverHLS/solution1/.autopilot/db/parser.bc > C:/Projects/ParticleCoverHLS/solution1/.autopilot/db/clang.parser.pp.0.cxx.out.log 2> C:/Projects/ParticleCoverHLS/solution1/.autopilot/db/clang.parser.pp.0.cxx.err.log 
INFO: [HLS 200-10] Analyzing design file 'ParticleCoverHLS/src/debug.cxx' ... 
INFO-FLOW: Compiling one TU...
Execute       get_config_compile -pragma_strict_mode 
INFO-FLOW: Handling ParticleCoverHLS/src/debug.cxx as C++
Execute       ap_part_info -name xcvu11p-flga2577-1-e -data info 
INFO-FLOW: Running: GCC PP 39
INFO-FLOW: Source preprocessing
Execute       ap_eval exec -ignorestderr C:/Xilinx/Vitis_HLS/2020.2/win64/tools/clang-3.9-csynth/bin/clang ParticleCoverHLS/src/debug.cxx -foptimization-record-file=C:/Projects/ParticleCoverHLS/solution1/.autopilot/db/clang.debug.cxx.diag.yml -mllvm -pass-remarks-missed=reflow|pasta|unroll -mllvm -pass-remarks=reflow|pasta|unroll|inline -fno-limit-debug-info --sysroot C:/Xilinx/Vitis_HLS/2020.2/tps/mingw/6.2.0/win64.o/nt -fhls -fno-exceptions -E -IC:/Projects/ParticleCoverHLS/include -fno-math-errno -c -emit-llvm -mllvm -disable-llvm-optzns -Werror=implicit-function-declaration -Werror=implicit-hls-streams -Werror=return-type -Wpragmas -Wunused-parameter -fno-threadsafe-statics -fno-use-cxa-atexit -std=gnu++14 -target fpga64-xilinx-mingw32 -fno-threadsafe-statics -fno-use-cxa-atexit -I C:/Xilinx/Vitis_HLS/2020.2/common/technology/autopilot/39 -D__VITIS_HLS__ -DAESL_SYN -D__SYNTHESIS__ -D__HLS_SYN__ -I C:/Xilinx/Vitis_HLS/2020.2/common/technology/autopilot -I C:/Xilinx/Vitis_HLS/2020.2/common/technology/autopilot/ap_sysc -include etc/autopilot_ssdm_op.h -D__DSP48E2__ -o C:/Projects/ParticleCoverHLS/solution1/.autopilot/db/debug.pp.0.cxx > C:/Projects/ParticleCoverHLS/solution1/.autopilot/db/clang.debug.cxx.out.log 2> C:/Projects/ParticleCoverHLS/solution1/.autopilot/db/clang.debug.cxx.err.log 
INFO-FLOW: Done: GCC PP 39 time: 0 seconds per iteration
Execute       set_directive_top dummy_top_level_function -name=dummy_top_level_function 
INFO-FLOW: Setting directive 'TOP' name=dummy_top_level_function 
INFO-FLOW: Setting directive 'TOP' name=dummy_top_level_function 
INFO-FLOW: Setting directive 'TOP' name=dummy_top_level_function 
INFO-FLOW: Setting directive 'TOP' name=dummy_top_level_function 
INFO-FLOW: Setting directive 'TOP' name=dummy_top_level_function 
INFO-FLOW: Setting directive 'TOP' name=dummy_top_level_function 
INFO-FLOW: Setting directive 'TOP' name=dummy_top_level_function 
INFO-FLOW: Setting directive 'TOP' name=dummy_top_level_function 
INFO-FLOW: Setting directive 'TOP' name=dummy_top_level_function 
Execute       list_core -type functional_unit 
Execute       clang_tidy xilinx-systemc-detector C:/Projects/ParticleCoverHLS/solution1/.autopilot/db/debug.pp.0.cxx std=gnu++14 -target fpga  -directive=C:/Projects/ParticleCoverHLS/solution1/.autopilot/db/.systemc_flag 
INFO-FLOW: exec C:/Xilinx/Vitis_HLS/2020.2/win64/tools/clang-3.9-csynth/bin/clang-tidy -header-filter=.* --checks=-*,xilinx-systemc-detector -import-directive=C:/Projects/ParticleCoverHLS/solution1/.autopilot/db/.systemc_flag -fix-errors C:/Projects/ParticleCoverHLS/solution1/.autopilot/db/debug.pp.0.cxx -- -std=gnu++14 -target fpga -fhls -ferror-limit=0
INFO-FLOW: Running: clang-tidy CDT preprocess 39
Execute       clang_tidy xilinx-directive2pragma C:/Projects/ParticleCoverHLS/solution1/.autopilot/db/debug.pp.0.cxx std=gnu++14 -target fpga  -directive=C:/Projects/ParticleCoverHLS/solution1/.autopilot/db/all.directive.json 
INFO-FLOW: exec C:/Xilinx/Vitis_HLS/2020.2/win64/tools/clang-3.9-csynth/bin/clang-tidy -header-filter=.* --checks=-*,xilinx-directive2pragma -import-directive=C:/Projects/ParticleCoverHLS/solution1/.autopilot/db/all.directive.json -fix-errors C:/Projects/ParticleCoverHLS/solution1/.autopilot/db/debug.pp.0.cxx -- -std=gnu++14 -target fpga -fhls -ferror-limit=0
Execute       clang_tidy xilinx-constantarray-param,xilinx-remove-assert C:/Projects/ParticleCoverHLS/solution1/.autopilot/db/debug.pp.0.cxx std=gnu++14 -target fpga  
INFO-FLOW: exec C:/Xilinx/Vitis_HLS/2020.2/win64/tools/clang-3.9-csynth/bin/clang-tidy -header-filter=.* --checks=-*,xilinx-constantarray-param,xilinx-remove-assert -fix-errors C:/Projects/ParticleCoverHLS/solution1/.autopilot/db/debug.pp.0.cxx -- -std=gnu++14 -target fpga -fhls -ferror-limit=0
INFO-FLOW: Done: clang-tidy CDT preprocess 39 time: 0.1 seconds per iteration
INFO-FLOW: Calling xilinx-label-all-loops ... 
Execute       clang_tidy -errorcheck xilinx-label-all-loops,xilinx-top-parameters,xilinx-array-stream-check,xilinx-warn-mayneed-no-ctor-attribute C:/Projects/ParticleCoverHLS/solution1/.autopilot/db/debug.pp.0.cxx std=gnu++14 -target fpga  
Execute         ap_eval exec -ignorestderr C:/Xilinx/Vitis_HLS/2020.2/win64/tools/clang-3.9-csynth/bin/clang-tidy -export-fixes=C:/Projects/ParticleCoverHLS/solution1/.autopilot/db/clang-tidy.debug.pp.0.cxx.diag.yml -header-filter=.* --checks=-*,xilinx-label-all-loops,xilinx-top-parameters,xilinx-array-stream-check,xilinx-warn-mayneed-no-ctor-attribute -fix-errors C:/Projects/ParticleCoverHLS/solution1/.autopilot/db/debug.pp.0.cxx -- -std=gnu++14 -target fpga -fhls -ferror-limit=0 > C:/Projects/ParticleCoverHLS/solution1/.autopilot/db/clang-tidy.debug.pp.0.cxx.out.log 2> C:/Projects/ParticleCoverHLS/solution1/.autopilot/db/clang-tidy.debug.pp.0.cxx.err.log 
Execute       get_config_dataflow -strict_mode 
Execute       ap_eval exec -ignorestderr C:/Xilinx/Vitis_HLS/2020.2/win64/tools/clang-3.9-csynth/bin/xilinx-dataflow-lawyer -export-fixes=C:/Projects/ParticleCoverHLS/solution1/.autopilot/db/xilinx-dataflow-lawyer.debug.pp.0.cxx.diag.yml C:/Projects/ParticleCoverHLS/solution1/.autopilot/db/debug.pp.0.cxx -- -std=gnu++14 -target fpga -fhls -ferror-limit=0 -fstrict-dataflow > C:/Projects/ParticleCoverHLS/solution1/.autopilot/db/xilinx-dataflow-lawyer.debug.pp.0.cxx.out.log 2> C:/Projects/ParticleCoverHLS/solution1/.autopilot/db/xilinx-dataflow-lawyer.debug.pp.0.cxx.err.log 
Execute       ap_part_info -name xcvu11p-flga2577-1-e -data info 
INFO-FLOW: compiling source code to llvm bc
Execute       ap_eval exec -ignorestderr C:/Xilinx/Vitis_HLS/2020.2/win64/tools/clang-3.9-csynth/bin/clang -foptimization-record-file=C:/Projects/ParticleCoverHLS/solution1/.autopilot/db/clang.debug.pp.0.cxx.diag.yml -mllvm -pass-remarks-missed=reflow|pasta|unroll -mllvm -pass-remarks=reflow|pasta|unroll|inline -fno-limit-debug-info -fhls -flto -fno-exceptions -Wno-error=c++11-narrowing C:/Projects/ParticleCoverHLS/solution1/.autopilot/db/debug.pp.0.cxx -IC:/Projects/ParticleCoverHLS/include -fno-math-errno -c -emit-llvm -mllvm -disable-llvm-optzns -Werror=implicit-function-declaration -Werror=implicit-hls-streams -Werror=return-type -Wpragmas -Wunused-parameter -fno-threadsafe-statics -fno-use-cxa-atexit -std=gnu++14 -target fpga64-xilinx-linux-gnu -D__VITIS_HLS__ -DAESL_SYN -D__SYNTHESIS__ -D__HLS_SYN__ -I C:/Xilinx/Vitis_HLS/2020.2/common/technology/autopilot -I C:/Xilinx/Vitis_HLS/2020.2/common/technology/autopilot/ap_sysc -include etc/autopilot_ssdm_op.h -D__DSP48E2__ -g -o C:/Projects/ParticleCoverHLS/solution1/.autopilot/db/debug.bc > C:/Projects/ParticleCoverHLS/solution1/.autopilot/db/clang.debug.pp.0.cxx.out.log 2> C:/Projects/ParticleCoverHLS/solution1/.autopilot/db/clang.debug.pp.0.cxx.err.log 
INFO: [HLS 200-111] Finished Source Code Analysis and Preprocessing: CPU user time: 0 seconds. CPU system time: 0 seconds. Elapsed time: 0.958 seconds; current allocated memory: 164.064 MB.
INFO-FLOW: Linking Debug ...
INFO-FLOW: Linking dut bc code.
Execute       run_link_or_opt -out C:/Projects/ParticleCoverHLS/solution1/.autopilot/db/a.g.ld.0.bc -args  "C:/Projects/ParticleCoverHLS/solution1/.autopilot/db/parser.g.bc" "C:/Projects/ParticleCoverHLS/solution1/.autopilot/db/debug.g.bc"  
Execute         ap_eval exec -ignorestderr C:/Xilinx/Vitis_HLS/2020.2/win64/tools/clang-3.9-csynth/bin/llvm-link C:/Projects/ParticleCoverHLS/solution1/.autopilot/db/parser.g.bc C:/Projects/ParticleCoverHLS/solution1/.autopilot/db/debug.g.bc -o C:/Projects/ParticleCoverHLS/solution1/.autopilot/db/a.g.ld.0.bc > C:/Projects/ParticleCoverHLS/solution1/.autopilot/db/llvm-link.a.g.ld.0.bc.out.log 2> C:/Projects/ParticleCoverHLS/solution1/.autopilot/db/llvm-link.a.g.ld.0.bc.err.log 
INFO-FLOW: 
Execute       run_link_or_opt -opt -out C:/Projects/ParticleCoverHLS/solution1/.autopilot/db/a.g.ld.1.lower.bc -args C:/Projects/ParticleCoverHLS/solution1/.autopilot/db/a.g.ld.0.bc -reflow-lower-math-intrinsics 
Execute         ap_eval exec -ignorestderr C:/Xilinx/Vitis_HLS/2020.2/win64/tools/clang-3.9-csynth/bin/opt -pass-remarks-missed=reflow|pasta|unroll -pass-remarks=reflow|pasta|unroll|inline -pass-remarks-output=C:/Projects/ParticleCoverHLS/solution1/.autopilot/db/opt.a.g.ld.1.lower.bc.diag.yml C:/Projects/ParticleCoverHLS/solution1/.autopilot/db/a.g.ld.0.bc -reflow-lower-math-intrinsics -o C:/Projects/ParticleCoverHLS/solution1/.autopilot/db/a.g.ld.1.lower.bc > C:/Projects/ParticleCoverHLS/solution1/.autopilot/db/opt.a.g.ld.1.lower.bc.out.log 2> C:/Projects/ParticleCoverHLS/solution1/.autopilot/db/opt.a.g.ld.1.lower.bc.err.log 
INFO-FLOW: 
INFO-FLOW: Linking math bc lib
Execute       run_link_or_opt -out C:/Projects/ParticleCoverHLS/solution1/.autopilot/db/a.g.ld.2.m1.bc -args C:/Projects/ParticleCoverHLS/solution1/.autopilot/db/a.g.ld.1.lower.bc -only-needed C:/Xilinx/Vitis_HLS/2020.2/win64/lib/libhlsm_39.bc C:/Xilinx/Vitis_HLS/2020.2/win64/lib/libhlsmc++_39.bc 
Execute         ap_eval exec -ignorestderr C:/Xilinx/Vitis_HLS/2020.2/win64/tools/clang-3.9-csynth/bin/llvm-link C:/Projects/ParticleCoverHLS/solution1/.autopilot/db/a.g.ld.1.lower.bc -only-needed C:/Xilinx/Vitis_HLS/2020.2/win64/lib/libhlsm_39.bc C:/Xilinx/Vitis_HLS/2020.2/win64/lib/libhlsmc++_39.bc -o C:/Projects/ParticleCoverHLS/solution1/.autopilot/db/a.g.ld.2.m1.bc > C:/Projects/ParticleCoverHLS/solution1/.autopilot/db/llvm-link.a.g.ld.2.m1.bc.out.log 2> C:/Projects/ParticleCoverHLS/solution1/.autopilot/db/llvm-link.a.g.ld.2.m1.bc.err.log 
Command         ap_eval done; 1.414 sec.
INFO-FLOW: 
Command       run_link_or_opt done; 1.415 sec.
Execute       run_link_or_opt -opt -out C:/Projects/ParticleCoverHLS/solution1/.autopilot/db/a.g.ld.3.fpc.bc -args C:/Projects/ParticleCoverHLS/solution1/.autopilot/db/a.g.ld.2.m1.bc -reflow-globaldce -hls-top-function-name=dummy_top_level_function -reflow-float-conversion 
Execute         ap_eval exec -ignorestderr C:/Xilinx/Vitis_HLS/2020.2/win64/tools/clang-3.9-csynth/bin/opt -pass-remarks-missed=reflow|pasta|unroll -pass-remarks=reflow|pasta|unroll|inline -pass-remarks-output=C:/Projects/ParticleCoverHLS/solution1/.autopilot/db/opt.a.g.ld.3.fpc.bc.diag.yml C:/Projects/ParticleCoverHLS/solution1/.autopilot/db/a.g.ld.2.m1.bc -reflow-globaldce -hls-top-function-name=dummy_top_level_function -reflow-float-conversion -o C:/Projects/ParticleCoverHLS/solution1/.autopilot/db/a.g.ld.3.fpc.bc > C:/Projects/ParticleCoverHLS/solution1/.autopilot/db/opt.a.g.ld.3.fpc.bc.out.log 2> C:/Projects/ParticleCoverHLS/solution1/.autopilot/db/opt.a.g.ld.3.fpc.bc.err.log 
Command         ap_eval done; 0.5 sec.
INFO-FLOW: 
Command       run_link_or_opt done; 0.501 sec.
Execute       run_link_or_opt -out C:/Projects/ParticleCoverHLS/solution1/.autopilot/db/a.g.ld.4.m2.bc -args C:/Projects/ParticleCoverHLS/solution1/.autopilot/db/a.g.ld.3.fpc.bc -only-needed C:/Xilinx/Vitis_HLS/2020.2/win64/lib/libfloatconversion_39.bc 
Execute         ap_eval exec -ignorestderr C:/Xilinx/Vitis_HLS/2020.2/win64/tools/clang-3.9-csynth/bin/llvm-link C:/Projects/ParticleCoverHLS/solution1/.autopilot/db/a.g.ld.3.fpc.bc -only-needed C:/Xilinx/Vitis_HLS/2020.2/win64/lib/libfloatconversion_39.bc -o C:/Projects/ParticleCoverHLS/solution1/.autopilot/db/a.g.ld.4.m2.bc > C:/Projects/ParticleCoverHLS/solution1/.autopilot/db/llvm-link.a.g.ld.4.m2.bc.out.log 2> C:/Projects/ParticleCoverHLS/solution1/.autopilot/db/llvm-link.a.g.ld.4.m2.bc.err.log 
INFO-FLOW: 
Execute       run_link_or_opt -opt -out C:/Projects/ParticleCoverHLS/solution1/.autopilot/db/a.g.ld.5.gdce.bc -args C:/Projects/ParticleCoverHLS/solution1/.autopilot/db/a.g.ld.4.m2.bc -reflow-globaldce -hls-top-function-name=dummy_top_level_function 
Execute         ap_eval exec -ignorestderr C:/Xilinx/Vitis_HLS/2020.2/win64/tools/clang-3.9-csynth/bin/opt -pass-remarks-missed=reflow|pasta|unroll -pass-remarks=reflow|pasta|unroll|inline -pass-remarks-output=C:/Projects/ParticleCoverHLS/solution1/.autopilot/db/opt.a.g.ld.5.gdce.bc.diag.yml C:/Projects/ParticleCoverHLS/solution1/.autopilot/db/a.g.ld.4.m2.bc -reflow-globaldce -hls-top-function-name=dummy_top_level_function -o C:/Projects/ParticleCoverHLS/solution1/.autopilot/db/a.g.ld.5.gdce.bc > C:/Projects/ParticleCoverHLS/solution1/.autopilot/db/opt.a.g.ld.5.gdce.bc.out.log 2> C:/Projects/ParticleCoverHLS/solution1/.autopilot/db/opt.a.g.ld.5.gdce.bc.err.log 
INFO-FLOW: 
Execute       get_solution -flow_target 
Execute       get_config_export -xo 
Execute       get_config_export -format 
Execute       get_config_rtl -module_prefix 
Execute       get_config_interface -default_slave_interface 
Execute       get_solution -flow_target 
Execute       get_config_export -xo 
Execute       get_config_export -format 
Execute       get_config_interface -m_axi_offset 
Execute       get_config_interface -m_axi_latency 
Execute       get_config_interface -m_axi_alignment_byte_size 
Execute       get_config_interface -m_axi_min_bitwidth 
Execute       get_config_interface -m_axi_max_bitwidth 
Execute       get_config_interface -m_axi_max_widen_bitwidth 
Execute       get_config_interface -m_axi_num_read_outstanding 
Execute       get_config_interface -m_axi_num_write_outstanding 
Execute       get_config_interface -m_axi_max_read_burst_length 
Execute       get_config_interface -m_axi_max_write_burst_length 
Execute       get_config_interface -m_axi_min_bitwidth 
Execute       get_config_interface -m_axi_max_bitwidth 
Execute       get_config_interface -m_axi_latency 
Execute       get_config_interface -m_axi_min_bitwidth 
Execute       get_config_interface -m_axi_max_bitwidth 
Execute       get_config_interface -m_axi_max_widen_bitwidth 
Execute       get_config_interface -m_axi_auto_max_ports 
Execute       get_config_interface -m_axi_num_read_outstanding 
Execute       get_config_interface -m_axi_num_write_outstanding 
Execute       get_config_interface -m_axi_max_read_burst_length 
Execute       get_config_interface -m_axi_max_write_burst_length 
Execute       get_config_interface -s_axilite_data64 
Execute       get_config_interface -m_axi_alignment_byte_size 
Execute       get_config_compile -pragma_strict_mode 
Execute       get_config_compile -pipeline_style 
Execute       send_msg_by_id INFO @200-777@%s Vivado 
INFO: [HLS 200-777] Using interface defaults for 'Vivado' flow target.
Execute       is_m_axi_addr64 
INFO-FLOW: Doing LTO.
Execute       ap_eval exec -ignorestderr C:/Xilinx/Vitis_HLS/2020.2/win64/tools/clang-3.9-csynth/bin/clang -foptimization-record-file=C:/Projects/ParticleCoverHLS/solution1/.autopilot/db/clang.a.g.ld.0.bc.diag.yml -mllvm -pass-remarks-missed=reflow|pasta|unroll -mllvm -pass-remarks=reflow|pasta|unroll|inline -fhls -mllvm -hls-top-function-name=dummy_top_level_function -mllvm -hls-db-dir -mllvm C:/Projects/ParticleCoverHLS/solution1/.autopilot/db -emit-llvm -c -target fpga64-xilinx-none -mllvm -xcl-xmlinfo=C:/Projects/ParticleCoverHLS/solution1/.autopilot/db/kernel.internal.xml -mllvm -top-io-mapping-info=C:/Projects/ParticleCoverHLS/solution1/.autopilot/db/top-io-fe.xml -mllvm -hls-bitcode-version=3.1 -mllvm -reflow-enable-slave-interface-default-setting=true -mllvm -gen-kernel-xml=false -mllvm -default-maxi-offset=off -mllvm -maxi-latency=0 -mllvm -hls-maxi-data-size-in-bits=8 -mllvm -hls-maxi-max-data-size-in-bits=1024 -mllvm -hls-max-widen-size-in-bits=0 -mllvm -xcl-kernel-max-mem-ports=0 -mllvm -maxi-read-trans=16 -mllvm -maxi-write-trans=16 -mllvm -maxi-read-burst-len=16 -mllvm -maxi-write-burst-len=16 -mllvm -reflow-enable-saxi-64bits=0 -mllvm -assume-maxi-align=0 -mllvm -no-unaligned-maxi-accesses -mllvm -reflow-pipeline-style-llvm-setting=0 -mllvm -disable-inlined-alloca-merging=true -x ir C:/Projects/ParticleCoverHLS/solution1/.autopilot/db/a.g.ld.5.gdce.bc -o C:/Projects/ParticleCoverHLS/solution1/.autopilot/db/a.g.lto.bc > C:/Projects/ParticleCoverHLS/solution1/.autopilot/db/clang.a.g.ld.0.bc.out.log 2> C:/Projects/ParticleCoverHLS/solution1/.autopilot/db/clang.a.g.ld.0.bc.err.log 
INFO-FLOW: DBG:CMD: copy_raw_kernel_xml ap_link_39: kernel.xml not generated: C:/Projects/ParticleCoverHLS/solution1/.autopilot/db/kernel.internal.xml
INFO: [HLS 200-111] Finished Compiling Optimization and Transform: CPU user time: 1 seconds. CPU system time: 0 seconds. Elapsed time: 2.26 seconds; current allocated memory: 165.264 MB.
INFO: [HLS 200-111] Finished Checking Pragmas: CPU user time: 0 seconds. CPU system time: 0 seconds. Elapsed time: 0.035 seconds; current allocated memory: 165.265 MB.
Execute       opt_and_import_c a -opt_level=2 -skip_syncheck=0 -ng=0 -keep_printf=0 
Execute         cleanup_all_models 
INFO: [HLS 200-10] Starting code transformations ...
INFO-FLOW: Running Standard Transforms...
Execute         transform -hls -share-std-xform -demangle-name -inline-byval-memcpy -always-inline -promote-dbg-pointer -interface-preproc -mem2reg -scalarrepl -mem2reg -keep-read-access -instcombine -dce -promote-dbg-pointer -bitop-raise -loop-simplify -indvarspre -indvars -loop-simplify -xunroll -constprop -instcombine -simplifycfg -indvars -simplifycfg -dce -globaldce -basicaa -simplifycfg -mem2reg -globalopt -global-constprop -deadargelim -instcombine -simplifycfg -scalarrepl -instcombine -reassociate -licm -simplifycfg -loop-simplify -indvars -instcombine -simplifycfg -mem2reg -loop-simplify -indvars -instcombine -gvn -gvn -instcombine -adce -break-crit-edges -simplifycfg -loop-delete -global-array-opt -dce -dse -adce -find-syn-modules -top dummy_top_level_function -deadargelim -mem2reg -instcombine -dce -presyn-prepare -auto-rom-infer -interface-preproc -syn-check -check-rec-only -find-region -simplifycfg -func-extr -function-inline -globaldce -mem2reg -instcombine -dce -gvn -globaldce -adce -adse -constprop -instcombine -bit-constprop -instcombine -dce -simplifycfg -bitop-raise -simplifycfg -dce -loop-delete -reassociate -globalopt -global-privatize -mem2reg -dce -global-constprop -pointer-simplify -constprop -dce -func-inst -deadargelim -auto-shift-reg-idiom -promote-dbg-pointer -norm-name C:/Projects/ParticleCoverHLS/solution1/.autopilot/db/a.g.0.bc -o C:/Projects/ParticleCoverHLS/solution1/.autopilot/db/a.g.1.bc -f -phase std-opt 
INFO: [HLS 200-111] Finished Standard Transforms: CPU user time: 0 seconds. CPU system time: 0 seconds. Elapsed time: 0.086 seconds; current allocated memory: 166.387 MB.
INFO: [HLS 200-10] Checking synthesizability ...
INFO-FLOW: Checking Synthesizability 1/2..
Execute         transform -hls -syn-check -check-rec-only -disaggr -scalarrepl -norm-name -dce -mem2reg -instcombine -function-uniquify -directive-preproc -mem2reg -dse -dce -auto-rom-infer -dce -pag -array-normalize -instcombine -dce -array-seg-normalize -instcombine -dce -data-pack -instcombine -dce -inst-simplify -array-flatten -instcombine -dce -array-burst -dce -deadargelim -promote-global-argument -simplifycfg -mem2reg -globaldce -dce -deadargelim -dce -instcombine -function-inline -globaldce -dce -doublePtrSimplify -doublePtrElim -dce -doublePtrSimplify -promote-dbg-pointer -dce -scalarrepl -dse -adse -instcombine -ptrLegalization -simplifycfg -dce -instcombine -pointer-simplify -ptrArgReplace -dce -instcombine -resolve-double-ptr -disaggr -scalarrepl -norm-name -dce -mem2reg -instcombine -ptrLegalization -simplifycfg -deadargelim -instcombine -dce -inst-simplify -function-uniquify -directive-preproc -mem2reg -dse -dce -globaldce -check-dspbuiltin C:/Projects/ParticleCoverHLS/solution1/.autopilot/db/a.g.1.bc -o C:/Projects/ParticleCoverHLS/solution1/.autopilot/db/a.g.2.prechk.bc -f 
INFO-FLOW: Checking Synthesizability 2/2..
Execute         transform -syn-check C:/Projects/ParticleCoverHLS/solution1/.autopilot/db/a.g.2.prechk.bc -o C:/Projects/ParticleCoverHLS/solution1/.autopilot/db/a.g.2.bc -f -phase syn-check 
INFO: [HLS 200-111] Finished Checking Synthesizability: CPU user time: 0 seconds. CPU system time: 0 seconds. Elapsed time: 0.061 seconds; current allocated memory: 165.659 MB.
INFO-FLOW: Compiler optimizing ...
INFO-FLOW: Share syncheck's 1.bc for syn flow: copy C:/Projects/ParticleCoverHLS/solution1/.autopilot/db/a.g.1.bc to C:/Projects/ParticleCoverHLS/solution1/.autopilot/db/a.o.1.bc
INFO-FLOW: Presyn 1...
Execute         transform -hls -tmp C:/Projects/ParticleCoverHLS/solution1/.autopilot/db -interface-port-rename -function-uniquify -directive-preproc -mem2reg -dse -dce -disaggr -scalarrepl -norm-name -deadargelim -mem2reg -instcombine -dce -simplifycfg -auto-rom-infer -dce -function-uniquify -resource-proc -clib-intrinsic-prepare -dce -func-buffer -dce -pag -array-normalize -func-legal -instcombine -gvn -constprop -dce -simplifycfg -mem2reg -globaldce -resolve-double-ptr -dce -deadargelim -dce -instcombine -ptrArgReplace -mem2reg -dce -array-seg-normalize -deadargelim -instcombine -dce -function-uniquify -directive-preproc -mem2reg -dse -dce -pointer-simplify -dce -port-alignment -dce -interface-preproc -data-pack -instcombine -dce -basicaa -aggr-aa -aggrmodref-aa -aggr-aa -gvn -gvn -basicaa -aggr-aa -aggrmodref-aa -aggr-aa -dse -adse -adce -loop-simplify -indvars -instcombine -gvn -loop-simplify -mem2reg -dce -find-region -instcombine -auto-loop-pipeline -inst-simplify -interface-preproc -cfgopt -instcombine -indvars -auto-loop-unroll -loop-simplify -loop-bound -xunroll -constprop -instcombine -simplifycfg -indvars -simplifycfg -dce -globaldce -clean-region -attach-range -gvn -inst-simplify -constprop -simplifycfg -dce -pointer-simplify -dce -globalopt -constprop -dce -array-promote -constprop -dce -ptrArgReplace -mem2reg -simplifycfg -dce -instcombine -dce -array-transform-check -array-reshape -instcombine -simplifycfg -dce -ptrArgReplace -deadargelim -mem2reg -instcombine -simplifycfg -dce -indvars -loop-simplify -loop-bound -xunroll -constprop -instcombine -simplifycfg -indvars -simplifycfg -dce -globaldce -basicaa -aggr-aa -aggrmodref-aa -aggr-aa -dse -duplicate-dataflow-processes -globaldce -instcombine -array-partition -instcombine -simplifycfg -dce -ptrArgReplace -global-constprop -deadargelim -mem2reg -func-legal -dce -global-constprop -deadargelim -mem2reg -simplifycfg -dce -merge-param -deadargelim -globalopt -constprop -dce -array-promote -constprop -dce -ptrArgReplace -mem2reg -simplifycfg -dce -mem-intrinsic-preproc -dce -global-internalize -global-privatize -mem2reg -globaldce -promote-global-argument -ptrArgReplace -mem2reg -dce -globalopt -mergereturn -simplify-global-access -mem2reg -dce -pointer-simplify -dce -functionattrs -basicaa -aggr-aa -aggrmodref-aa -aggr-aa -gvn -gvn -basicaa -aggr-aa -aggrmodref-aa -aggr-aa -dse -adse -adce -dce -norm-name -basicaa -aggr-aa -aggrmodref-aa -aggr-aa -accesses-merge -function-inline -complex-op-raise -inst-simplify -globaldce -func-inst -constprop -instcombine -simplifycfg -dce -func-legal -dce -loop-bound -arraycheck -bitwidthmin2 -bitwidthmin2 -on-by-dataflow -loop-delete -instcombine -simplifycfg -globaldce -dce -gvn -deadargelim -dce -loop-simplify -clean-region -simplifycfg -propagate-stable-arguments -loop-stream -instcombine -simplifycfg -dce -globaldce -duplicate-dataflow-processes -stream-intrinsic-preproc -dce -check-ap-stream -loop-simplify -eliminate-keepreads -extract-dataflow-in-loop -loop-simplify -dce -gvn -deadargelim -dse -check-dataflow-syntax -legalize-stream-variable -legalize-global -extract-subproc -dce -dead-channel-elimination -canonicalize-gep -globaldce -dce -gvn -hls-dead-arg-elim -deadargelim -directive-preproc -annotate-dataflow-channels -scalar-propagation -deadargelim -globaldce -mem2reg -check-dataflow-channels -function-stream -dce -globaldce -prop-fifo-spec -internal-stream-gen -canonicalize-gep -globaldce -dce -gvn -deadargelim -mergereturn -indvars -loop-simplify -instcombine -array-stream -array-seg-normalize -array-partition -func-legal -instcombine -simplifycfg -dce -bundle-memfifo-ops -deadargelim -function-uniquify -directive-preproc -mem2reg -dse -dce -group-axi-access -licm -simplifycfg -dce -loop-delete -norm-name C:/Projects/ParticleCoverHLS/solution1/.autopilot/db/a.o.1.bc -o C:/Projects/ParticleCoverHLS/solution1/.autopilot/db/a.o.1.tmp.bc -f 
WARNING: [HLS 200-936] Cannot unroll loop 'copy_loop' (ParticleCoverHLS/src/parser.cxx:12) in function 'dummy_top_level_function': cannot completely unroll a loop with a variable trip count.
INFO-FLOW: Presyn 2...
Execute         transform -hls -keep-callgraph -scalarrepl -mem2reg -port-alignment -attach-range -dce -pipe-mux-gen -indvars -loop-bound -inst-simplify -instcombine -dce -merge-array-access -mem2reg -dce -clean-region -mergereturn -if-conv -instcombine -dce -constprop -basicaa -aggr-aa -aggrmodref-aa -aggr-aa -gvn -gvn -basicaa -aggr-aa -aggrmodref-aa -aggr-aa -dse -adse -adce -scalarrepl -mem2reg -global-constprop -deadargelim -deadargelim -instcombine -dce -simplifycfg -ptrArgReplace -mem2reg -function-inline -globaldce -mem2reg -instcombine -dce -expr-balance -instcombine -dce -bitwidthmin2 -bitwidthmin2 -interface-preproc -directive-preproc -inst-rectify -instcombine -dce -functionattrs -constprop -instcombine -bit-constprop -simplify-global-access -globalopt -globaldce -inst-simplify -instcombine -elimdeaddata -dce -loop-delete -simplifycfg -loop-simplify -auto-burst -barrier -norm-name C:/Projects/ParticleCoverHLS/solution1/.autopilot/db/a.o.1.tmp.bc -o C:/Projects/ParticleCoverHLS/solution1/.autopilot/db/a.o.2.bc -f -phase presyn 
INFO: [HLS 200-111] Finished Loop, function and other optimizations: CPU user time: 0 seconds. CPU system time: 0 seconds. Elapsed time: 0.085 seconds; current allocated memory: 185.951 MB.
Execute         get_config_compile -enable_loop_extract 
Execute         get_config_compile -disable_auto_rewind 
Execute         get_config_compile -enable_auto_rewind 
INFO-FLOW: Building ssdm...
Execute         transform -hls -function-uniquify -auto-function-inline -globaldce -ptrArgReplace -mem2reg -dce -reset-lda -loop-simplify -indvars -aggr-aa -licm -loop-dep -loop-bound -licm -loop-simplify -flattenloopnest -array-flatten -gvn -instcombine -dce -array-map -dce -func-legal -gvn -adce -instcombine -cfgopt -simplifycfg -loop-simplify -array-burst -promote-global-argument -dce -array-seg-normalize -basicaa -aggrmodref-aa -globalsmodref-aa -aggr-aa -gvn -gvn -basicaa -aggrmodref-aa -globalsmodref-aa -aggr-aa -dse -adse -adce -licm -inst-simplify -dce -globaldce -instcombine -array-stream -eliminate-keepreads -instcombine -dce -deadargelim -doublePtrSimplify -doublePtrElim -dce -doublePtrSimplify -promote-dbg-pointer -dce -scalarrepl -mem2reg -disaggr -norm-name -mem2reg -instcombine -dse -adse -adce -ptrLegalization -dce -auto-rom-infer -array-flatten -dce -instcombine -check-doubleptr -loop-rot -constprop -cfgopt -simplifycfg -loop-simplify -indvars -pointer-simplify -dce -loop-bound -loop-simplify -loop-preproc -constprop -global-constprop -gvn -mem2reg -instcombine -dce -loop-bound -loop-merge -dce -bitwidthmin2 -bitwidthmin2 -deadargelim -dce -canonicalize-dataflow -dce -scalar-propagation -deadargelim -globaldce -mem2reg -read-loop-dep -interface-preproc -directive-preproc -interface-gen -bram-byte-enable -deadargelim -inst-simplify -dce -gvn -mem2reg -instcombine -dce -adse -loop-bound -instcombine -cfgopt -simplifycfg -loop-simplify -clean-region -io-protocol -find-region -mem2reg -bitop-raise -complex-op-raise -inst-simplify -inst-rectify -instcombine -adce -deadargelim -loop-simplify -phi-opt -bitop-raise -cfgopt -simplifycfg -strip-dead-prototypes -interface-lower -bitop-lower -intrinsic-lower -auto-function-inline -basicaa -aggrmodref-aa -globalsmodref-aa -aggr-aa -inst-simplify -simplifycfg -loop-simplify -mergereturn -inst-simplify -inst-rectify -dce -load-elim -bitop-lower -float-op-raise -loop-rewind -pointer-simplify -dce -cfgopt -dce -loop-bound -loop-dep -read-loop-dep -dce -dyn-mem-reuse -dce -check-stream -norm-name -legalize -validate-dataflow -inst-clarity -bitwidth -dump-loop-dep-to-ir -check-all-ssdm -cdfg-build C:/Projects/ParticleCoverHLS/solution1/.autopilot/db/a.o.2.bc -o C:/Projects/ParticleCoverHLS/solution1/.autopilot/db/a.o.3.bc -f -phase build-ssdm 
INFO: [HLS 200-111] Finished Architecture Synthesis: CPU user time: 0 seconds. CPU system time: 0 seconds. Elapsed time: 0.073 seconds; current allocated memory: 178.150 MB.
INFO-FLOW: Finish building internal data model.
Command       opt_and_import_c done; 0.309 sec.
Command     elaborate done; 3.601 sec.
Execute     autosyn -from_csynth_design=1 
INFO: [HLS 200-10] Starting hardware synthesis ...
INFO-FLOW: Synthesizing C/C++ design ...
INFO: [HLS 200-10] Synthesizing 'dummy_top_level_function' ...
Execute       ap_set_top_model dummy_top_level_function 
Execute       get_model_list dummy_top_level_function -filter all-wo-channel -topdown 
Execute       preproc_iomode -model dummy_top_level_function 
Execute       get_model_list dummy_top_level_function -filter all-wo-channel 
INFO-FLOW: Model list for configure: dummy_top_level_function
INFO-FLOW: Configuring Module : dummy_top_level_function ...
Execute       set_default_model dummy_top_level_function 
Execute       apply_spec_resource_limit dummy_top_level_function 
INFO-FLOW: Model list for preprocess: dummy_top_level_function
INFO-FLOW: Preprocessing Module: dummy_top_level_function ...
Execute       set_default_model dummy_top_level_function 
Execute       cdfg_preprocess -model dummy_top_level_function 
Execute       rtl_gen_preprocess dummy_top_level_function 
INFO-FLOW: Model list for synthesis: dummy_top_level_function
INFO: [HLS 200-10] ----------------------------------------------------------------
INFO: [HLS 200-42] -- Implementing module 'dummy_top_level_function' 
INFO: [HLS 200-10] ----------------------------------------------------------------
Execute       set_default_model dummy_top_level_function 
Execute       schedule -model dummy_top_level_function 
INFO: [SCHED 204-11] Starting scheduling ...
INFO: [SCHED 204-11] Finished scheduling.
INFO: [HLS 200-111] Finished Scheduling: CPU user time: 0 seconds. CPU system time: 0 seconds. Elapsed time: 0.106 seconds; current allocated memory: 178.424 MB.
Execute       syn_report -verbosereport -o C:/Projects/ParticleCoverHLS/solution1/.autopilot/db/dummy_top_level_function.verbose.sched.rpt 
Execute         AP::get_flow_target_display_name
Execute           get_solution -flow_target 
Execute       db_write -o C:/Projects/ParticleCoverHLS/solution1/.autopilot/db/dummy_top_level_function.sched.adb -f 
INFO-FLOW: Finish scheduling dummy_top_level_function.
Execute       set_default_model dummy_top_level_function 
Execute       bind -model dummy_top_level_function 
INFO: [BIND 205-100] Starting micro-architecture generation ...
INFO: [BIND 205-101] Performing variable lifetime analysis.
INFO: [BIND 205-101] Exploring resource sharing.
INFO: [BIND 205-101] Binding ...
INFO: [BIND 205-100] Finished micro-architecture generation.
INFO: [HLS 200-111] Finished Binding: CPU user time: 0 seconds. CPU system time: 0 seconds. Elapsed time: 0.078 seconds; current allocated memory: 178.625 MB.
Execute       syn_report -verbosereport -o C:/Projects/ParticleCoverHLS/solution1/.autopilot/db/dummy_top_level_function.verbose.bind.rpt 
Execute         AP::get_flow_target_display_name
Execute           get_solution -flow_target 
Execute       db_write -o C:/Projects/ParticleCoverHLS/solution1/.autopilot/db/dummy_top_level_function.bind.adb -f 
INFO-FLOW: Finish binding dummy_top_level_function.
Execute       get_model_list dummy_top_level_function -filter all-wo-channel 
INFO-FLOW: Preprocessing for RTLGen ...
Execute       rtl_gen_preprocess dummy_top_level_function 
INFO-FLOW: Model list for RTL generation: dummy_top_level_function
INFO: [HLS 200-10] ----------------------------------------------------------------
INFO: [HLS 200-10] -- Generating RTL for module 'dummy_top_level_function' 
INFO: [HLS 200-10] ----------------------------------------------------------------
Execute       get_config_rtl -module_prefix 
Execute       get_config_rtl -module_prefix 
Execute       get_config_rtl -module_auto_prefix 
Execute       create_rtl_model dummy_top_level_function -top_prefix  -sub_prefix dummy_top_level_function_ -mg_file C:/Projects/ParticleCoverHLS/solution1/.autopilot/db/dummy_top_level_function.compgen.tcl 
INFO: [RTGEN 206-500] Setting interface mode on port 'dummy_top_level_function/point_arr_in' to 'ap_memory'.
INFO: [RTGEN 206-500] Setting interface mode on port 'dummy_top_level_function/point_arr_out' to 'ap_memory'.
INFO: [RTGEN 206-500] Setting interface mode on function 'dummy_top_level_function' to 'ap_ctrl_hs'.
INFO: [RTGEN 206-100] Generating core module 'mul_64ns_66ns_129_1_1': 1 instance(s).
INFO: [RTGEN 206-100] Finished creating RTL model for 'dummy_top_level_function'.
INFO: [HLS 200-111] Finished Creating RTL model: CPU user time: 0 seconds. CPU system time: 0 seconds. Elapsed time: 0.102 seconds; current allocated memory: 178.996 MB.
Execute       source C:/Projects/ParticleCoverHLS/solution1/.autopilot/db/dummy_top_level_function.rtl_wrap.cfg.tcl 
Execute       gen_rtl dummy_top_level_function -istop -style xilinx -f -lang vhdl -o C:/Projects/ParticleCoverHLS/solution1/syn/vhdl/dummy_top_level_function 
Execute       gen_rtl dummy_top_level_function -istop -style xilinx -f -lang vlog -o C:/Projects/ParticleCoverHLS/solution1/syn/verilog/dummy_top_level_function 
Execute       syn_report -csynth -model dummy_top_level_function -o C:/Projects/ParticleCoverHLS/solution1/syn/report/dummy_top_level_function_csynth.rpt 
Execute         AP::get_flow_target_display_name
Execute           get_solution -flow_target 
Execute       syn_report -rtlxml -model dummy_top_level_function -o C:/Projects/ParticleCoverHLS/solution1/syn/report/dummy_top_level_function_csynth.xml 
Execute         get_solution -flow_target
Execute           get_solution -flow_target 
Execute       syn_report -verbosereport -model dummy_top_level_function -o C:/Projects/ParticleCoverHLS/solution1/.autopilot/db/dummy_top_level_function.verbose.rpt 
Execute         AP::get_flow_target_display_name
Execute           get_solution -flow_target 
Execute       db_write -model dummy_top_level_function -f -o C:/Projects/ParticleCoverHLS/solution1/.autopilot/db/dummy_top_level_function.adb 
Execute       gen_tb_info dummy_top_level_function -p C:/Projects/ParticleCoverHLS/solution1/.autopilot/db -o C:/Projects/ParticleCoverHLS/solution1/.autopilot/db/dummy_top_level_function 
Execute       export_constraint_db -f -tool general -o C:/Projects/ParticleCoverHLS/solution1/.autopilot/db/dummy_top_level_function.constraint.tcl 
Execute       syn_report -designview -model dummy_top_level_function -o C:/Projects/ParticleCoverHLS/solution1/.autopilot/db/dummy_top_level_function.design.xml 
Execute       syn_report -csynthDesign -model dummy_top_level_function -o C:/Projects/ParticleCoverHLS/solution1/syn/report/csynth.rpt 
Execute         AP::get_flow_target_display_name
Execute           get_solution -flow_target 
Execute       get_config_rtl -disable_wave_debug 
Execute       syn_report -wcfg -model dummy_top_level_function -o C:/Projects/ParticleCoverHLS/solution1/.autopilot/db/dummy_top_level_function_dataflow_ana.wcfg 
Execute       syn_report -protoinst -model dummy_top_level_function -o C:/Projects/ParticleCoverHLS/solution1/.autopilot/db/dummy_top_level_function.protoinst 
Execute       get_config_debug -directory 
Execute       sc_get_clocks dummy_top_level_function 
Execute       get_config_export -vivado_clock 
Execute       get_config_rtl -module_prefix 
Execute       get_config_rtl -module_prefix 
Execute       get_config_rtl -module_auto_prefix 
Execute       sc_get_portdomain dummy_top_level_function 
INFO-FLOW: Model list for RTL component generation: dummy_top_level_function
INFO-FLOW: Handling components in module [dummy_top_level_function] ... 
Execute       source C:/Projects/ParticleCoverHLS/solution1/.autopilot/db/dummy_top_level_function.compgen.tcl 
INFO-FLOW: Found component dummy_top_level_function_mul_64ns_66ns_129_1_1.
INFO-FLOW: Append model dummy_top_level_function_mul_64ns_66ns_129_1_1
INFO-FLOW: Append model dummy_top_level_function
INFO-FLOW: Generating RTL model list ...
INFO-FLOW: All models in this session: dummy_top_level_function_mul_64ns_66ns_129_1_1 dummy_top_level_function
INFO-FLOW: To file: write model dummy_top_level_function_mul_64ns_66ns_129_1_1
INFO-FLOW: To file: write model dummy_top_level_function
INFO-FLOW: Finished generating RTL model list.


INFO-FLOW: RTL Generation done.
INFO-FLOW: CAS Generation done.
INFO-FLOW: CBC Generation done.
Execute       get_top 
Execute       get_config_export -ipname 
Execute       get_config_export -xo 
Execute       get_config_export -format 
Execute       get_config_rtl -module_auto_prefix 
INFO-FLOW: DBG:CMD:   auto_impl: set ipname to top (module_auto_prefix): dummy_top_level_function
INFO-FLOW: DBG:CMD: auto_generate_csynth_design
INFO-FLOW: DBG:CMD:     auto_generate --sim-model -phase csynth_design -d C:/Projects/ParticleCoverHLS/solution1
Execute       get_solution -flow_target 
Execute       get_config_export -xo 
Execute       get_config_export -format 
Execute       source C:/Projects/ParticleCoverHLS/solution1/.autopilot/db/global.setting.tcl 
INFO-FLOW: DBG:CMD: read_platform_lib C:/Projects/ParticleCoverHLS/solution1/.autopilot/db/global.setting.tcl
Execute       source C:/Xilinx/Vitis_HLS/2020.2/common/technology/generic/autopilot/common.gen 
Execute         source C:/Xilinx/Vitis_HLS/2020.2/common/technology/generic/autopilot/APCoreGen.gen 
Execute       source C:/Xilinx/Vitis_HLS/2020.2/common/technology/generic/autopilot/op.gen 
Execute       source C:/Xilinx/Vitis_HLS/2020.2/common/technology/generic/autopilot/op_simcore.gen 
Execute       source C:/Xilinx/Vitis_HLS/2020.2/common/technology/generic/autopilot/interface.gen 
Execute       source C:/Projects/ParticleCoverHLS/solution1/.autopilot/db/global.setting.tcl 
Execute       ap_family_info -name Virtex-7 -data parts 
Execute       ap_part_info -name xc7vx485tffg1157-1 -data info 
Execute       source C:/Xilinx/Vitis_HLS/2020.2/common/technology/xilinx/common/xilinx.gen 
Execute         source C:/Xilinx/Vitis_HLS/2020.2/common/technology/xilinx/interface/plb46.gen 
Execute         source C:/Xilinx/Vitis_HLS/2020.2/common/technology/xilinx/interface/axi4.gen 
Execute         source C:/Xilinx/Vitis_HLS/2020.2/common/technology/xilinx/interface/nativeAXI4.gen 
Execute           source C:/Xilinx/Vitis_HLS/2020.2/common/technology/xilinx/interface/saxilite.gen 
Execute           source C:/Xilinx/Vitis_HLS/2020.2/common/technology/xilinx/interface/maxi.gen 
Execute         source C:/Xilinx/Vitis_HLS/2020.2/common/technology/xilinx/scripts/xilinxcoregen.gen 
Execute         source C:/Xilinx/Vitis_HLS/2020.2/common/technology/xilinx/interface/XilEDKCoreGen.gen 
Execute         source C:/Xilinx/Vitis_HLS/2020.2/common/technology/xilinx/ip/dds_compiler.gen 
Execute         source C:/Xilinx/Vitis_HLS/2020.2/common/technology/xilinx/ip/util.gen 
Execute         source C:/Xilinx/Vitis_HLS/2020.2/common/technology/xilinx/ip/xfft.gen 
Execute         source C:/Xilinx/Vitis_HLS/2020.2/common/technology/xilinx/ip/xfir.gen 
Execute         source C:/Xilinx/Vitis_HLS/2020.2/common/technology/xilinx/DSP48/dsp48.gen 
Execute       source C:/Xilinx/Vitis_HLS/2020.2/common/technology/xilinx/common/xilinx.gen 
Execute         source C:/Xilinx/Vitis_HLS/2020.2/common/technology/xilinx/interface/plb46.gen 
Execute         source C:/Xilinx/Vitis_HLS/2020.2/common/technology/xilinx/interface/axi4.gen 
Execute         source C:/Xilinx/Vitis_HLS/2020.2/common/technology/xilinx/interface/nativeAXI4.gen 
Execute           source C:/Xilinx/Vitis_HLS/2020.2/common/technology/xilinx/interface/saxilite.gen 
Execute           source C:/Xilinx/Vitis_HLS/2020.2/common/technology/xilinx/interface/maxi.gen 
Execute         source C:/Xilinx/Vitis_HLS/2020.2/common/technology/xilinx/scripts/xilinxcoregen.gen 
Execute         source C:/Xilinx/Vitis_HLS/2020.2/common/technology/xilinx/interface/XilEDKCoreGen.gen 
Execute         source C:/Xilinx/Vitis_HLS/2020.2/common/technology/xilinx/ip/dds_compiler.gen 
Execute         source C:/Xilinx/Vitis_HLS/2020.2/common/technology/xilinx/ip/util.gen 
Execute         source C:/Xilinx/Vitis_HLS/2020.2/common/technology/xilinx/ip/xfft.gen 
Execute         source C:/Xilinx/Vitis_HLS/2020.2/common/technology/xilinx/ip/xfir.gen 
Execute         source C:/Xilinx/Vitis_HLS/2020.2/common/technology/xilinx/DSP48/dsp48.gen 
Execute       source C:/Xilinx/Vitis_HLS/2020.2/common/technology/xilinx/common/xilinx.gen 
Execute         source C:/Xilinx/Vitis_HLS/2020.2/common/technology/xilinx/interface/plb46.gen 
Execute         source C:/Xilinx/Vitis_HLS/2020.2/common/technology/xilinx/interface/axi4.gen 
Execute         source C:/Xilinx/Vitis_HLS/2020.2/common/technology/xilinx/interface/nativeAXI4.gen 
Execute           source C:/Xilinx/Vitis_HLS/2020.2/common/technology/xilinx/interface/saxilite.gen 
Execute           source C:/Xilinx/Vitis_HLS/2020.2/common/technology/xilinx/interface/maxi.gen 
Execute         source C:/Xilinx/Vitis_HLS/2020.2/common/technology/xilinx/scripts/xilinxcoregen.gen 
Execute         source C:/Xilinx/Vitis_HLS/2020.2/common/technology/xilinx/interface/XilEDKCoreGen.gen 
Execute         source C:/Xilinx/Vitis_HLS/2020.2/common/technology/xilinx/ip/dds_compiler.gen 
Execute         source C:/Xilinx/Vitis_HLS/2020.2/common/technology/xilinx/ip/util.gen 
Execute         source C:/Xilinx/Vitis_HLS/2020.2/common/technology/xilinx/ip/xfft.gen 
Execute         source C:/Xilinx/Vitis_HLS/2020.2/common/technology/xilinx/ip/xfir.gen 
Execute         source C:/Xilinx/Vitis_HLS/2020.2/common/technology/xilinx/DSP48/dsp48.gen 
INFO-FLOW: DBG:CMD:   using AESL_AUTOCG::g_clock_period=10.000 (was NA)
INFO-FLOW: DBG:CMD:       generate_ip_cores sim=1 export=0 expOnly=0 dstVlogDir=syn/verilog
Execute       source C:/Projects/ParticleCoverHLS/solution1/.autopilot/db/global.setting.tcl 
Execute       ap_part_info -name xcvu11p-flga2577-1-e -data names -quiet 
Execute       ap_part_info -name xcvu11p-flga2577-1-e -data info -quiet 
Execute       source C:/Projects/ParticleCoverHLS/solution1/.autopilot/db/global.setting.tcl 
Execute       source C:/Projects/ParticleCoverHLS/solution1/.autopilot/db/global.setting.tcl 
Execute       source C:/Projects/ParticleCoverHLS/solution1/.autopilot/db/dummy_top_level_function.compgen.tcl 
Execute         ap_part_info -name xcvu11p-flga2577-1-e -data names -quiet 
Execute         ap_part_info -name xcvu11p-flga2577-1-e -data info -quiet 
Execute         ap_part_info -name xcvu11p-flga2577-1-e -data names -quiet 
Execute         ap_part_info -name xcvu11p-flga2577-1-e -data info -quiet 
INFO: [RTMG 210-282] Generating pipelined core: 'dummy_top_level_function_mul_64ns_66ns_129_1_1_Multiplier_0'
INFO-FLOW: DBG:CMD:     auto_generate -export -impltomg_flag -rtl both -tool Vivado -pcore_version 1.00.a -phase csynth_design -d C:/Projects/ParticleCoverHLS/solution1
Execute       get_solution -flow_target 
Execute       get_config_export -xo 
Execute       get_config_export -format 
Execute       source C:/Projects/ParticleCoverHLS/solution1/.autopilot/db/global.setting.tcl 
INFO-FLOW: DBG:CMD: read_platform_lib C:/Projects/ParticleCoverHLS/solution1/.autopilot/db/global.setting.tcl
Execute       source C:/Xilinx/Vitis_HLS/2020.2/common/technology/generic/autopilot/common.gen 
Execute         source C:/Xilinx/Vitis_HLS/2020.2/common/technology/generic/autopilot/APCoreGen.gen 
Execute       source C:/Xilinx/Vitis_HLS/2020.2/common/technology/generic/autopilot/op.gen 
Execute       source C:/Xilinx/Vitis_HLS/2020.2/common/technology/generic/autopilot/op_simcore.gen 
Execute       source C:/Xilinx/Vitis_HLS/2020.2/common/technology/generic/autopilot/interface.gen 
Execute       source C:/Projects/ParticleCoverHLS/solution1/.autopilot/db/global.setting.tcl 
Execute       ap_family_info -name Virtex-7 -data parts 
Execute       ap_part_info -name xc7vx485tffg1157-1 -data info 
Execute       source C:/Xilinx/Vitis_HLS/2020.2/common/technology/xilinx/common/xilinx.gen 
Execute         source C:/Xilinx/Vitis_HLS/2020.2/common/technology/xilinx/interface/plb46.gen 
Execute         source C:/Xilinx/Vitis_HLS/2020.2/common/technology/xilinx/interface/axi4.gen 
Execute         source C:/Xilinx/Vitis_HLS/2020.2/common/technology/xilinx/interface/nativeAXI4.gen 
Execute           source C:/Xilinx/Vitis_HLS/2020.2/common/technology/xilinx/interface/saxilite.gen 
Execute           source C:/Xilinx/Vitis_HLS/2020.2/common/technology/xilinx/interface/maxi.gen 
Execute         source C:/Xilinx/Vitis_HLS/2020.2/common/technology/xilinx/scripts/xilinxcoregen.gen 
Execute         source C:/Xilinx/Vitis_HLS/2020.2/common/technology/xilinx/interface/XilEDKCoreGen.gen 
Execute         source C:/Xilinx/Vitis_HLS/2020.2/common/technology/xilinx/ip/dds_compiler.gen 
Execute         source C:/Xilinx/Vitis_HLS/2020.2/common/technology/xilinx/ip/util.gen 
Execute         source C:/Xilinx/Vitis_HLS/2020.2/common/technology/xilinx/ip/xfft.gen 
Execute         source C:/Xilinx/Vitis_HLS/2020.2/common/technology/xilinx/ip/xfir.gen 
Execute         source C:/Xilinx/Vitis_HLS/2020.2/common/technology/xilinx/DSP48/dsp48.gen 
Execute       source C:/Xilinx/Vitis_HLS/2020.2/common/technology/xilinx/common/xilinx.gen 
Execute         source C:/Xilinx/Vitis_HLS/2020.2/common/technology/xilinx/interface/plb46.gen 
Execute         source C:/Xilinx/Vitis_HLS/2020.2/common/technology/xilinx/interface/axi4.gen 
Execute         source C:/Xilinx/Vitis_HLS/2020.2/common/technology/xilinx/interface/nativeAXI4.gen 
Execute           source C:/Xilinx/Vitis_HLS/2020.2/common/technology/xilinx/interface/saxilite.gen 
Execute           source C:/Xilinx/Vitis_HLS/2020.2/common/technology/xilinx/interface/maxi.gen 
Execute         source C:/Xilinx/Vitis_HLS/2020.2/common/technology/xilinx/scripts/xilinxcoregen.gen 
Execute         source C:/Xilinx/Vitis_HLS/2020.2/common/technology/xilinx/interface/XilEDKCoreGen.gen 
Execute         source C:/Xilinx/Vitis_HLS/2020.2/common/technology/xilinx/ip/dds_compiler.gen 
Execute         source C:/Xilinx/Vitis_HLS/2020.2/common/technology/xilinx/ip/util.gen 
Execute         source C:/Xilinx/Vitis_HLS/2020.2/common/technology/xilinx/ip/xfft.gen 
Execute         source C:/Xilinx/Vitis_HLS/2020.2/common/technology/xilinx/ip/xfir.gen 
Execute         source C:/Xilinx/Vitis_HLS/2020.2/common/technology/xilinx/DSP48/dsp48.gen 
Execute       source C:/Xilinx/Vitis_HLS/2020.2/common/technology/xilinx/common/xilinx.gen 
Execute         source C:/Xilinx/Vitis_HLS/2020.2/common/technology/xilinx/interface/plb46.gen 
Execute         source C:/Xilinx/Vitis_HLS/2020.2/common/technology/xilinx/interface/axi4.gen 
Execute         source C:/Xilinx/Vitis_HLS/2020.2/common/technology/xilinx/interface/nativeAXI4.gen 
Execute           source C:/Xilinx/Vitis_HLS/2020.2/common/technology/xilinx/interface/saxilite.gen 
Execute           source C:/Xilinx/Vitis_HLS/2020.2/common/technology/xilinx/interface/maxi.gen 
Execute         source C:/Xilinx/Vitis_HLS/2020.2/common/technology/xilinx/scripts/xilinxcoregen.gen 
Execute         source C:/Xilinx/Vitis_HLS/2020.2/common/technology/xilinx/interface/XilEDKCoreGen.gen 
Execute         source C:/Xilinx/Vitis_HLS/2020.2/common/technology/xilinx/ip/dds_compiler.gen 
Execute         source C:/Xilinx/Vitis_HLS/2020.2/common/technology/xilinx/ip/util.gen 
Execute         source C:/Xilinx/Vitis_HLS/2020.2/common/technology/xilinx/ip/xfft.gen 
Execute         source C:/Xilinx/Vitis_HLS/2020.2/common/technology/xilinx/ip/xfir.gen 
Execute         source C:/Xilinx/Vitis_HLS/2020.2/common/technology/xilinx/DSP48/dsp48.gen 
INFO-FLOW: DBG:CMD:       initCTypeInfo top_module=dummy_top_level_function xml_exists=0
Execute       source C:/Projects/ParticleCoverHLS/solution1/.autopilot/db/dummy_top_level_function.rtl_wrap.cfg.tcl 
Execute       source C:/Projects/ParticleCoverHLS/solution1/.autopilot/db/dummy_top_level_function.rtl_wrap.cfg.tcl 
Execute       source C:/Projects/ParticleCoverHLS/solution1/.autopilot/db/dummy_top_level_function.rtl_wrap.cfg.tcl 
Execute       source C:/Projects/ParticleCoverHLS/solution1/.autopilot/db/dummy_top_level_function.tbgen.tcl 
Execute       source C:/Projects/ParticleCoverHLS/solution1/.autopilot/db/dummy_top_level_function.tbgen.tcl 
INFO-FLOW: DBG:CMD:       export_impl_rtl
INFO-FLOW: DBG:CMD:       generate_ip_cores sim=0 export=0 expOnly=0 dstVlogDir=impl/.verilog
Execute       source C:/Projects/ParticleCoverHLS/solution1/.autopilot/db/global.setting.tcl 
Execute       source C:/Projects/ParticleCoverHLS/solution1/.autopilot/db/dummy_top_level_function.compgen.tcl 
INFO-FLOW: DBG:CMD:       generate_ip_cores sim=0 export=1 expOnly=1 dstVlogDir=impl/.pcores/verilog
Execute       source C:/Projects/ParticleCoverHLS/solution1/.autopilot/db/global.setting.tcl 
Execute       source C:/Projects/ParticleCoverHLS/solution1/.autopilot/db/dummy_top_level_function.compgen.tcl 
Execute         ap_part_info -name xcvu11p-flga2577-1-e -data names -quiet 
Execute         ap_part_info -name xcvu11p-flga2577-1-e -data info -quiet 
Execute         ap_part_info -name xcvu11p-flga2577-1-e -data names -quiet 
Execute         ap_part_info -name xcvu11p-flga2577-1-e -data info -quiet 
Execute         source C:/Projects/ParticleCoverHLS/solution1/.autopilot/db/dummy_top_level_function.tbgen.tcl 
Execute         source C:/Projects/ParticleCoverHLS/solution1/.autopilot/db/dummy_top_level_function.tbgen.tcl 
Execute         ap_part_info -name xcvu11p-flga2577-1-e -data names -quiet 
Execute         ap_part_info -name xcvu11p-flga2577-1-e -data info -quiet 
Execute         ap_part_info -name xcvu11p-flga2577-1-e -data names -quiet 
Execute         ap_part_info -name xcvu11p-flga2577-1-e -data info -quiet 
Execute         ap_part_info -name xcvu11p-flga2577-1-e -data names -quiet 
Execute         ap_part_info -name xcvu11p-flga2577-1-e -data info -quiet 
Execute         ap_part_info -name xcvu11p-flga2577-1-e -data names -quiet 
Execute         ap_part_info -name xcvu11p-flga2577-1-e -data info -quiet 
Execute         ap_part_info -name xcvu11p-flga2577-1-e -data names -quiet 
Execute         ap_part_info -name xcvu11p-flga2577-1-e -data info -quiet 
Command       ap_source done; 0.105 sec.
Execute       ap_part_info -name xcvu11p-flga2577-1-e -data names -quiet 
Execute       ap_part_info -name xcvu11p-flga2577-1-e -data info -quiet 
INFO-FLOW: DBG:CMD:       generate_ip_cores sim=0 export=0 expOnly=0 dstVlogDir=impl/.pcores/verilog_sim
Execute       source C:/Projects/ParticleCoverHLS/solution1/.autopilot/db/global.setting.tcl 
Execute       source C:/Projects/ParticleCoverHLS/solution1/.autopilot/db/dummy_top_level_function.compgen.tcl 
Execute       ap_part_info -name xcvu11p-flga2577-1-e -data names -quiet 
Execute       ap_part_info -name xcvu11p-flga2577-1-e -data info -quiet 
Execute       ap_part_info -name xcvu11p-flga2577-1-e -data names -quiet 
Execute       ap_part_info -name xcvu11p-flga2577-1-e -data info -quiet 
Execute       source C:/Projects/ParticleCoverHLS/solution1/.autopilot/db/global.setting.tcl 
Execute       ap_part_info -name xcvu11p-flga2577-1-e -data names -quiet 
Execute       ap_part_info -name xcvu11p-flga2577-1-e -data info -quiet 
Execute       source C:/Projects/ParticleCoverHLS/solution1/.autopilot/db/dummy_top_level_function.constraint.tcl 
Execute       source C:/Projects/ParticleCoverHLS/solution1/.autopilot/db/dummy_top_level_function.tbgen.tcl 
INFO-FLOW: DBG:CMD:       hasPcoreIpAdapter=false #gSsdmPorts=6
INFO-FLOW: DBG:CMD: Skipping loadAnalyze_DB, #g_database=2
INFO-FLOW: DBG:CMD:       generate_json is_phase_csynth=1 g_has_adaptors=false generate_bd_files=0 #modelList=2 #gSsdmPorts=6
Execute       source C:/Xilinx/Vitis_HLS/2020.2/tps/tcl/tcllib1.11.1/fileutil/fileutil.tcl 
Execute       source C:/Projects/ParticleCoverHLS/solution1/.autopilot/db/global.setting.tcl 
Execute       source C:/Projects/ParticleCoverHLS/solution1/.autopilot/db/global.setting.tcl 
Execute       source C:/Projects/ParticleCoverHLS/solution1/.autopilot/db/top-io-be.tcl 
Execute       source C:/Projects/ParticleCoverHLS/solution1/.autopilot/db/dummy_top_level_function.tbgen.tcl 
Execute       source C:/Projects/ParticleCoverHLS/solution1/.autopilot/db/dummy_top_level_function.rtl_wrap.cfg.tcl 
Execute       source C:/Projects/ParticleCoverHLS/solution1/.autopilot/db/dummy_top_level_function.compgen.dataonly.tcl 
Execute       get_config_export -format 
Execute       ap_part_info -name xcvu11p-flga2577-1-e -data names -quiet 
Execute       ap_part_info -name xcvu11p-flga2577-1-e -data info -quiet 
Execute       source C:/Projects/ParticleCoverHLS/solution1/.autopilot/db/dummy_top_level_function.tbgen.tcl 
Execute       source C:/Projects/ParticleCoverHLS/solution1/.autopilot/db/global.setting.tcl 
Execute       ap_part_info -name xcvu11p-flga2577-1-e -data names -quiet 
Execute       ap_part_info -name xcvu11p-flga2577-1-e -data info -quiet 
Execute       get_solution -flow_target 
Execute       get_config_rtl -kernel_profile 
Execute       get_config_rtl -kernel_profile 
Execute       get_config_rtl -stall_sig_gen 
Execute       get_config_rtl -profile 
Execute       source C:/Projects/ParticleCoverHLS/solution1/.autopilot/db/dummy_top_level_function.constraint.tcl 
Execute       sc_get_clocks dummy_top_level_function 
Execute       source C:/Projects/ParticleCoverHLS/solution1/.autopilot/db/global.setting.tcl 
Execute       get_config_debug -directory 
INFO-FLOW: DBG:CMD:       delete-temp-dirs (skipped for debug)
INFO: [HLS 200-111] Finished Generating all RTL models: CPU user time: 1 seconds. CPU system time: 0 seconds. Elapsed time: 1.09 seconds; current allocated memory: 186.842 MB.
INFO: [VHDL 208-304] Generating VHDL RTL for dummy_top_level_function.
INFO: [VLOG 209-307] Generating Verilog RTL for dummy_top_level_function.
INFO-FLOW: DBG:CMD:       update_csynth_xml_report append design.xml content design_xml=C:/Projects/ParticleCoverHLS/solution1/.autopilot/db/dummy_top_level_function.design.xml
INFO-FLOW: DBG:CMD:       update_csynth_xml_report json2reportxml
INFO-FLOW: DBG:CMD:       update_csynth_xml_report done
Execute       syn_report -model dummy_top_level_function -printsummary 
INFO: [HLS 200-790] **** Loop Constraint Status: All loop constraints were satisfied.
INFO: [HLS 200-789] **** Estimated Fmax: 154.03 MHz
Command     autosyn done; 1.446 sec.
Command   csynth_design done; 5.05 sec.
INFO: [HLS 200-111] Finished Command csynth_design CPU user time: 2 seconds. CPU system time: 0 seconds. Elapsed time: 5.088 seconds; current allocated memory: 186.958 MB.
Command ap_source done; 6.458 sec.
Execute cleanup_all 
