

================================================================
== Vitis HLS Report for 'p_find_boundaries_and_starting_index_and_value4'
================================================================
* Date:           Sat Jun 22 23:35:46 2024

* Version:        2020.2 (Build 3064766 on Wed Nov 18 09:12:45 MST 2020)
* Project:        ParticleCoverHLS
* Solution:       solution_opt1 (Vivado IP Flow Target)
* Product family: virtexuplus
* Target device:  xcvu11p-flga2577-1-e


================================================================
== Performance Estimates
================================================================
+ Timing: 
    * Summary: 
    +--------+----------+----------+------------+
    |  Clock |  Target  | Estimated| Uncertainty|
    +--------+----------+----------+------------+
    |ap_clk  |  10.00 ns|  7.674 ns|     2.70 ns|
    +--------+----------+----------+------------+

+ Latency: 
    * Summary: 
    +---------+---------+----------+----------+-----+-----+----------+
    |  Latency (cycles) |  Latency (absolute) |  Interval | Pipeline |
    |   min   |   max   |    min   |    max   | min | max |   Type   |
    +---------+---------+----------+----------+-----+-----+----------+
    |        ?|        ?|         ?|         ?|    ?|    ?|  dataflow|
    +---------+---------+----------+----------+-----+-----+----------+

    + Detail: 
        * Instance: 
        +-----------------------------------------------------------+--------------------------------------------------------+---------+---------+----------+----------+-----+-----+---------+
        |                                                           |                                                        |  Latency (cycles) |  Latency (absolute) |  Interval | Pipeline|
        |                          Instance                         |                         Module                         |   min   |   max   |    min   |    max   | min | max |   Type  |
        +-----------------------------------------------------------+--------------------------------------------------------+---------+---------+----------+----------+-----+-----+---------+
        |p_find_left_and_right_boundaries6_U0                       |p_find_left_and_right_boundaries6                       |        ?|        ?|         ?|         ?|    ?|    ?|     none|
        |p_find_starting_index_and_value5_U0                        |p_find_starting_index_and_value5                        |        ?|        ?|         ?|         ?|    ?|    ?|     none|
        |p_find_boundaries_and_starting_index_and_value_entry26_U0  |p_find_boundaries_and_starting_index_and_value_entry26  |        0|        0|      0 ns|      0 ns|    0|    0|     none|
        +-----------------------------------------------------------+--------------------------------------------------------+---------+---------+----------+----------+-----+-----+---------+

        * Loop: 
        N/A



================================================================
== Utilization Estimates
================================================================
* Summary: 
+---------------------+---------+------+---------+---------+-----+
|         Name        | BRAM_18K|  DSP |    FF   |   LUT   | URAM|
+---------------------+---------+------+---------+---------+-----+
|DSP                  |        -|     -|        -|        -|    -|
|Expression           |        -|     -|        0|       20|    -|
|FIFO                 |        -|     -|      297|      201|    -|
|Instance             |        0|     8|     3557|    21398|    -|
|Memory               |        -|     -|        -|        -|    -|
|Multiplexer          |        -|     -|        -|       27|    -|
|Register             |        -|     -|        3|        -|    -|
+---------------------+---------+------+---------+---------+-----+
|Total                |        0|     8|     3857|    21646|    0|
+---------------------+---------+------+---------+---------+-----+
|Available SLR        |     1344|  3072|   864000|   432000|  320|
+---------------------+---------+------+---------+---------+-----+
|Utilization SLR (%)  |        0|    ~0|       ~0|        5|    0|
+---------------------+---------+------+---------+---------+-----+
|Available            |     4032|  9216|  2592000|  1296000|  960|
+---------------------+---------+------+---------+---------+-----+
|Utilization (%)      |        0|    ~0|       ~0|        1|    0|
+---------------------+---------+------+---------+---------+-----+

+ Detail: 
    * Instance: 
    +-----------------------------------------------------------+--------------------------------------------------------+---------+----+------+-------+-----+
    |                          Instance                         |                         Module                         | BRAM_18K| DSP|  FF  |  LUT  | URAM|
    +-----------------------------------------------------------+--------------------------------------------------------+---------+----+------+-------+-----+
    |p_find_boundaries_and_starting_index_and_value_entry26_U0  |p_find_boundaries_and_starting_index_and_value_entry26  |        0|   0|     2|     38|    0|
    |p_find_left_and_right_boundaries6_U0                       |p_find_left_and_right_boundaries6                       |        0|   6|  2713|  17346|    0|
    |p_find_starting_index_and_value5_U0                        |p_find_starting_index_and_value5                        |        0|   2|   842|   4014|    0|
    +-----------------------------------------------------------+--------------------------------------------------------+---------+----+------+-------+-----+
    |Total                                                      |                                                        |        0|   8|  3557|  21398|    0|
    +-----------------------------------------------------------+--------------------------------------------------------+---------+----+------+-------+-----+

    * DSP: 
    N/A

    * Memory: 
    N/A

    * FIFO: 
    +---------------------+---------+----+----+-----+------+-----+---------+
    |         Name        | BRAM_18K| FF | LUT| URAM| Depth| Bits| Size:D*B|
    +---------------------+---------+----+----+-----+------+-----+---------+
    |i_c7_U               |        0|  99|   0|    -|     2|    3|        6|
    |i_c_U                |        0|  99|   0|    -|     2|    3|        6|
    |projectionToRow_c_U  |        0|  99|   0|    -|     2|   26|       52|
    +---------------------+---------+----+----+-----+------+-----+---------+
    |Total                |        0| 297|   0|    0|     6|   32|       64|
    +---------------------+---------+----+----+-----+------+-----+---------+

    * Expression: 
    +----------------------------------------------------------------------------+----------+----+---+----+------------+------------+
    |                                Variable Name                               | Operation| DSP| FF| LUT| Bitwidth P0| Bitwidth P1|
    +----------------------------------------------------------------------------+----------+----+---+----+------------+------------+
    |ap_idle                                                                     |       and|   0|  0|   2|           1|           1|
    |ap_sync_continue                                                            |       and|   0|  0|   2|           1|           1|
    |ap_sync_done                                                                |       and|   0|  0|   2|           1|           1|
    |ap_sync_ready                                                               |       and|   0|  0|   2|           1|           1|
    |p_find_boundaries_and_starting_index_and_value_entry26_U0_ap_start          |       and|   0|  0|   2|           1|           1|
    |p_find_left_and_right_boundaries6_U0_ap_start                               |       and|   0|  0|   2|           1|           1|
    |p_find_starting_index_and_value5_U0_ap_start                                |       and|   0|  0|   2|           1|           1|
    |ap_sync_p_find_boundaries_and_starting_index_and_value_entry26_U0_ap_ready  |        or|   0|  0|   2|           1|           1|
    |ap_sync_p_find_left_and_right_boundaries6_U0_ap_ready                       |        or|   0|  0|   2|           1|           1|
    |ap_sync_p_find_starting_index_and_value5_U0_ap_ready                        |        or|   0|  0|   2|           1|           1|
    +----------------------------------------------------------------------------+----------+----+---+----+------------+------------+
    |Total                                                                       |          |   0|  0|  20|          10|          10|
    +----------------------------------------------------------------------------+----------+----+---+----+------------+------------+

    * Multiplexer: 
    +--------------------------------------------------------------------------------+----+-----------+-----+-----------+
    |                                      Name                                      | LUT| Input Size| Bits| Total Bits|
    +--------------------------------------------------------------------------------+----+-----------+-----+-----------+
    |ap_sync_reg_p_find_boundaries_and_starting_index_and_value_entry26_U0_ap_ready  |   9|          2|    1|          2|
    |ap_sync_reg_p_find_left_and_right_boundaries6_U0_ap_ready                       |   9|          2|    1|          2|
    |ap_sync_reg_p_find_starting_index_and_value5_U0_ap_ready                        |   9|          2|    1|          2|
    +--------------------------------------------------------------------------------+----+-----------+-----+-----------+
    |Total                                                                           |  27|          6|    3|          6|
    +--------------------------------------------------------------------------------+----+-----------+-----+-----------+

    * Register: 
    +--------------------------------------------------------------------------------+---+----+-----+-----------+
    |                                      Name                                      | FF| LUT| Bits| Const Bits|
    +--------------------------------------------------------------------------------+---+----+-----+-----------+
    |ap_sync_reg_p_find_boundaries_and_starting_index_and_value_entry26_U0_ap_ready  |  1|   0|    1|          0|
    |ap_sync_reg_p_find_left_and_right_boundaries6_U0_ap_ready                       |  1|   0|    1|          0|
    |ap_sync_reg_p_find_starting_index_and_value5_U0_ap_ready                        |  1|   0|    1|          0|
    +--------------------------------------------------------------------------------+---+----+-----+-----------+
    |Total                                                                           |  3|   0|    3|          0|
    +--------------------------------------------------------------------------------+---+----+-----+-----------+



================================================================
== Interface
================================================================
* Summary: 
+--------------------------+-----+-----+------------+------------------------------------------------+--------------+
|         RTL Ports        | Dir | Bits|  Protocol  |                  Source Object                 |    C Type    |
+--------------------------+-----+-----+------------+------------------------------------------------+--------------+
|num_points_address0       |  out|    3|   ap_memory|                                      num_points|         array|
|num_points_ce0            |  out|    1|   ap_memory|                                      num_points|         array|
|num_points_d0             |  out|   32|   ap_memory|                                      num_points|         array|
|num_points_q0             |   in|   32|   ap_memory|                                      num_points|         array|
|num_points_we0            |  out|    1|   ap_memory|                                      num_points|         array|
|num_points_address1       |  out|    3|   ap_memory|                                      num_points|         array|
|num_points_ce1            |  out|    1|   ap_memory|                                      num_points|         array|
|num_points_d1             |  out|   32|   ap_memory|                                      num_points|         array|
|num_points_q1             |   in|   32|   ap_memory|                                      num_points|         array|
|num_points_we1            |  out|    1|   ap_memory|                                      num_points|         array|
|points_address0           |  out|   12|   ap_memory|                                          points|         array|
|points_ce0                |  out|    1|   ap_memory|                                          points|         array|
|points_d0                 |  out|  128|   ap_memory|                                          points|         array|
|points_q0                 |   in|  128|   ap_memory|                                          points|         array|
|points_we0                |  out|    1|   ap_memory|                                          points|         array|
|points_address1           |  out|   12|   ap_memory|                                          points|         array|
|points_ce1                |  out|    1|   ap_memory|                                          points|         array|
|points_d1                 |  out|  128|   ap_memory|                                          points|         array|
|points_q1                 |   in|  128|   ap_memory|                                          points|         array|
|points_we1                |  out|    1|   ap_memory|                                          points|         array|
|left_bound                |  out|   32|      ap_vld|                                      left_bound|       pointer|
|left_bound_ap_vld         |  out|    1|      ap_vld|                                      left_bound|       pointer|
|projectionToRow           |   in|   26|     ap_none|                                 projectionToRow|        scalar|
|projectionToRow_ap_vld    |   in|    1|     ap_none|                                 projectionToRow|        scalar|
|start_index               |  out|   32|      ap_vld|                                     start_index|       pointer|
|start_index_ap_vld        |  out|    1|      ap_vld|                                     start_index|       pointer|
|start_value_i             |   in|   32|     ap_ovld|                                     start_value|       pointer|
|start_value_o             |  out|   32|     ap_ovld|                                     start_value|       pointer|
|start_value_i_ap_vld      |   in|    1|     ap_ovld|                                     start_value|       pointer|
|start_value_o_ap_vld      |  out|    1|     ap_ovld|                                     start_value|       pointer|
|i                         |   in|    3|     ap_none|                                               i|        scalar|
|i_ap_vld                  |   in|    1|     ap_none|                                               i|        scalar|
|lbVal_constprop_i         |   in|   32|     ap_ovld|                                 lbVal_constprop|       pointer|
|lbVal_constprop_o         |  out|   32|     ap_ovld|                                 lbVal_constprop|       pointer|
|lbVal_constprop_i_ap_vld  |   in|    1|     ap_ovld|                                 lbVal_constprop|       pointer|
|lbVal_constprop_o_ap_vld  |  out|    1|     ap_ovld|                                 lbVal_constprop|       pointer|
|rbVal_constprop_i         |   in|   32|     ap_ovld|                                 rbVal_constprop|       pointer|
|rbVal_constprop_o         |  out|   32|     ap_ovld|                                 rbVal_constprop|       pointer|
|rbVal_constprop_i_ap_vld  |   in|    1|     ap_ovld|                                 rbVal_constprop|       pointer|
|rbVal_constprop_o_ap_vld  |  out|    1|     ap_ovld|                                 rbVal_constprop|       pointer|
|ap_clk                    |   in|    1|  ap_ctrl_hs|  _find_boundaries_and_starting_index_and_value4|  return value|
|ap_rst                    |   in|    1|  ap_ctrl_hs|  _find_boundaries_and_starting_index_and_value4|  return value|
|ap_start                  |   in|    1|  ap_ctrl_hs|  _find_boundaries_and_starting_index_and_value4|  return value|
|ap_done                   |  out|    1|  ap_ctrl_hs|  _find_boundaries_and_starting_index_and_value4|  return value|
|ap_ready                  |  out|    1|  ap_ctrl_hs|  _find_boundaries_and_starting_index_and_value4|  return value|
|ap_idle                   |  out|    1|  ap_ctrl_hs|  _find_boundaries_and_starting_index_and_value4|  return value|
|ap_continue               |   in|    1|  ap_ctrl_hs|  _find_boundaries_and_starting_index_and_value4|  return value|
+--------------------------+-----+-----+------------+------------------------------------------------+--------------+

