

================================================================
== Vitis HLS Report for 'p_find_left_and_right_boundaries6'
================================================================
* Date:           Mon Jul  1 23:31:21 2024

* Version:        2020.2 (Build 3064766 on Wed Nov 18 09:12:45 MST 2020)
* Project:        ParticleCoverHLS
* Solution:       solutionOpt1_5 (Vivado IP Flow Target)
* Product family: virtexuplus
* Target device:  xcvu11p-flga2577-1-e


================================================================
== Performance Estimates
================================================================
+ Timing: 
    * Summary: 
    +--------+----------+----------+------------+
    |  Clock |  Target  | Estimated| Uncertainty|
    +--------+----------+----------+------------+
    |ap_clk  |  10.00 ns|  7.649 ns|     2.70 ns|
    +--------+----------+----------+------------+

+ Latency: 
    * Summary: 
    +---------+---------+----------+----------+-----+-----+---------+
    |  Latency (cycles) |  Latency (absolute) |  Interval | Pipeline|
    |   min   |   max   |    min   |    max   | min | max |   Type  |
    +---------+---------+----------+----------+-----+-----+---------+
    |        ?|        ?|         ?|         ?|    ?|    ?|     none|
    +---------+---------+----------+----------+-----+-----+---------+

    + Detail: 
        * Instance: 
        N/A

        * Loop: 
        +---------------------------------------+---------+---------+----------+-----------+-----------+------+----------+
        |                                       |  Latency (cycles) | Iteration|  Initiation Interval  | Trip |          |
        |               Loop Name               |   min   |   max   |  Latency |  achieved |   target  | Count| Pipelined|
        +---------------------------------------+---------+---------+----------+-----------+-----------+------+----------+
        |- loop_find_left_and_right_boundaries  |        ?|        ?|        25|         17|          1|     ?|       yes|
        +---------------------------------------+---------+---------+----------+-----------+-----------+------+----------+



================================================================
== Utilization Estimates
================================================================
* Summary: 
+---------------------+---------+------+---------+---------+-----+
|         Name        | BRAM_18K|  DSP |    FF   |   LUT   | URAM|
+---------------------+---------+------+---------+---------+-----+
|DSP                  |        -|     -|        -|        -|    -|
|Expression           |        -|     -|        0|    18294|    -|
|FIFO                 |        -|     -|        -|        -|    -|
|Instance             |        -|     4|      354|      458|    -|
|Memory               |        0|     -|       32|        3|    -|
|Multiplexer          |        -|     -|        -|      575|    -|
|Register             |        -|     -|     2528|        -|    -|
+---------------------+---------+------+---------+---------+-----+
|Total                |        0|     4|     2914|    19330|    0|
+---------------------+---------+------+---------+---------+-----+
|Available SLR        |     1344|  3072|   864000|   432000|  320|
+---------------------+---------+------+---------+---------+-----+
|Utilization SLR (%)  |        0|    ~0|       ~0|        4|    0|
+---------------------+---------+------+---------+---------+-----+
|Available            |     4032|  9216|  2592000|  1296000|  960|
+---------------------+---------+------+---------+---------+-----+
|Utilization (%)      |        0|    ~0|       ~0|        1|    0|
+---------------------+---------+------+---------+---------+-----+

+ Detail: 
    * Instance: 
    +---------------------------------------+------------------------------------+---------+----+-----+-----+-----+
    |                Instance               |               Module               | BRAM_18K| DSP|  FF | LUT | URAM|
    +---------------------------------------+------------------------------------+---------+----+-----+-----+-----+
    |faddfsub_32ns_32ns_32_3_full_dsp_1_U6  |faddfsub_32ns_32ns_32_3_full_dsp_1  |        0|   2|  177|  229|    0|
    |fpext_32ns_64_2_no_dsp_1_U8            |fpext_32ns_64_2_no_dsp_1            |        0|   0|    0|    0|    0|
    |fpext_32ns_64_2_no_dsp_1_U9            |fpext_32ns_64_2_no_dsp_1            |        0|   0|    0|    0|    0|
    |fsub_32ns_32ns_32_3_full_dsp_1_U7      |fsub_32ns_32ns_32_3_full_dsp_1      |        0|   2|  177|  229|    0|
    +---------------------------------------+------------------------------------+---------+----+-----+-----+-----+
    |Total                                  |                                    |        0|   4|  354|  458|    0|
    +---------------------------------------+------------------------------------+---------+----+-----+-----+-----+

    * DSP: 
    N/A

    * Memory: 
    +--------------------------------------+----------------------------------------------------------------------+---------+----+----+-----+------+-----+------+-------------+
    |                Memory                |                                Module                                | BRAM_18K| FF | LUT| URAM| Words| Bits| Banks| W*Bits*Banks|
    +--------------------------------------+----------------------------------------------------------------------+---------+----+----+-----+------+-----+------+-------------+
    |get_trapezoid_edgestrapezoid_edges_U  |p_find_left_and_right_boundaries6_get_trapezoid_edgestrapezoid_edges  |        0|  32|   3|    0|     5|   32|     1|          160|
    +--------------------------------------+----------------------------------------------------------------------+---------+----+----+-----+------+-----+------+-------------+
    |Total                                 |                                                                      |        0|  32|   3|    0|     5|   32|     1|          160|
    +--------------------------------------+----------------------------------------------------------------------+---------+----+----+-----+------+-----+------+-------------+

    * FIFO: 
    N/A

    * Expression: 
    +----------------------------+----------+----+---+-----+------------+------------+
    |        Variable Name       | Operation| DSP| FF| LUT | Bitwidth P0| Bitwidth P1|
    +----------------------------+----------+----+---+-----+------------+------------+
    |add_ln45_fu_382_p2          |         +|   0|  0|   38|          31|           1|
    |add_ln46_fu_405_p2          |         +|   0|  0|   23|          16|          16|
    |add_ln581_10_fu_4402_p2     |         +|   0|  0|   19|          12|           6|
    |add_ln581_11_fu_4031_p2     |         +|   0|  0|   19|          12|           6|
    |add_ln581_1_fu_5658_p2      |         +|   0|  0|   19|          12|           6|
    |add_ln581_2_fu_1764_p2      |         +|   0|  0|   19|          12|           6|
    |add_ln581_3_fu_5867_p2      |         +|   0|  0|   19|          12|           6|
    |add_ln581_4_fu_2776_p2      |         +|   0|  0|   19|          12|           6|
    |add_ln581_5_fu_6218_p2      |         +|   0|  0|   19|          12|           6|
    |add_ln581_6_fu_2295_p2      |         +|   0|  0|   19|          12|           6|
    |add_ln581_7_fu_6515_p2      |         +|   0|  0|   19|          12|           6|
    |add_ln581_8_fu_3807_p2      |         +|   0|  0|   19|          12|           6|
    |add_ln581_9_fu_3508_p2      |         +|   0|  0|   19|          12|           6|
    |add_ln581_fu_2071_p2        |         +|   0|  0|   19|          12|           6|
    |add_ln66_1_fu_636_p2        |         +|   0|  0|   23|          16|          16|
    |add_ln66_2_fu_622_p2        |         +|   0|  0|   19|          12|           2|
    |add_ln66_3_fu_651_p2        |         +|   0|  0|   16|           9|           2|
    |add_ln66_fu_4233_p2         |         +|   0|  0|   39|          32|           2|
    |add_ln89_fu_4621_p2         |         +|   0|  0|   23|          16|          16|
    |add_ln958_10_fu_2962_p2     |         +|   0|  0|   39|          32|           6|
    |add_ln958_3_fu_4830_p2      |         +|   0|  0|   39|          32|           6|
    |add_ln958_4_fu_1534_p2      |         +|   0|  0|   39|          32|           6|
    |add_ln958_5_fu_5127_p2      |         +|   0|  0|   39|          32|           6|
    |add_ln958_6_fu_1246_p2      |         +|   0|  0|   39|          32|           6|
    |add_ln958_7_fu_5408_p2      |         +|   0|  0|   39|          32|           6|
    |add_ln958_8_fu_980_p2       |         +|   0|  0|   39|          32|           6|
    |add_ln958_9_fu_3306_p2      |         +|   0|  0|   39|          32|           6|
    |add_ln958_fu_688_p2         |         +|   0|  0|   39|          32|           6|
    |add_ln964_10_fu_3038_p2     |         +|   0|  0|   19|           8|           8|
    |add_ln964_3_fu_4912_p2      |         +|   0|  0|   19|           8|           8|
    |add_ln964_4_fu_1629_p2      |         +|   0|  0|   19|           8|           8|
    |add_ln964_5_fu_5209_p2      |         +|   0|  0|   19|           8|           8|
    |add_ln964_6_fu_1333_p2      |         +|   0|  0|   19|           8|           8|
    |add_ln964_7_fu_5490_p2      |         +|   0|  0|   19|           8|           8|
    |add_ln964_8_fu_1046_p2      |         +|   0|  0|   19|           8|           8|
    |add_ln964_9_fu_3382_p2      |         +|   0|  0|   19|           8|           8|
    |add_ln964_fu_754_p2         |         +|   0|  0|   19|           8|           8|
    |lsb_index_10_fu_2620_p2     |         +|   0|  0|   39|          32|           6|
    |lsb_index_3_fu_1406_p2      |         +|   0|  0|   39|          32|           6|
    |lsb_index_4_fu_1118_p2      |         +|   0|  0|   39|          32|           6|
    |lsb_index_5_fu_4702_p2      |         +|   0|  0|   39|          32|           6|
    |lsb_index_6_fu_4999_p2      |         +|   0|  0|   39|          32|           6|
    |lsb_index_7_fu_5280_p2      |         +|   0|  0|   39|          32|           6|
    |lsb_index_8_fu_842_p2       |         +|   0|  0|   39|          32|           6|
    |lsb_index_9_fu_3174_p2      |         +|   0|  0|   39|          32|           6|
    |lsb_index_fu_485_p2         |         +|   0|  0|   39|          32|           6|
    |m_25_fu_713_p2              |         +|   0|  0|   71|          64|          64|
    |m_30_fu_1570_p2             |         +|   0|  0|   71|          64|          64|
    |m_34_fu_1282_p2             |         +|   0|  0|   71|          64|          64|
    |m_38_fu_4866_p2             |         +|   0|  0|   71|          64|          64|
    |m_42_fu_5163_p2             |         +|   0|  0|   71|          64|          64|
    |m_46_fu_5444_p2             |         +|   0|  0|   71|          64|          64|
    |m_59_fu_1005_p2             |         +|   0|  0|   71|          64|          64|
    |m_63_fu_3341_p2             |         +|   0|  0|   71|          64|          64|
    |m_67_fu_2997_p2             |         +|   0|  0|   71|          64|          64|
    |F2_10_fu_4390_p2            |         -|   0|  0|   19|          11|          12|
    |F2_11_fu_4019_p2            |         -|   0|  0|   19|          11|          12|
    |F2_1_fu_1752_p2             |         -|   0|  0|   19|          11|          12|
    |F2_2_fu_5646_p2             |         -|   0|  0|   19|          11|          12|
    |F2_3_fu_5855_p2             |         -|   0|  0|   19|          11|          12|
    |F2_4_fu_2764_p2             |         -|   0|  0|   19|          11|          12|
    |F2_5_fu_6206_p2             |         -|   0|  0|   19|          11|          12|
    |F2_6_fu_2283_p2             |         -|   0|  0|   19|          11|          12|
    |F2_7_fu_3795_p2             |         -|   0|  0|   19|          11|          12|
    |F2_8_fu_3496_p2             |         -|   0|  0|   19|          11|          12|
    |F2_9_fu_6503_p2             |         -|   0|  0|   19|          11|          12|
    |F2_fu_2059_p2               |         -|   0|  0|   19|          11|          12|
    |grp_fu_293_p2               |         -|   0|  0|   39|           1|          32|
    |grp_fu_311_p2               |         -|   0|  0|   39|           1|          32|
    |man_V_10_fu_5842_p2         |         -|   0|  0|   61|           1|          54|
    |man_V_13_fu_2744_p2         |         -|   0|  0|   61|           1|          54|
    |man_V_16_fu_6186_p2         |         -|   0|  0|   61|           1|          54|
    |man_V_19_fu_2263_p2         |         -|   0|  0|   61|           1|          54|
    |man_V_1_fu_2039_p2          |         -|   0|  0|   61|           1|          54|
    |man_V_22_fu_3775_p2         |         -|   0|  0|   61|           1|          54|
    |man_V_25_fu_3476_p2         |         -|   0|  0|   61|           1|          54|
    |man_V_28_fu_6483_p2         |         -|   0|  0|   61|           1|          54|
    |man_V_31_fu_4370_p2         |         -|   0|  0|   61|           1|          54|
    |man_V_34_fu_3999_p2         |         -|   0|  0|   61|           1|          54|
    |man_V_4_fu_1732_p2          |         -|   0|  0|   61|           1|          54|
    |man_V_7_fu_5633_p2          |         -|   0|  0|   61|           1|          54|
    |sub_ln581_10_fu_4408_p2     |         -|   0|  0|   19|           5|          12|
    |sub_ln581_11_fu_4037_p2     |         -|   0|  0|   19|           5|          12|
    |sub_ln581_1_fu_5664_p2      |         -|   0|  0|   19|           5|          12|
    |sub_ln581_2_fu_1770_p2      |         -|   0|  0|   19|           5|          12|
    |sub_ln581_3_fu_5873_p2      |         -|   0|  0|   19|           5|          12|
    |sub_ln581_4_fu_2782_p2      |         -|   0|  0|   19|           5|          12|
    |sub_ln581_5_fu_6224_p2      |         -|   0|  0|   19|           5|          12|
    |sub_ln581_6_fu_2301_p2      |         -|   0|  0|   19|           5|          12|
    |sub_ln581_7_fu_6521_p2      |         -|   0|  0|   19|           5|          12|
    |sub_ln581_8_fu_3813_p2      |         -|   0|  0|   19|           5|          12|
    |sub_ln581_9_fu_3514_p2      |         -|   0|  0|   19|           5|          12|
    |sub_ln581_fu_2077_p2        |         -|   0|  0|   19|           5|          12|
    |sub_ln66_fu_609_p2          |         -|   0|  0|   39|          32|          32|
    |sub_ln944_10_fu_2614_p2     |         -|   0|  0|   39|           6|          32|
    |sub_ln944_3_fu_4696_p2      |         -|   0|  0|   39|           6|          32|
    |sub_ln944_4_fu_1400_p2      |         -|   0|  0|   39|           6|          32|
    |sub_ln944_5_fu_4993_p2      |         -|   0|  0|   39|           6|          32|
    |sub_ln944_6_fu_1112_p2      |         -|   0|  0|   39|           6|          32|
    |sub_ln944_7_fu_5274_p2      |         -|   0|  0|   39|           6|          32|
    |sub_ln944_8_fu_836_p2       |         -|   0|  0|   39|           6|          32|
    |sub_ln944_9_fu_3168_p2      |         -|   0|  0|   39|           6|          32|
    |sub_ln944_fu_479_p2         |         -|   0|  0|   39|           6|          32|
    |sub_ln947_10_fu_2646_p2     |         -|   0|  0|   13|           4|           6|
    |sub_ln947_3_fu_1432_p2      |         -|   0|  0|   13|           4|           6|
    |sub_ln947_4_fu_1144_p2      |         -|   0|  0|   13|           4|           6|
    |sub_ln947_5_fu_4728_p2      |         -|   0|  0|   13|           4|           6|
    |sub_ln947_6_fu_5025_p2      |         -|   0|  0|   13|           4|           6|
    |sub_ln947_7_fu_5306_p2      |         -|   0|  0|   13|           4|           6|
    |sub_ln947_8_fu_868_p2       |         -|   0|  0|   13|           4|           6|
    |sub_ln947_9_fu_3200_p2      |         -|   0|  0|   13|           4|           6|
    |sub_ln947_fu_511_p2         |         -|   0|  0|   13|           4|           6|
    |sub_ln959_10_fu_2942_p2     |         -|   0|  0|   39|           5|          32|
    |sub_ln959_3_fu_4806_p2      |         -|   0|  0|   39|           5|          32|
    |sub_ln959_4_fu_1510_p2      |         -|   0|  0|   39|           5|          32|
    |sub_ln959_5_fu_5103_p2      |         -|   0|  0|   39|           5|          32|
    |sub_ln959_6_fu_1222_p2      |         -|   0|  0|   39|           5|          32|
    |sub_ln959_7_fu_5384_p2      |         -|   0|  0|   39|           5|          32|
    |sub_ln959_8_fu_965_p2       |         -|   0|  0|   39|           5|          32|
    |sub_ln959_9_fu_3286_p2      |         -|   0|  0|   39|           5|          32|
    |sub_ln959_fu_673_p2         |         -|   0|  0|   39|           5|          32|
    |sub_ln964_10_fu_3033_p2     |         -|   0|  0|   19|           4|           8|
    |sub_ln964_3_fu_4906_p2      |         -|   0|  0|   19|           4|           8|
    |sub_ln964_4_fu_1624_p2      |         -|   0|  0|   19|           4|           8|
    |sub_ln964_5_fu_5203_p2      |         -|   0|  0|   19|           4|           8|
    |sub_ln964_6_fu_1328_p2      |         -|   0|  0|   19|           4|           8|
    |sub_ln964_7_fu_5484_p2      |         -|   0|  0|   19|           4|           8|
    |sub_ln964_8_fu_1041_p2      |         -|   0|  0|   19|           4|           8|
    |sub_ln964_9_fu_3377_p2      |         -|   0|  0|   19|           4|           8|
    |sub_ln964_fu_749_p2         |         -|   0|  0|   19|           4|           8|
    |tmp_V_14_fu_4662_p2         |         -|   0|  0|   39|           1|          32|
    |tmp_V_23_fu_804_p2          |         -|   0|  0|   39|           1|          32|
    |tmp_V_25_fu_3136_p2         |         -|   0|  0|   39|           1|          32|
    |tmp_V_28_fu_2582_p2         |         -|   0|  0|   39|           1|          32|
    |tmp_V_fu_447_p2             |         -|   0|  0|   39|           1|          32|
    |and_ln1495_10_fu_3719_p2    |       and|   0|  0|    2|           1|           1|
    |and_ln1495_11_fu_3724_p2    |       and|   0|  0|    2|           1|           1|
    |and_ln1495_1_fu_2513_p2     |       and|   0|  0|    2|           1|           1|
    |and_ln1495_2_fu_6128_p2     |       and|   0|  0|    2|           1|           1|
    |and_ln1495_3_fu_6134_p2     |       and|   0|  0|    2|           1|           1|
    |and_ln1495_4_fu_1975_p2     |       and|   0|  0|    2|           1|           1|
    |and_ln1495_5_fu_1980_p2     |       and|   0|  0|    2|           1|           1|
    |and_ln1495_6_fu_6427_p2     |       and|   0|  0|    2|           1|           1|
    |and_ln1495_7_fu_6432_p2     |       and|   0|  0|    2|           1|           1|
    |and_ln1495_8_fu_4312_p2     |       and|   0|  0|    2|           1|           1|
    |and_ln1495_9_fu_4318_p2     |       and|   0|  0|    2|           1|           1|
    |and_ln1495_fu_2507_p2       |       and|   0|  0|    2|           1|           1|
    |and_ln581_10_fu_4506_p2     |       and|   0|  0|    2|           1|           1|
    |and_ln581_11_fu_4135_p2     |       and|   0|  0|    2|           1|           1|
    |and_ln581_1_fu_1858_p2      |       and|   0|  0|    2|           1|           1|
    |and_ln581_2_fu_5768_p2      |       and|   0|  0|    2|           1|           1|
    |and_ln581_3_fu_5988_p2      |       and|   0|  0|    2|           1|           1|
    |and_ln581_4_fu_2878_p2      |       and|   0|  0|    2|           1|           1|
    |and_ln581_5_fu_6322_p2      |       and|   0|  0|    2|           1|           1|
    |and_ln581_6_fu_2397_p2      |       and|   0|  0|    2|           1|           1|
    |and_ln581_7_fu_3881_p2      |       and|   0|  0|    2|           1|           1|
    |and_ln581_8_fu_3602_p2      |       and|   0|  0|    2|           1|           1|
    |and_ln581_9_fu_6619_p2      |       and|   0|  0|    2|           1|           1|
    |and_ln581_fu_2145_p2        |       and|   0|  0|    2|           1|           1|
    |and_ln582_10_fu_4488_p2     |       and|   0|  0|    2|           1|           1|
    |and_ln582_11_fu_4117_p2     |       and|   0|  0|    2|           1|           1|
    |and_ln582_1_fu_1840_p2      |       and|   0|  0|    2|           1|           1|
    |and_ln582_2_fu_5751_p2      |       and|   0|  0|    2|           1|           1|
    |and_ln582_3_fu_5971_p2      |       and|   0|  0|    2|           1|           1|
    |and_ln582_4_fu_2852_p2      |       and|   0|  0|    2|           1|           1|
    |and_ln582_5_fu_6304_p2      |       and|   0|  0|    2|           1|           1|
    |and_ln582_6_fu_2371_p2      |       and|   0|  0|    2|           1|           1|
    |and_ln582_7_fu_4268_p2      |       and|   0|  0|    2|           1|           1|
    |and_ln582_8_fu_3584_p2      |       and|   0|  0|    2|           1|           1|
    |and_ln582_9_fu_6601_p2      |       and|   0|  0|    2|           1|           1|
    |and_ln582_fu_2463_p2        |       and|   0|  0|    2|           1|           1|
    |and_ln585_10_fu_6328_p2     |       and|   0|  0|    2|           1|           1|
    |and_ln585_11_fu_6358_p2     |       and|   0|  0|    2|           1|           1|
    |and_ln585_12_fu_2403_p2     |       and|   0|  0|    2|           1|           1|
    |and_ln585_13_fu_2543_p2     |       and|   0|  0|    2|           1|           1|
    |and_ln585_14_fu_3887_p2     |       and|   0|  0|    2|           1|           1|
    |and_ln585_15_fu_3899_p2     |       and|   0|  0|    2|           1|           1|
    |and_ln585_16_fu_3608_p2     |       and|   0|  0|    2|           1|           1|
    |and_ln585_17_fu_3620_p2     |       and|   0|  0|    2|           1|           1|
    |and_ln585_18_fu_6625_p2     |       and|   0|  0|    2|           1|           1|
    |and_ln585_19_fu_6655_p2     |       and|   0|  0|    2|           1|           1|
    |and_ln585_1_fu_2163_p2      |       and|   0|  0|    2|           1|           1|
    |and_ln585_20_fu_4512_p2     |       and|   0|  0|    2|           1|           1|
    |and_ln585_21_fu_4542_p2     |       and|   0|  0|    2|           1|           1|
    |and_ln585_22_fu_4141_p2     |       and|   0|  0|    2|           1|           1|
    |and_ln585_23_fu_4171_p2     |       and|   0|  0|    2|           1|           1|
    |and_ln585_2_fu_1864_p2      |       and|   0|  0|    2|           1|           1|
    |and_ln585_3_fu_1876_p2      |       and|   0|  0|    2|           1|           1|
    |and_ln585_4_fu_5774_p2      |       and|   0|  0|    2|           1|           1|
    |and_ln585_5_fu_5786_p2      |       and|   0|  0|    2|           1|           1|
    |and_ln585_6_fu_5994_p2      |       and|   0|  0|    2|           1|           1|
    |and_ln585_7_fu_6006_p2      |       and|   0|  0|    2|           1|           1|
    |and_ln585_8_fu_2884_p2      |       and|   0|  0|    2|           1|           1|
    |and_ln585_9_fu_3097_p2      |       and|   0|  0|    2|           1|           1|
    |and_ln585_fu_2151_p2        |       and|   0|  0|    2|           1|           1|
    |and_ln603_10_fu_4530_p2     |       and|   0|  0|    2|           1|           1|
    |and_ln603_11_fu_4159_p2     |       and|   0|  0|    2|           1|           1|
    |and_ln603_1_fu_1894_p2      |       and|   0|  0|    2|           1|           1|
    |and_ln603_2_fu_5804_p2      |       and|   0|  0|    2|           1|           1|
    |and_ln603_3_fu_6024_p2      |       and|   0|  0|    2|           1|           1|
    |and_ln603_4_fu_2910_p2      |       and|   0|  0|    2|           1|           1|
    |and_ln603_5_fu_6346_p2      |       and|   0|  0|    2|           1|           1|
    |and_ln603_6_fu_2429_p2      |       and|   0|  0|    2|           1|           1|
    |and_ln603_7_fu_3917_p2      |       and|   0|  0|    2|           1|           1|
    |and_ln603_8_fu_3638_p2      |       and|   0|  0|    2|           1|           1|
    |and_ln603_9_fu_6643_p2      |       and|   0|  0|    2|           1|           1|
    |and_ln603_fu_2181_p2        |       and|   0|  0|    2|           1|           1|
    |and_ln949_10_fu_1212_p2     |       and|   0|  0|    2|           1|           1|
    |and_ln949_11_fu_4796_p2     |       and|   0|  0|    2|           1|           1|
    |and_ln949_12_fu_5093_p2     |       and|   0|  0|    2|           1|           1|
    |and_ln949_13_fu_5374_p2     |       and|   0|  0|    2|           1|           1|
    |and_ln949_14_fu_4756_p2     |       and|   0|  0|   32|          32|          32|
    |and_ln949_15_fu_5053_p2     |       and|   0|  0|   32|          32|          32|
    |and_ln949_16_fu_936_p2      |       and|   0|  0|    2|           1|           1|
    |and_ln949_17_fu_5334_p2     |       and|   0|  0|   32|          32|          32|
    |and_ln949_18_fu_3278_p2     |       and|   0|  0|    2|           1|           1|
    |and_ln949_19_fu_2934_p2     |       and|   0|  0|    2|           1|           1|
    |and_ln949_20_fu_896_p2      |       and|   0|  0|   32|          32|          32|
    |and_ln949_21_fu_3228_p2     |       and|   0|  0|   32|          32|          32|
    |and_ln949_22_fu_2674_p2     |       and|   0|  0|   32|          32|          32|
    |and_ln949_6_fu_579_p2       |       and|   0|  0|    2|           1|           1|
    |and_ln949_7_fu_1500_p2      |       and|   0|  0|    2|           1|           1|
    |and_ln949_8_fu_1460_p2      |       and|   0|  0|   32|          32|          32|
    |and_ln949_9_fu_1172_p2      |       and|   0|  0|   32|          32|          32|
    |and_ln949_fu_539_p2         |       and|   0|  0|   32|          32|          32|
    |ashr_ln586_10_fu_4466_p2    |      ashr|   0|  0|  161|          54|          54|
    |ashr_ln586_11_fu_4095_p2    |      ashr|   0|  0|  161|          54|          54|
    |ashr_ln586_1_fu_5722_p2     |      ashr|   0|  0|  161|          54|          54|
    |ashr_ln586_2_fu_1824_p2     |      ashr|   0|  0|  161|          54|          54|
    |ashr_ln586_3_fu_5931_p2     |      ashr|   0|  0|  161|          54|          54|
    |ashr_ln586_4_fu_2836_p2     |      ashr|   0|  0|  161|          54|          54|
    |ashr_ln586_5_fu_6282_p2     |      ashr|   0|  0|  161|          54|          54|
    |ashr_ln586_6_fu_2355_p2     |      ashr|   0|  0|  161|          54|          54|
    |ashr_ln586_7_fu_6579_p2     |      ashr|   0|  0|  161|          54|          54|
    |ashr_ln586_8_fu_3863_p2     |      ashr|   0|  0|  161|          54|          54|
    |ashr_ln586_9_fu_3568_p2     |      ashr|   0|  0|  161|          54|          54|
    |ashr_ln586_fu_2127_p2       |      ashr|   0|  0|  161|          54|          54|
    |grp_fu_339_p2               |      icmp|   0|  0|   20|          32|           1|
    |grp_fu_345_p2               |      icmp|   0|  0|   20|          32|           1|
    |icmp_ln45_fu_388_p2         |      icmp|   0|  0|   19|          31|          31|
    |icmp_ln571_10_fu_4384_p2    |      icmp|   0|  0|   28|          63|           1|
    |icmp_ln571_11_fu_4013_p2    |      icmp|   0|  0|   28|          63|           1|
    |icmp_ln571_1_fu_5577_p2     |      icmp|   0|  0|   28|          63|           1|
    |icmp_ln571_2_fu_1746_p2     |      icmp|   0|  0|   28|          63|           1|
    |icmp_ln571_3_fu_5613_p2     |      icmp|   0|  0|   28|          63|           1|
    |icmp_ln571_4_fu_2758_p2     |      icmp|   0|  0|   28|          63|           1|
    |icmp_ln571_5_fu_6200_p2     |      icmp|   0|  0|   28|          63|           1|
    |icmp_ln571_6_fu_2277_p2     |      icmp|   0|  0|   28|          63|           1|
    |icmp_ln571_7_fu_6497_p2     |      icmp|   0|  0|   28|          63|           1|
    |icmp_ln571_8_fu_3789_p2     |      icmp|   0|  0|   28|          63|           1|
    |icmp_ln571_9_fu_3490_p2     |      icmp|   0|  0|   28|          63|           1|
    |icmp_ln571_fu_2053_p2       |      icmp|   0|  0|   28|          63|           1|
    |icmp_ln581_10_fu_4396_p2    |      icmp|   0|  0|   12|          12|           5|
    |icmp_ln581_11_fu_4025_p2    |      icmp|   0|  0|   12|          12|           5|
    |icmp_ln581_1_fu_5652_p2     |      icmp|   0|  0|   12|          12|           5|
    |icmp_ln581_2_fu_1758_p2     |      icmp|   0|  0|   12|          12|           5|
    |icmp_ln581_3_fu_5861_p2     |      icmp|   0|  0|   12|          12|           5|
    |icmp_ln581_4_fu_2770_p2     |      icmp|   0|  0|   12|          12|           5|
    |icmp_ln581_5_fu_6212_p2     |      icmp|   0|  0|   12|          12|           5|
    |icmp_ln581_6_fu_2289_p2     |      icmp|   0|  0|   12|          12|           5|
    |icmp_ln581_7_fu_6509_p2     |      icmp|   0|  0|   12|          12|           5|
    |icmp_ln581_8_fu_3801_p2     |      icmp|   0|  0|   12|          12|           5|
    |icmp_ln581_9_fu_3502_p2     |      icmp|   0|  0|   12|          12|           5|
    |icmp_ln581_fu_2065_p2       |      icmp|   0|  0|   12|          12|           5|
    |icmp_ln582_10_fu_4426_p2    |      icmp|   0|  0|   12|          12|           5|
    |icmp_ln582_11_fu_4055_p2    |      icmp|   0|  0|   12|          12|           5|
    |icmp_ln582_1_fu_5682_p2     |      icmp|   0|  0|   12|          12|           5|
    |icmp_ln582_2_fu_1784_p2     |      icmp|   0|  0|   12|          12|           5|
    |icmp_ln582_3_fu_5891_p2     |      icmp|   0|  0|   12|          12|           5|
    |icmp_ln582_4_fu_2796_p2     |      icmp|   0|  0|   12|          12|           5|
    |icmp_ln582_5_fu_6242_p2     |      icmp|   0|  0|   12|          12|           5|
    |icmp_ln582_6_fu_2315_p2     |      icmp|   0|  0|   12|          12|           5|
    |icmp_ln582_7_fu_6539_p2     |      icmp|   0|  0|   12|          12|           5|
    |icmp_ln582_8_fu_3827_p2     |      icmp|   0|  0|   12|          12|           5|
    |icmp_ln582_9_fu_3528_p2     |      icmp|   0|  0|   12|          12|           5|
    |icmp_ln582_fu_2091_p2       |      icmp|   0|  0|   12|          12|           5|
    |icmp_ln585_10_fu_4436_p2    |      icmp|   0|  0|   12|          12|           6|
    |icmp_ln585_11_fu_4065_p2    |      icmp|   0|  0|   12|          12|           6|
    |icmp_ln585_1_fu_5692_p2     |      icmp|   0|  0|   12|          12|           6|
    |icmp_ln585_2_fu_1794_p2     |      icmp|   0|  0|   12|          12|           6|
    |icmp_ln585_3_fu_5901_p2     |      icmp|   0|  0|   12|          12|           6|
    |icmp_ln585_4_fu_2806_p2     |      icmp|   0|  0|   12|          12|           6|
    |icmp_ln585_5_fu_6252_p2     |      icmp|   0|  0|   12|          12|           6|
    |icmp_ln585_6_fu_2325_p2     |      icmp|   0|  0|   12|          12|           6|
    |icmp_ln585_7_fu_6549_p2     |      icmp|   0|  0|   12|          12|           6|
    |icmp_ln585_8_fu_3833_p2     |      icmp|   0|  0|   12|          12|           6|
    |icmp_ln585_9_fu_3538_p2     |      icmp|   0|  0|   12|          12|           6|
    |icmp_ln585_fu_2097_p2       |      icmp|   0|  0|   12|          12|           6|
    |icmp_ln603_10_fu_4452_p2    |      icmp|   0|  0|   10|           7|           1|
    |icmp_ln603_11_fu_4081_p2    |      icmp|   0|  0|   10|           7|           1|
    |icmp_ln603_1_fu_1810_p2     |      icmp|   0|  0|   10|           7|           1|
    |icmp_ln603_2_fu_5708_p2     |      icmp|   0|  0|   10|           7|           1|
    |icmp_ln603_3_fu_5917_p2     |      icmp|   0|  0|   10|           7|           1|
    |icmp_ln603_4_fu_2822_p2     |      icmp|   0|  0|   10|           7|           1|
    |icmp_ln603_5_fu_6268_p2     |      icmp|   0|  0|   10|           7|           1|
    |icmp_ln603_6_fu_2341_p2     |      icmp|   0|  0|   10|           7|           1|
    |icmp_ln603_7_fu_3849_p2     |      icmp|   0|  0|   10|           7|           1|
    |icmp_ln603_8_fu_3554_p2     |      icmp|   0|  0|   10|           7|           1|
    |icmp_ln603_9_fu_6565_p2     |      icmp|   0|  0|   10|           7|           1|
    |icmp_ln603_fu_2113_p2       |      icmp|   0|  0|   10|           7|           1|
    |icmp_ln935_2_fu_4668_p2     |      icmp|   0|  0|   20|          32|           1|
    |icmp_ln935_7_fu_798_p2      |      icmp|   0|  0|   20|          32|           1|
    |icmp_ln935_8_fu_3122_p2     |      icmp|   0|  0|   20|          32|           1|
    |icmp_ln935_9_fu_2568_p2     |      icmp|   0|  0|   20|          32|           1|
    |icmp_ln935_fu_441_p2        |      icmp|   0|  0|   20|          32|           1|
    |icmp_ln946_10_fu_2636_p2    |      icmp|   0|  0|   19|          31|           1|
    |icmp_ln946_3_fu_1422_p2     |      icmp|   0|  0|   19|          31|           1|
    |icmp_ln946_4_fu_1134_p2     |      icmp|   0|  0|   19|          31|           1|
    |icmp_ln946_5_fu_4718_p2     |      icmp|   0|  0|   19|          31|           1|
    |icmp_ln946_6_fu_5015_p2     |      icmp|   0|  0|   19|          31|           1|
    |icmp_ln946_7_fu_5296_p2     |      icmp|   0|  0|   19|          31|           1|
    |icmp_ln946_8_fu_858_p2      |      icmp|   0|  0|   19|          31|           1|
    |icmp_ln946_9_fu_3190_p2     |      icmp|   0|  0|   19|          31|           1|
    |icmp_ln946_fu_501_p2        |      icmp|   0|  0|   19|          31|           1|
    |icmp_ln949_10_fu_2680_p2    |      icmp|   0|  0|   20|          32|           1|
    |icmp_ln949_3_fu_1466_p2     |      icmp|   0|  0|   20|          32|           1|
    |icmp_ln949_4_fu_1178_p2     |      icmp|   0|  0|   20|          32|           1|
    |icmp_ln949_5_fu_4762_p2     |      icmp|   0|  0|   20|          32|           1|
    |icmp_ln949_6_fu_5059_p2     |      icmp|   0|  0|   20|          32|           1|
    |icmp_ln949_7_fu_5340_p2     |      icmp|   0|  0|   20|          32|           1|
    |icmp_ln949_8_fu_902_p2      |      icmp|   0|  0|   20|          32|           1|
    |icmp_ln949_9_fu_3234_p2     |      icmp|   0|  0|   20|          32|           1|
    |icmp_ln949_fu_545_p2        |      icmp|   0|  0|   20|          32|           1|
    |icmp_ln958_10_fu_2929_p2    |      icmp|   0|  0|   20|          32|           1|
    |icmp_ln958_3_fu_4790_p2     |      icmp|   0|  0|   20|          32|           1|
    |icmp_ln958_4_fu_1494_p2     |      icmp|   0|  0|   20|          32|           1|
    |icmp_ln958_5_fu_5087_p2     |      icmp|   0|  0|   20|          32|           1|
    |icmp_ln958_6_fu_1206_p2     |      icmp|   0|  0|   20|          32|           1|
    |icmp_ln958_7_fu_5368_p2     |      icmp|   0|  0|   20|          32|           1|
    |icmp_ln958_8_fu_930_p2      |      icmp|   0|  0|   20|          32|           1|
    |icmp_ln958_9_fu_3273_p2     |      icmp|   0|  0|   20|          32|           1|
    |icmp_ln958_fu_573_p2        |      icmp|   0|  0|   20|          32|           1|
    |lshr_ln947_10_fu_2656_p2    |      lshr|   0|  0|  100|           2|          32|
    |lshr_ln947_3_fu_1442_p2     |      lshr|   0|  0|  100|           2|          32|
    |lshr_ln947_4_fu_1154_p2     |      lshr|   0|  0|  100|           2|          32|
    |lshr_ln947_5_fu_4738_p2     |      lshr|   0|  0|  100|           2|          32|
    |lshr_ln947_6_fu_5035_p2     |      lshr|   0|  0|  100|           2|          32|
    |lshr_ln947_7_fu_5316_p2     |      lshr|   0|  0|  100|           2|          32|
    |lshr_ln947_8_fu_878_p2      |      lshr|   0|  0|  100|           2|          32|
    |lshr_ln947_9_fu_3210_p2     |      lshr|   0|  0|  100|           2|          32|
    |lshr_ln947_fu_521_p2        |      lshr|   0|  0|  100|           2|          32|
    |lshr_ln958_10_fu_2971_p2    |      lshr|   0|  0|  182|          64|          64|
    |lshr_ln958_3_fu_4840_p2     |      lshr|   0|  0|  182|          64|          64|
    |lshr_ln958_4_fu_1544_p2     |      lshr|   0|  0|  182|          64|          64|
    |lshr_ln958_5_fu_5137_p2     |      lshr|   0|  0|  182|          64|          64|
    |lshr_ln958_6_fu_1256_p2     |      lshr|   0|  0|  182|          64|          64|
    |lshr_ln958_7_fu_5418_p2     |      lshr|   0|  0|  182|          64|          64|
    |lshr_ln958_8_fu_989_p2      |      lshr|   0|  0|  182|          64|          64|
    |lshr_ln958_9_fu_3315_p2     |      lshr|   0|  0|  182|          64|          64|
    |lshr_ln958_fu_697_p2        |      lshr|   0|  0|  182|          64|          64|
    |ap_block_state1             |        or|   0|  0|    2|           1|           1|
    |or_ln581_10_fu_4518_p2      |        or|   0|  0|    2|           1|           1|
    |or_ln581_11_fu_4147_p2      |        or|   0|  0|    2|           1|           1|
    |or_ln581_1_fu_1882_p2       |        or|   0|  0|    2|           1|           1|
    |or_ln581_2_fu_5792_p2       |        or|   0|  0|    2|           1|           1|
    |or_ln581_3_fu_6012_p2       |        or|   0|  0|    2|           1|           1|
    |or_ln581_4_fu_2898_p2       |        or|   0|  0|    2|           1|           1|
    |or_ln581_5_fu_6334_p2       |        or|   0|  0|    2|           1|           1|
    |or_ln581_6_fu_2417_p2       |        or|   0|  0|    2|           1|           1|
    |or_ln581_7_fu_3905_p2       |        or|   0|  0|    2|           1|           1|
    |or_ln581_8_fu_3626_p2       |        or|   0|  0|    2|           1|           1|
    |or_ln581_9_fu_6631_p2       |        or|   0|  0|    2|           1|           1|
    |or_ln581_fu_2169_p2         |        or|   0|  0|    2|           1|           1|
    |or_ln582_10_fu_4494_p2      |        or|   0|  0|    2|           1|           1|
    |or_ln582_11_fu_4123_p2      |        or|   0|  0|    2|           1|           1|
    |or_ln582_1_fu_1846_p2       |        or|   0|  0|    2|           1|           1|
    |or_ln582_2_fu_5757_p2       |        or|   0|  0|    2|           1|           1|
    |or_ln582_3_fu_5977_p2       |        or|   0|  0|    2|           1|           1|
    |or_ln582_4_fu_2866_p2       |        or|   0|  0|    2|           1|           1|
    |or_ln582_5_fu_6310_p2       |        or|   0|  0|    2|           1|           1|
    |or_ln582_6_fu_2385_p2       |        or|   0|  0|    2|           1|           1|
    |or_ln582_7_fu_3869_p2       |        or|   0|  0|    2|           1|           1|
    |or_ln582_8_fu_3590_p2       |        or|   0|  0|    2|           1|           1|
    |or_ln582_9_fu_6607_p2       |        or|   0|  0|    2|           1|           1|
    |or_ln582_fu_2133_p2         |        or|   0|  0|    2|           1|           1|
    |or_ln585_10_fu_4584_p2      |        or|   0|  0|    2|           1|           1|
    |or_ln585_11_fu_4177_p2      |        or|   0|  0|    2|           1|           1|
    |or_ln585_12_fu_4191_p2      |        or|   0|  0|    2|           1|           1|
    |or_ln585_13_fu_4213_p2      |        or|   0|  0|    2|           1|           1|
    |or_ln585_1_fu_6364_p2       |        or|   0|  0|    2|           1|           1|
    |or_ln585_2_fu_6378_p2       |        or|   0|  0|    2|           1|           1|
    |or_ln585_3_fu_6400_p2       |        or|   0|  0|    2|           1|           1|
    |or_ln585_4_fu_2548_p2       |        or|   0|  0|    2|           1|           1|
    |or_ln585_5_fu_6661_p2       |        or|   0|  0|    2|           1|           1|
    |or_ln585_6_fu_6675_p2       |        or|   0|  0|    2|           1|           1|
    |or_ln585_7_fu_6697_p2       |        or|   0|  0|    2|           1|           1|
    |or_ln585_8_fu_4548_p2       |        or|   0|  0|    2|           1|           1|
    |or_ln585_9_fu_4562_p2       |        or|   0|  0|    2|           1|           1|
    |or_ln585_fu_3102_p2         |        or|   0|  0|    2|           1|           1|
    |or_ln603_10_fu_6052_p2      |        or|   0|  0|    2|           1|           1|
    |or_ln603_11_fu_6066_p2      |        or|   0|  0|    2|           1|           1|
    |or_ln603_12_fu_3923_p2      |        or|   0|  0|    2|           1|           1|
    |or_ln603_13_fu_4273_p2      |        or|   0|  0|    2|           1|           1|
    |or_ln603_14_fu_4278_p2      |        or|   0|  0|    2|           1|           1|
    |or_ln603_15_fu_3644_p2      |        or|   0|  0|    2|           1|           1|
    |or_ln603_16_fu_3658_p2      |        or|   0|  0|    2|           1|           1|
    |or_ln603_17_fu_3664_p2      |        or|   0|  0|    2|           1|           1|
    |or_ln603_1_fu_2468_p2       |        or|   0|  0|    2|           1|           1|
    |or_ln603_2_fu_2473_p2       |        or|   0|  0|    2|           1|           1|
    |or_ln603_3_fu_1900_p2       |        or|   0|  0|    2|           1|           1|
    |or_ln603_4_fu_1914_p2       |        or|   0|  0|    2|           1|           1|
    |or_ln603_5_fu_1920_p2       |        or|   0|  0|    2|           1|           1|
    |or_ln603_6_fu_5810_p2       |        or|   0|  0|    2|           1|           1|
    |or_ln603_7_fu_5816_p2       |        or|   0|  0|    2|           1|           1|
    |or_ln603_8_fu_5822_p2       |        or|   0|  0|    2|           1|           1|
    |or_ln603_9_fu_6038_p2       |        or|   0|  0|    2|           1|           1|
    |or_ln603_fu_2187_p2         |        or|   0|  0|    2|           1|           1|
    |or_ln949_11_fu_533_p2       |        or|   0|  0|   32|          32|          32|
    |or_ln949_12_fu_1166_p2      |        or|   0|  0|   32|          32|          32|
    |or_ln949_13_fu_4750_p2      |        or|   0|  0|   32|          32|          32|
    |or_ln949_14_fu_5047_p2      |        or|   0|  0|   32|          32|          32|
    |or_ln949_15_fu_5328_p2      |        or|   0|  0|   32|          32|          32|
    |or_ln949_16_fu_890_p2       |        or|   0|  0|   32|          32|          32|
    |or_ln949_17_fu_3222_p2      |        or|   0|  0|   32|          32|          32|
    |or_ln949_18_fu_2668_p2      |        or|   0|  0|   32|          32|          32|
    |or_ln949_fu_1454_p2         |        or|   0|  0|   32|          32|          32|
    |m_29_fu_1558_p3             |    select|   0|  0|   64|           1|          64|
    |m_33_fu_1270_p3             |    select|   0|  0|   64|           1|          64|
    |m_37_fu_4854_p3             |    select|   0|  0|   64|           1|          64|
    |m_41_fu_5151_p3             |    select|   0|  0|   64|           1|          64|
    |m_45_fu_5432_p3             |    select|   0|  0|   64|           1|          64|
    |m_58_fu_995_p3              |    select|   0|  0|   64|           1|          64|
    |m_62_fu_3329_p3             |    select|   0|  0|   64|           1|          64|
    |m_66_fu_2985_p3             |    select|   0|  0|   64|           1|          64|
    |m_79_fu_453_p3              |    select|   0|  0|   32|           1|          32|
    |m_81_fu_1374_p3             |    select|   0|  0|   32|           1|          32|
    |m_83_fu_1086_p3             |    select|   0|  0|   32|           1|          32|
    |m_85_fu_810_p3              |    select|   0|  0|   32|           1|          32|
    |m_87_fu_3142_p3             |    select|   0|  0|   32|           1|          32|
    |m_89_fu_2588_p3             |    select|   0|  0|   32|           1|          32|
    |m_91_fu_4673_p3             |    select|   0|  0|   32|           1|          32|
    |m_93_fu_4969_p3             |    select|   0|  0|   32|           1|          32|
    |m_95_fu_5250_p3             |    select|   0|  0|   32|           1|          32|
    |m_fu_703_p3                 |    select|   0|  0|   64|           1|          64|
    |man_V_11_fu_5848_p3         |    select|   0|  0|   54|           1|          54|
    |man_V_14_fu_2750_p3         |    select|   0|  0|   54|           1|          54|
    |man_V_17_fu_6192_p3         |    select|   0|  0|   54|           1|          54|
    |man_V_20_fu_2269_p3         |    select|   0|  0|   54|           1|          54|
    |man_V_23_fu_3781_p3         |    select|   0|  0|   54|           1|          54|
    |man_V_26_fu_3482_p3         |    select|   0|  0|   54|           1|          54|
    |man_V_29_fu_6489_p3         |    select|   0|  0|   54|           1|          54|
    |man_V_2_fu_2045_p3          |    select|   0|  0|   54|           1|          54|
    |man_V_32_fu_4376_p3         |    select|   0|  0|   54|           1|          54|
    |man_V_35_fu_4005_p3         |    select|   0|  0|   54|           1|          54|
    |man_V_5_fu_1738_p3          |    select|   0|  0|   54|           1|          54|
    |man_V_8_fu_5639_p3          |    select|   0|  0|   54|           1|          54|
    |select_ln582_1_fu_2377_p3   |    select|   0|  0|   32|           1|          32|
    |select_ln582_fu_2858_p3     |    select|   0|  0|   32|           1|          32|
    |select_ln585_10_fu_6689_p3  |    select|   0|  0|   32|           1|           1|
    |select_ln585_11_fu_6703_p3  |    select|   0|  0|   32|           1|          32|
    |select_ln585_12_fu_4554_p3  |    select|   0|  0|   32|           1|          32|
    |select_ln585_13_fu_4568_p3  |    select|   0|  0|   32|           1|          32|
    |select_ln585_14_fu_4576_p3  |    select|   0|  0|   32|           1|           1|
    |select_ln585_15_fu_4590_p3  |    select|   0|  0|   32|           1|          32|
    |select_ln585_16_fu_4183_p3  |    select|   0|  0|   32|           1|          32|
    |select_ln585_17_fu_4197_p3  |    select|   0|  0|   32|           1|          32|
    |select_ln585_18_fu_4205_p3  |    select|   0|  0|   32|           1|           1|
    |select_ln585_19_fu_4219_p3  |    select|   0|  0|   32|           1|          32|
    |select_ln585_1_fu_3107_p3   |    select|   0|  0|   32|           1|           1|
    |select_ln585_2_fu_6370_p3   |    select|   0|  0|   32|           1|          32|
    |select_ln585_3_fu_6384_p3   |    select|   0|  0|   32|           1|          32|
    |select_ln585_4_fu_6392_p3   |    select|   0|  0|   32|           1|           1|
    |select_ln585_5_fu_6406_p3   |    select|   0|  0|   32|           1|          32|
    |select_ln585_6_fu_2409_p3   |    select|   0|  0|   32|           1|          32|
    |select_ln585_7_fu_2553_p3   |    select|   0|  0|   32|           1|           1|
    |select_ln585_8_fu_6667_p3   |    select|   0|  0|   32|           1|          32|
    |select_ln585_9_fu_6681_p3   |    select|   0|  0|   32|           1|          32|
    |select_ln585_fu_2890_p3     |    select|   0|  0|   32|           1|          32|
    |select_ln588_1_fu_2486_p3   |    select|   0|  0|    2|           1|           2|
    |select_ln588_2_fu_5952_p3   |    select|   0|  0|    2|           1|           2|
    |select_ln588_3_fu_6080_p3   |    select|   0|  0|    2|           1|           2|
    |select_ln588_4_fu_3685_p3   |    select|   0|  0|    2|           1|           2|
    |select_ln588_5_fu_4291_p3   |    select|   0|  0|    2|           1|           2|
    |select_ln588_fu_1941_p3     |    select|   0|  0|    2|           1|           2|
    |select_ln603_10_fu_6112_p3  |    select|   0|  0|    2|           1|           1|
    |select_ln603_11_fu_6120_p3  |    select|   0|  0|    2|           1|           1|
    |select_ln603_12_fu_3086_p3  |    select|   0|  0|   32|           1|          32|
    |select_ln603_13_fu_2532_p3  |    select|   0|  0|   32|           1|          32|
    |select_ln603_14_fu_3698_p3  |    select|   0|  0|   32|           1|          32|
    |select_ln603_15_fu_3650_p3  |    select|   0|  0|   32|           1|          32|
    |select_ln603_16_fu_3705_p3  |    select|   0|  0|   32|           1|          32|
    |select_ln603_17_fu_4299_p3  |    select|   0|  0|    2|           1|           1|
    |select_ln603_18_fu_3945_p3  |    select|   0|  0|    2|           1|           1|
    |select_ln603_19_fu_4306_p3  |    select|   0|  0|    2|           1|           1|
    |select_ln603_1_fu_1906_p3   |    select|   0|  0|   32|           1|          32|
    |select_ln603_2_fu_1961_p3   |    select|   0|  0|   32|           1|          32|
    |select_ln603_3_fu_2494_p3   |    select|   0|  0|    2|           1|           1|
    |select_ln603_4_fu_2209_p3   |    select|   0|  0|    2|           1|           1|
    |select_ln603_5_fu_2501_p3   |    select|   0|  0|    2|           1|           1|
    |select_ln603_6_fu_6030_p3   |    select|   0|  0|   32|           1|          32|
    |select_ln603_7_fu_6044_p3   |    select|   0|  0|   32|           1|          32|
    |select_ln603_8_fu_6058_p3   |    select|   0|  0|   32|           1|          32|
    |select_ln603_9_fu_6088_p3   |    select|   0|  0|    2|           1|           1|
    |select_ln603_fu_1954_p3     |    select|   0|  0|   32|           1|          32|
    |select_ln935_2_fu_1662_p3   |    select|   0|  0|   32|           1|           1|
    |select_ln935_3_fu_1366_p3   |    select|   0|  0|   32|           1|           1|
    |select_ln935_4_fu_4945_p3   |    select|   0|  0|   32|           1|          32|
    |select_ln935_5_fu_5242_p3   |    select|   0|  0|   32|           1|           1|
    |select_ln935_6_fu_5523_p3   |    select|   0|  0|   32|           1|           1|
    |select_ln935_7_fu_1079_p3   |    select|   0|  0|   32|           1|          32|
    |select_ln935_8_fu_3415_p3   |    select|   0|  0|   32|           1|           1|
    |select_ln935_9_fu_3071_p3   |    select|   0|  0|   32|           1|           1|
    |select_ln935_fu_787_p3      |    select|   0|  0|   32|           1|          32|
    |select_ln943_10_fu_3025_p3  |    select|   0|  0|    7|           1|           7|
    |select_ln943_3_fu_1617_p3   |    select|   0|  0|    7|           1|           7|
    |select_ln943_4_fu_1321_p3   |    select|   0|  0|    7|           1|           7|
    |select_ln943_5_fu_4894_p3   |    select|   0|  0|    7|           1|           7|
    |select_ln943_6_fu_5191_p3   |    select|   0|  0|    7|           1|           7|
    |select_ln943_7_fu_5472_p3   |    select|   0|  0|    7|           1|           7|
    |select_ln943_8_fu_1033_p3   |    select|   0|  0|    7|           1|           7|
    |select_ln943_9_fu_3369_p3   |    select|   0|  0|    7|           1|           7|
    |select_ln943_fu_741_p3      |    select|   0|  0|    7|           1|           7|
    |select_ln946_10_fu_2957_p3  |    select|   0|  0|    2|           1|           1|
    |select_ln946_3_fu_1526_p3   |    select|   0|  0|    2|           1|           1|
    |select_ln946_4_fu_1238_p3   |    select|   0|  0|    2|           1|           1|
    |select_ln946_5_fu_4822_p3   |    select|   0|  0|    2|           1|           1|
    |select_ln946_6_fu_5119_p3   |    select|   0|  0|    2|           1|           1|
    |select_ln946_7_fu_5400_p3   |    select|   0|  0|    2|           1|           1|
    |select_ln946_8_fu_942_p3    |    select|   0|  0|    2|           1|           1|
    |select_ln946_9_fu_3301_p3   |    select|   0|  0|    2|           1|           1|
    |select_ln946_fu_585_p3      |    select|   0|  0|    2|           1|           1|
    |select_ln958_11_fu_4846_p3  |    select|   0|  0|    2|           1|           1|
    |select_ln958_13_fu_5143_p3  |    select|   0|  0|    2|           1|           1|
    |select_ln958_15_fu_5424_p3  |    select|   0|  0|    2|           1|           1|
    |select_ln958_17_fu_950_p3   |    select|   0|  0|    2|           1|           1|
    |select_ln958_19_fu_3321_p3  |    select|   0|  0|    2|           1|           1|
    |select_ln958_21_fu_2977_p3  |    select|   0|  0|    2|           1|           1|
    |select_ln958_7_fu_1550_p3   |    select|   0|  0|    2|           1|           1|
    |select_ln958_9_fu_1262_p3   |    select|   0|  0|    2|           1|           1|
    |select_ln958_fu_593_p3      |    select|   0|  0|    2|           1|           1|
    |sh_amt_10_fu_4414_p3        |    select|   0|  0|   12|           1|          12|
    |sh_amt_11_fu_4043_p3        |    select|   0|  0|   12|           1|          12|
    |sh_amt_1_fu_1776_p3         |    select|   0|  0|   12|           1|          12|
    |sh_amt_2_fu_5670_p3         |    select|   0|  0|   12|           1|          12|
    |sh_amt_3_fu_5879_p3         |    select|   0|  0|   12|           1|          12|
    |sh_amt_4_fu_2788_p3         |    select|   0|  0|   12|           1|          12|
    |sh_amt_5_fu_6230_p3         |    select|   0|  0|   12|           1|          12|
    |sh_amt_6_fu_2307_p3         |    select|   0|  0|   12|           1|          12|
    |sh_amt_7_fu_3819_p3         |    select|   0|  0|   12|           1|          12|
    |sh_amt_8_fu_3520_p3         |    select|   0|  0|   12|           1|          12|
    |sh_amt_9_fu_6527_p3         |    select|   0|  0|   12|           1|          12|
    |sh_amt_fu_2083_p3           |    select|   0|  0|   12|           1|          12|
    |shl_ln604_10_fu_4476_p2     |       shl|   0|  0|  100|          32|          32|
    |shl_ln604_11_fu_4105_p2     |       shl|   0|  0|  100|          32|          32|
    |shl_ln604_1_fu_5740_p2      |       shl|   0|  0|  100|          32|          32|
    |shl_ln604_2_fu_1949_p2      |       shl|   0|  0|  100|          32|          32|
    |shl_ln604_3_fu_5960_p2      |       shl|   0|  0|  100|          32|          32|
    |shl_ln604_4_fu_3081_p2      |       shl|   0|  0|  100|          32|          32|
    |shl_ln604_5_fu_6292_p2      |       shl|   0|  0|  100|          32|          32|
    |shl_ln604_6_fu_2527_p2      |       shl|   0|  0|  100|          32|          32|
    |shl_ln604_7_fu_6589_p2      |       shl|   0|  0|  100|          32|          32|
    |shl_ln604_8_fu_4257_p2      |       shl|   0|  0|  100|          32|          32|
    |shl_ln604_9_fu_3693_p2      |       shl|   0|  0|  100|          32|          32|
    |shl_ln604_fu_2452_p2        |       shl|   0|  0|  100|          32|          32|
    |shl_ln949_10_fu_2662_p2     |       shl|   0|  0|  100|           1|          32|
    |shl_ln949_3_fu_4744_p2      |       shl|   0|  0|  100|           1|          32|
    |shl_ln949_4_fu_1448_p2      |       shl|   0|  0|  100|           1|          32|
    |shl_ln949_5_fu_5041_p2      |       shl|   0|  0|  100|           1|          32|
    |shl_ln949_6_fu_1160_p2      |       shl|   0|  0|  100|           1|          32|
    |shl_ln949_7_fu_5322_p2      |       shl|   0|  0|  100|           1|          32|
    |shl_ln949_8_fu_884_p2       |       shl|   0|  0|  100|           1|          32|
    |shl_ln949_9_fu_3216_p2      |       shl|   0|  0|  100|           1|          32|
    |shl_ln949_fu_527_p2         |       shl|   0|  0|  100|           1|          32|
    |shl_ln959_10_fu_2951_p2     |       shl|   0|  0|  182|          64|          64|
    |shl_ln959_3_fu_4816_p2      |       shl|   0|  0|  182|          64|          64|
    |shl_ln959_4_fu_1520_p2      |       shl|   0|  0|  182|          64|          64|
    |shl_ln959_5_fu_5113_p2      |       shl|   0|  0|  182|          64|          64|
    |shl_ln959_6_fu_1232_p2      |       shl|   0|  0|  182|          64|          64|
    |shl_ln959_7_fu_5394_p2      |       shl|   0|  0|  182|          64|          64|
    |shl_ln959_8_fu_974_p2       |       shl|   0|  0|  182|          64|          64|
    |shl_ln959_9_fu_3295_p2      |       shl|   0|  0|  182|          64|          64|
    |shl_ln959_fu_682_p2         |       shl|   0|  0|  182|          64|          64|
    |ap_enable_pp0               |       xor|   0|  0|    2|           1|           2|
    |xor_ln571_10_fu_4482_p2     |       xor|   0|  0|    2|           1|           2|
    |xor_ln571_11_fu_4111_p2     |       xor|   0|  0|    2|           1|           2|
    |xor_ln571_1_fu_1834_p2      |       xor|   0|  0|    2|           1|           2|
    |xor_ln571_2_fu_5746_p2      |       xor|   0|  0|    2|           1|           2|
    |xor_ln571_3_fu_5966_p2      |       xor|   0|  0|    2|           1|           2|
    |xor_ln571_4_fu_2846_p2      |       xor|   0|  0|    2|           1|           2|
    |xor_ln571_5_fu_6298_p2      |       xor|   0|  0|    2|           1|           2|
    |xor_ln571_6_fu_2365_p2      |       xor|   0|  0|    2|           1|           2|
    |xor_ln571_7_fu_4263_p2      |       xor|   0|  0|    2|           1|           2|
    |xor_ln571_8_fu_3578_p2      |       xor|   0|  0|    2|           1|           2|
    |xor_ln571_9_fu_6595_p2      |       xor|   0|  0|    2|           1|           2|
    |xor_ln571_fu_2458_p2        |       xor|   0|  0|    2|           1|           2|
    |xor_ln581_10_fu_4524_p2     |       xor|   0|  0|    2|           1|           2|
    |xor_ln581_11_fu_4153_p2     |       xor|   0|  0|    2|           1|           2|
    |xor_ln581_1_fu_1888_p2      |       xor|   0|  0|    2|           1|           2|
    |xor_ln581_2_fu_5798_p2      |       xor|   0|  0|    2|           1|           2|
    |xor_ln581_3_fu_6018_p2      |       xor|   0|  0|    2|           1|           2|
    |xor_ln581_4_fu_2904_p2      |       xor|   0|  0|    2|           1|           2|
    |xor_ln581_5_fu_6340_p2      |       xor|   0|  0|    2|           1|           2|
    |xor_ln581_6_fu_2423_p2      |       xor|   0|  0|    2|           1|           2|
    |xor_ln581_7_fu_3911_p2      |       xor|   0|  0|    2|           1|           2|
    |xor_ln581_8_fu_3632_p2      |       xor|   0|  0|    2|           1|           2|
    |xor_ln581_9_fu_6637_p2      |       xor|   0|  0|    2|           1|           2|
    |xor_ln581_fu_2175_p2        |       xor|   0|  0|    2|           1|           2|
    |xor_ln582_10_fu_4500_p2     |       xor|   0|  0|    2|           1|           2|
    |xor_ln582_11_fu_4129_p2     |       xor|   0|  0|    2|           1|           2|
    |xor_ln582_1_fu_1852_p2      |       xor|   0|  0|    2|           1|           2|
    |xor_ln582_2_fu_5762_p2      |       xor|   0|  0|    2|           1|           2|
    |xor_ln582_3_fu_5982_p2      |       xor|   0|  0|    2|           1|           2|
    |xor_ln582_4_fu_2872_p2      |       xor|   0|  0|    2|           1|           2|
    |xor_ln582_5_fu_6316_p2      |       xor|   0|  0|    2|           1|           2|
    |xor_ln582_6_fu_2391_p2      |       xor|   0|  0|    2|           1|           2|
    |xor_ln582_7_fu_3875_p2      |       xor|   0|  0|    2|           1|           2|
    |xor_ln582_8_fu_3596_p2      |       xor|   0|  0|    2|           1|           2|
    |xor_ln582_9_fu_6613_p2      |       xor|   0|  0|    2|           1|           2|
    |xor_ln582_fu_2139_p2        |       xor|   0|  0|    2|           1|           2|
    |xor_ln585_10_fu_4536_p2     |       xor|   0|  0|    2|           1|           2|
    |xor_ln585_11_fu_4165_p2     |       xor|   0|  0|    2|           1|           2|
    |xor_ln585_1_fu_1870_p2      |       xor|   0|  0|    2|           1|           2|
    |xor_ln585_2_fu_5780_p2      |       xor|   0|  0|    2|           1|           2|
    |xor_ln585_3_fu_6000_p2      |       xor|   0|  0|    2|           1|           2|
    |xor_ln585_4_fu_3092_p2      |       xor|   0|  0|    2|           1|           2|
    |xor_ln585_5_fu_6352_p2      |       xor|   0|  0|    2|           1|           2|
    |xor_ln585_6_fu_2538_p2      |       xor|   0|  0|    2|           1|           2|
    |xor_ln585_7_fu_3893_p2      |       xor|   0|  0|    2|           1|           2|
    |xor_ln585_8_fu_3614_p2      |       xor|   0|  0|    2|           1|           2|
    |xor_ln585_9_fu_6649_p2      |       xor|   0|  0|    2|           1|           2|
    |xor_ln585_fu_2157_p2        |       xor|   0|  0|    2|           1|           2|
    |xor_ln949_10_fu_2923_p2     |       xor|   0|  0|    2|           1|           2|
    |xor_ln949_3_fu_1480_p2      |       xor|   0|  0|    2|           1|           2|
    |xor_ln949_4_fu_1192_p2      |       xor|   0|  0|    2|           1|           2|
    |xor_ln949_5_fu_4776_p2      |       xor|   0|  0|    2|           1|           2|
    |xor_ln949_6_fu_5073_p2      |       xor|   0|  0|    2|           1|           2|
    |xor_ln949_7_fu_5354_p2      |       xor|   0|  0|    2|           1|           2|
    |xor_ln949_8_fu_916_p2       |       xor|   0|  0|    2|           1|           2|
    |xor_ln949_9_fu_3267_p2      |       xor|   0|  0|    2|           1|           2|
    |xor_ln949_fu_559_p2         |       xor|   0|  0|    2|           1|           2|
    +----------------------------+----------+----+---+-----+------------+------------+
    |Total                       |          |   0|  0|18294|        7405|        9378|
    +----------------------------+----------+----+---+-----+------------+------------+

    * Multiplexer: 
    +------------------------------------+-----+-----------+-----+-----------+
    |                Name                | LUT | Input Size| Bits| Total Bits|
    +------------------------------------+-----+-----------+-----+-----------+
    |ap_NS_fsm                           |  165|         37|    1|         37|
    |ap_done                             |    9|          2|    1|          2|
    |ap_enable_reg_pp0_iter1             |    9|          2|    1|          2|
    |ap_phi_mux_j_phi_fu_232_p4          |    9|          2|   31|         62|
    |ap_phi_mux_p_Val2_83_phi_fu_252_p4  |    9|          2|   32|         64|
    |ap_phi_mux_p_Val2_s_phi_fu_243_p4   |    9|          2|   32|         64|
    |ap_sig_allocacmp_p_Val2_81          |    9|          2|   32|         64|
    |ap_sig_allocacmp_p_Val2_82          |    9|          2|   32|         64|
    |grp_fu_258_opcode                   |   14|          3|    2|          6|
    |grp_fu_258_p0                       |   59|         11|   32|        352|
    |grp_fu_258_p1                       |   43|          8|   32|        256|
    |grp_fu_263_p0                       |   14|          3|   32|         96|
    |grp_fu_263_p1                       |   14|          3|   32|         96|
    |grp_fu_267_p0                       |   43|          8|   32|        256|
    |grp_fu_270_p0                       |   20|          4|   32|        128|
    |grp_load_fu_281_p1                  |   14|          3|   32|         96|
    |grp_load_fu_299_p1                  |   14|          3|   32|         96|
    |i_blk_n                             |    9|          2|    1|          2|
    |j_reg_228                           |    9|          2|   31|         62|
    |lbVal_constprop_o                   |   20|          4|   32|        128|
    |left_bound                          |   20|          4|   32|        128|
    |left_bound_preg                     |   14|          3|   32|         96|
    |points_address0                     |   20|          4|   12|         48|
    |rbVal_constprop_o                   |   20|          4|   32|        128|
    +------------------------------------+-----+-----------+-----+-----------+
    |Total                               |  575|        120|  592|       2333|
    +------------------------------------+-----+-----------+-----+-----------+

    * Register: 
    +--------------------------------------------------+----+----+-----+-----------+
    |                       Name                       | FF | LUT| Bits| Const Bits|
    +--------------------------------------------------+----+----+-----+-----------+
    |add_ln45_reg_6766                                 |  31|   0|   31|          0|
    |and_ln1495_11_reg_7267                            |   1|   0|    1|          0|
    |and_ln1495_1_reg_7075                             |   1|   0|    1|          0|
    |and_ln1495_3_reg_7461                             |   1|   0|    1|          0|
    |and_ln1495_5_reg_6990                             |   1|   0|    1|          0|
    |and_ln1495_7_reg_7465                             |   1|   0|    1|          0|
    |and_ln1495_9_reg_7312                             |   1|   0|    1|          0|
    |and_ln581_4_reg_7147                              |   1|   0|    1|          0|
    |and_ln581_6_reg_7060                              |   1|   0|    1|          0|
    |and_ln585_14_reg_7291                             |   1|   0|    1|          0|
    |and_ln585_reg_7019                                |   1|   0|    1|          0|
    |and_ln603_1_reg_6970                              |   1|   0|    1|          0|
    |and_ln603_4_reg_7157                              |   1|   0|    1|          0|
    |and_ln603_6_reg_7070                              |   1|   0|    1|          0|
    |and_ln603_7_reg_7296                              |   1|   0|    1|          0|
    |and_ln603_8_reg_7247                              |   1|   0|    1|          0|
    |and_ln603_reg_7024                                |   1|   0|    1|          0|
    |ap_CS_fsm                                         |  36|   0|   36|          0|
    |ap_done_reg                                       |   1|   0|    1|          0|
    |ap_enable_reg_pp0_iter0                           |   1|   0|    1|          0|
    |ap_enable_reg_pp0_iter1                           |   1|   0|    1|          0|
    |ap_phi_reg_pp0_iter0_p_Val2_83_reg_249            |  32|   0|   32|          0|
    |ap_phi_reg_pp0_iter0_p_Val2_s_reg_240             |  32|   0|   32|          0|
    |bitcast_ln351_2_reg_6922                          |  31|   0|   32|          1|
    |bitcast_ln351_3_reg_7386                          |  31|   0|   32|          1|
    |bitcast_ln351_4_reg_7392                          |  31|   0|   32|          1|
    |bitcast_ln351_5_reg_7226                          |  31|   0|   32|          1|
    |bitcast_ln351_6_reg_7215                          |  31|   0|   32|          1|
    |bitcast_ln351_reg_6938                            |  31|   0|   32|          1|
    |empty_reg_6739                                    |   1|   0|    1|          0|
    |exp_tmp_1_reg_7409                                |  11|   0|   11|          0|
    |exp_tmp_3_reg_7430                                |  11|   0|   11|          0|
    |get_trapezoid_edgestrapezoid_edges_load_reg_6753  |  32|   0|   32|          0|
    |i_2_reg_6717                                      |   3|   0|    3|          0|
    |icmp_ln45_reg_6771                                |   1|   0|    1|          0|
    |icmp_ln571_1_reg_7419                             |   1|   0|    1|          0|
    |icmp_ln571_3_reg_7440                             |   1|   0|    1|          0|
    |icmp_ln571_4_reg_7127                             |   1|   0|    1|          0|
    |icmp_ln571_6_reg_7040                             |   1|   0|    1|          0|
    |icmp_ln571_8_reg_7276                             |   1|   0|    1|          0|
    |icmp_ln571_reg_7004                               |   1|   0|    1|          0|
    |icmp_ln582_8_reg_7286                             |   1|   0|    1|          0|
    |icmp_ln582_reg_7014                               |   1|   0|    1|          0|
    |icmp_ln585_4_reg_7142                             |   1|   0|    1|          0|
    |icmp_ln585_6_reg_7055                             |   1|   0|    1|          0|
    |icmp_ln935_7_reg_6831                             |   1|   0|    1|          0|
    |icmp_ln935_8_reg_7167                             |   1|   0|    1|          0|
    |icmp_ln935_9_reg_7079                             |   1|   0|    1|          0|
    |icmp_ln935_reg_6780                               |   1|   0|    1|          0|
    |icmp_ln946_10_reg_7106                            |   1|   0|    1|          0|
    |icmp_ln946_9_reg_7194                             |   1|   0|    1|          0|
    |icmp_ln949_10_reg_7111                            |   1|   0|    1|          0|
    |icmp_ln949_9_reg_7199                             |   1|   0|    1|          0|
    |icmp_ln958_8_reg_6852                             |   1|   0|    1|          0|
    |icmp_ln958_reg_6801                               |   1|   0|    1|          0|
    |j_1_reg_6743                                      |  31|   0|   31|          0|
    |j_2_reg_6748                                      |  31|   0|   32|          1|
    |j_reg_228                                         |  31|   0|   31|          0|
    |left_bound_preg                                   |  32|   0|   32|          0|
    |lsb_index_10_reg_7100                             |  32|   0|   32|          0|
    |lsb_index_9_reg_7188                              |  32|   0|   32|          0|
    |m_79_reg_6790                                     |  32|   0|   32|          0|
    |m_82_reg_6907                                     |  63|   0|   63|          0|
    |m_84_reg_6877                                     |  63|   0|   63|          0|
    |m_85_reg_6841                                     |  32|   0|   32|          0|
    |m_87_reg_7177                                     |  32|   0|   32|          0|
    |m_89_reg_7089                                     |  32|   0|   32|          0|
    |man_V_23_reg_7271                                 |  54|   0|   54|          0|
    |man_V_2_reg_6999                                  |  54|   0|   54|          0|
    |num_points_load_reg_6732                          |  32|   0|   32|          0|
    |or_ln603_11_reg_7456                              |   1|   0|    1|          0|
    |or_ln603_12_reg_7301                              |   1|   0|    1|          0|
    |or_ln603_15_reg_7252                              |   1|   0|    1|          0|
    |or_ln603_17_reg_7262                              |   1|   0|    1|          0|
    |or_ln603_3_reg_6975                               |   1|   0|    1|          0|
    |or_ln603_5_reg_6985                               |   1|   0|    1|          0|
    |or_ln603_reg_7029                                 |   1|   0|    1|          0|
    |p_Result_139_reg_6785                             |   1|   0|    1|          0|
    |p_Result_143_reg_6928                             |  31|   0|   31|          0|
    |p_Result_144_reg_6902                             |   1|   0|    1|          0|
    |p_Result_150_reg_6892                             |  31|   0|   31|          0|
    |p_Result_151_reg_6872                             |   1|   0|    1|          0|
    |p_Result_161_reg_6836                             |   1|   0|    1|          0|
    |p_Result_165_reg_6994                             |  31|   0|   31|          0|
    |p_Result_166_reg_7172                             |   1|   0|    1|          0|
    |p_Result_168_reg_7204                             |   1|   0|    1|          0|
    |p_Result_172_reg_6944                             |  31|   0|   31|          0|
    |p_Result_173_reg_7084                             |   1|   0|    1|          0|
    |p_Result_175_reg_7116                             |   1|   0|    1|          0|
    |p_Result_183_reg_7327                             |   1|   0|    1|          0|
    |p_Result_187_reg_7371                             |  31|   0|   31|          0|
    |p_Result_188_reg_7349                             |   1|   0|    1|          0|
    |p_Result_192_reg_7404                             |   1|   0|    1|          0|
    |p_Result_194_reg_7344                             |  31|   0|   31|          0|
    |p_Result_195_reg_7360                             |   1|   0|    1|          0|
    |p_Result_199_reg_7425                             |   1|   0|    1|          0|
    |p_Result_39_reg_6912                              |   1|   0|    1|          0|
    |p_Result_47_reg_6882                              |   1|   0|    1|          0|
    |reg_317                                           |  32|   0|   32|          0|
    |reg_323                                           |  32|   0|   32|          0|
    |reg_328                                           |  32|   0|   32|          0|
    |reg_333                                           |  32|   0|   32|          0|
    |select_ln585_6_reg_7065                           |  32|   0|   32|          0|
    |select_ln585_reg_7152                             |  32|   0|   32|          0|
    |select_ln603_15_reg_7257                          |  32|   0|   32|          0|
    |select_ln603_18_reg_7307                          |   1|   0|    1|          0|
    |select_ln603_1_reg_6980                           |  32|   0|   32|          0|
    |select_ln603_4_reg_7035                           |   1|   0|    1|          0|
    |select_ln603_8_reg_7451                           |  32|   0|   32|          0|
    |select_ln935_2_reg_6933                           |  32|   0|   32|          0|
    |select_ln935_3_reg_6897                           |  32|   0|   32|          0|
    |select_ln935_4_reg_7338                           |  32|   0|   32|          0|
    |select_ln935_5_reg_7376                           |  32|   0|   32|          0|
    |select_ln935_6_reg_7381                           |  32|   0|   32|          0|
    |select_ln935_7_reg_6867                           |  32|   0|   32|          0|
    |select_ln935_8_reg_7221                           |  32|   0|   32|          0|
    |select_ln935_9_reg_7162                           |  32|   0|   32|          0|
    |select_ln935_reg_6826                             |  32|   0|   32|          0|
    |select_ln958_17_reg_6857                          |   1|   0|    1|          0|
    |select_ln958_reg_6806                             |   1|   0|    1|          0|
    |sh_amt_1_reg_6955                                 |  12|   0|   12|          0|
    |sh_amt_4_reg_7132                                 |  12|   0|   12|          0|
    |sh_amt_6_reg_7045                                 |  12|   0|   12|          0|
    |sh_amt_7_reg_7281                                 |  12|   0|   12|          0|
    |sh_amt_8_reg_7232                                 |  12|   0|   12|          0|
    |sh_amt_reg_7009                                   |  12|   0|   12|          0|
    |shl_ln_reg_6759                                   |   3|   0|   16|         13|
    |sub_ln66_reg_6816                                 |  32|   0|   32|          0|
    |sub_ln66_reg_6816_pp0_iter1_reg                   |  32|   0|   32|          0|
    |sub_ln944_10_reg_7094                             |  32|   0|   32|          0|
    |sub_ln944_8_reg_6846                              |  32|   0|   32|          0|
    |sub_ln944_9_reg_7182                              |  32|   0|   32|          0|
    |sub_ln944_reg_6795                                |  32|   0|   32|          0|
    |tmp_V_14_reg_7333                                 |  32|   0|   32|          0|
    |tmp_V_16_reg_7355                                 |  32|   0|   32|          0|
    |tmp_V_18_reg_7366                                 |  32|   0|   32|          0|
    |trunc_ln565_2_reg_7414                            |  52|   0|   52|          0|
    |trunc_ln565_3_reg_7435                            |  52|   0|   52|          0|
    |trunc_ln583_1_reg_6960                            |  32|   0|   32|          0|
    |trunc_ln583_4_reg_7137                            |  32|   0|   32|          0|
    |trunc_ln583_6_reg_7050                            |  32|   0|   32|          0|
    |trunc_ln583_8_reg_7237                            |  32|   0|   32|          0|
    |trunc_ln943_10_reg_7122                           |   8|   0|    8|          0|
    |trunc_ln943_3_reg_6917                            |   8|   0|    8|          0|
    |trunc_ln943_4_reg_6887                            |   8|   0|    8|          0|
    |trunc_ln943_8_reg_6862                            |   8|   0|    8|          0|
    |trunc_ln943_9_reg_7210                            |   8|   0|    8|          0|
    |trunc_ln943_reg_6811                              |   8|   0|    8|          0|
    |v_assign_9_reg_7398                               |  32|   0|   32|          0|
    |v_assign_reg_6949                                 |  32|   0|   32|          0|
    |xor_ln571_1_reg_6965                              |   1|   0|    1|          0|
    |xor_ln571_3_reg_7446                              |   1|   0|    1|          0|
    |xor_ln571_8_reg_7242                              |   1|   0|    1|          0|
    |z_bits_2_reg_7321                                 |  32|   0|   32|          0|
    +--------------------------------------------------+----+----+-----+-----------+
    |Total                                             |2528|   0| 2548|         20|
    +--------------------------------------------------+----+----+-----+-----------+



================================================================
== Interface
================================================================
* Summary: 
+--------------------------+-----+-----+------------+----------------------------------+--------------+
|         RTL Ports        | Dir | Bits|  Protocol  |           Source Object          |    C Type    |
+--------------------------+-----+-----+------------+----------------------------------+--------------+
|ap_clk                    |   in|    1|  ap_ctrl_hs|  _find_left_and_right_boundaries6|  return value|
|ap_rst                    |   in|    1|  ap_ctrl_hs|  _find_left_and_right_boundaries6|  return value|
|ap_start                  |   in|    1|  ap_ctrl_hs|  _find_left_and_right_boundaries6|  return value|
|ap_done                   |  out|    1|  ap_ctrl_hs|  _find_left_and_right_boundaries6|  return value|
|ap_continue               |   in|    1|  ap_ctrl_hs|  _find_left_and_right_boundaries6|  return value|
|ap_idle                   |  out|    1|  ap_ctrl_hs|  _find_left_and_right_boundaries6|  return value|
|ap_ready                  |  out|    1|  ap_ctrl_hs|  _find_left_and_right_boundaries6|  return value|
|num_points_address0       |  out|    3|   ap_memory|                        num_points|         array|
|num_points_ce0            |  out|    1|   ap_memory|                        num_points|         array|
|num_points_q0             |   in|   32|   ap_memory|                        num_points|         array|
|points_address0           |  out|   12|   ap_memory|                            points|         array|
|points_ce0                |  out|    1|   ap_memory|                            points|         array|
|points_q0                 |   in|  128|   ap_memory|                            points|         array|
|left_bound                |  out|   32|      ap_vld|                        left_bound|       pointer|
|left_bound_ap_vld         |  out|    1|      ap_vld|                        left_bound|       pointer|
|i_dout                    |   in|    3|     ap_fifo|                                 i|       pointer|
|i_empty_n                 |   in|    1|     ap_fifo|                                 i|       pointer|
|i_read                    |  out|    1|     ap_fifo|                                 i|       pointer|
|lbVal_constprop_i         |   in|   32|     ap_ovld|                   lbVal_constprop|       pointer|
|lbVal_constprop_o         |  out|   32|     ap_ovld|                   lbVal_constprop|       pointer|
|lbVal_constprop_o_ap_vld  |  out|    1|     ap_ovld|                   lbVal_constprop|       pointer|
|rbVal_constprop_i         |   in|   32|     ap_ovld|                   rbVal_constprop|       pointer|
|rbVal_constprop_o         |  out|   32|     ap_ovld|                   rbVal_constprop|       pointer|
|rbVal_constprop_o_ap_vld  |  out|    1|     ap_ovld|                   rbVal_constprop|       pointer|
+--------------------------+-----+-----+------------+----------------------------------+--------------+

